2025-08-21 14:23:38.542 [info] Reading sessions from keychain...
2025-08-21 14:23:38.542 [info] Getting sessions for all scopes...
2025-08-21 14:23:38.542 [info] Got stored sessions!
2025-08-21 14:23:38.542 [info] Got 1 verified sessions.
2025-08-21 14:23:38.542 [info] Got 1 sessions for ...
2025-08-21 14:23:38.542 [info] Getting sessions for all scopes...
2025-08-21 14:23:38.542 [info] Got 1 sessions for ...
2025-08-21 14:23:38.542 [info] Getting sessions for all scopes...
2025-08-21 14:23:38.542 [info] Got 1 sessions for ...
2025-08-21 14:23:38.542 [info] Getting sessions for all scopes...
2025-08-21 14:23:38.542 [info] Got 1 sessions for ...
2025-08-21 14:23:38.542 [info] Getting sessions for all scopes...
2025-08-21 14:23:38.542 [info] Got 1 sessions for ...
2025-08-21 14:23:38.542 [info] Getting sessions for all scopes...
2025-08-21 14:23:38.542 [info] Got 1 sessions for ...
2025-08-21 14:23:38.542 [info] Getting sessions for all scopes...
2025-08-21 14:23:38.542 [info] Got 1 sessions for ...
2025-08-21 14:23:38.542 [info] Getting sessions for all scopes...
2025-08-21 14:23:38.542 [info] Got 1 sessions for ...
2025-08-21 14:23:38.542 [info] Getting sessions for all scopes...
2025-08-21 14:23:38.542 [info] Got 1 sessions for ...
2025-08-21 14:23:38.635 [info] Getting sessions for all scopes...
2025-08-21 14:23:38.635 [info] Got 1 sessions for ...
2025-08-21 14:23:38.636 [info] Getting sessions for all scopes...
2025-08-21 14:23:38.636 [info] Got 1 sessions for ...
2025-08-21 14:23:38.636 [info] Getting sessions for all scopes...
2025-08-21 14:23:38.636 [info] Got 1 sessions for ...
2025-08-21 14:23:38.636 [info] Getting sessions for all scopes...
2025-08-21 14:23:38.636 [info] Got 1 sessions for ...
2025-08-21 14:23:38.636 [info] Getting sessions for all scopes...
2025-08-21 14:23:38.636 [info] Got 1 sessions for ...
2025-08-21 14:23:38.636 [info] Getting sessions for all scopes...
2025-08-21 14:23:38.636 [info] Got 1 sessions for ...
2025-08-21 14:23:38.642 [info] Getting sessions for user:email...
2025-08-21 14:23:38.642 [info] Got 1 sessions for user:email...
2025-08-21 14:23:38.747 [info] Getting sessions for all scopes...
2025-08-21 14:23:38.747 [info] Got 1 sessions for ...
2025-08-21 14:23:40.398 [info] Getting sessions for all scopes...
2025-08-21 14:23:40.398 [info] Got 1 sessions for ...
2025-08-21 14:23:40.398 [info] Getting sessions for all scopes...
2025-08-21 14:23:40.398 [info] Got 1 sessions for ...
2025-08-21 14:23:40.403 [info] Getting sessions for all scopes...
2025-08-21 14:23:40.403 [info] Got 1 sessions for ...
2025-08-21 14:24:08.577 [info] Reading sessions from keychain...
2025-08-21 14:24:08.577 [info] Getting sessions for all scopes...
2025-08-21 14:24:08.577 [info] Got stored sessions!
2025-08-21 14:24:08.577 [info] Got 1 verified sessions.
2025-08-21 14:24:08.577 [info] Got 1 sessions for ...
2025-08-21 14:24:08.577 [info] Getting sessions for all scopes...
2025-08-21 14:24:08.577 [info] Got 1 sessions for ...
2025-08-21 14:24:08.577 [info] Getting sessions for all scopes...
2025-08-21 14:24:08.577 [info] Got 1 sessions for ...
2025-08-21 14:24:08.577 [info] Getting sessions for all scopes...
2025-08-21 14:24:08.577 [info] Got 1 sessions for ...
2025-08-21 14:24:08.577 [info] Getting sessions for all scopes...
2025-08-21 14:24:08.577 [info] Got 1 sessions for ...
2025-08-21 14:24:08.577 [info] Getting sessions for all scopes...
2025-08-21 14:24:08.577 [info] Got 1 sessions for ...
2025-08-21 14:24:08.577 [info] Getting sessions for all scopes...
2025-08-21 14:24:08.577 [info] Got 1 sessions for ...
2025-08-21 14:24:08.577 [info] Getting sessions for all scopes...
2025-08-21 14:24:08.577 [info] Got 1 sessions for ...
2025-08-21 14:24:08.577 [info] Getting sessions for all scopes...
2025-08-21 14:24:08.577 [info] Got 1 sessions for ...
2025-08-21 14:24:08.577 [info] Getting sessions for all scopes...
2025-08-21 14:24:08.577 [info] Got 1 sessions for ...
2025-08-21 14:24:08.577 [info] Getting sessions for all scopes...
2025-08-21 14:24:08.577 [info] Got 1 sessions for ...
2025-08-21 14:24:08.577 [info] Getting sessions for all scopes...
2025-08-21 14:24:08.577 [info] Got 1 sessions for ...
2025-08-21 14:24:08.577 [info] Getting sessions for all scopes...
2025-08-21 14:24:08.577 [info] Got 1 sessions for ...
2025-08-21 14:24:08.577 [info] Getting sessions for all scopes...
2025-08-21 14:24:08.577 [info] Got 1 sessions for ...
2025-08-21 14:24:08.636 [info] Getting sessions for user:email...
2025-08-21 14:24:08.636 [info] Got 1 sessions for user:email...
2025-08-21 14:24:08.729 [info] Getting sessions for all scopes...
2025-08-21 14:24:08.729 [info] Got 1 sessions for ...
2025-08-21 14:24:10.422 [info] Getting sessions for all scopes...
2025-08-21 14:24:10.422 [info] Got 1 sessions for ...
2025-08-21 14:24:10.422 [info] Getting sessions for all scopes...
2025-08-21 14:24:10.422 [info] Got 1 sessions for ...
2025-08-21 14:24:10.428 [info] Getting sessions for all scopes...
2025-08-21 14:24:10.428 [info] Got 1 sessions for ...
