[INFO 12:49:32 AM] alexdauenhauer.catppuccin-noctis-icons activated
[INFO 12:49:32 AM] catppuccin-noctis-icons.hidesExplorerArrows changed, updating to false
[INFO 12:49:32 AM] catppuccin-noctis-icons.folders.associations changed, updating to undefined
[INFO 12:49:32 AM] catppuccin-noctis-icons.files.associations changed, updating to undefined
[INFO 12:49:32 AM] catppuccin-noctis-icons.hidesExplorerArrows changed, updating to false
[INFO 12:49:32 AM] catppuccin-noctis-icons.folders.associations changed, updating to undefined
[INFO 12:49:32 AM] catppuccin-noctis-icons.files.associations changed, updating to undefined
[INFO 12:49:32 AM] catppuccin-noctis-icons.hidesExplorerArrows changed, updating to false
[INFO 12:49:32 AM] catppuccin-noctis-icons.folders.associations changed, updating to undefined
[INFO 12:49:32 AM] catppuccin-noctis-icons.files.associations changed, updating to undefined
[INFO 12:52:58 AM] catppuccin-noctis-icons.hidesExplorerArrows changed, updating to false
[INFO 12:52:58 AM] catppuccin-noctis-icons.folders.associations changed, updating to undefined
[INFO 12:52:58 AM] catppuccin-noctis-icons.files.associations changed, updating to undefined
[INFO 12:53:40 AM] catppuccin-noctis-icons.hidesExplorerArrows changed, updating to false
[INFO 12:53:40 AM] catppuccin-noctis-icons.folders.associations changed, updating to undefined
[INFO 12:53:40 AM] catppuccin-noctis-icons.files.associations changed, updating to undefined
[INFO 12:53:50 AM] catppuccin-noctis-icons.hidesExplorerArrows changed, updating to false
[INFO 12:53:50 AM] catppuccin-noctis-icons.folders.associations changed, updating to undefined
[INFO 12:53:50 AM] catppuccin-noctis-icons.files.associations changed, updating to undefined
[INFO 12:55:02 AM] catppuccin-noctis-icons.hidesExplorerArrows changed, updating to false
[INFO 12:55:02 AM] catppuccin-noctis-icons.folders.associations changed, updating to undefined
[INFO 12:55:02 AM] catppuccin-noctis-icons.files.associations changed, updating to undefined
[INFO 12:55:33 AM] catppuccin-noctis-icons.hidesExplorerArrows changed, updating to false
[INFO 12:55:33 AM] catppuccin-noctis-icons.folders.associations changed, updating to undefined
[INFO 12:55:33 AM] catppuccin-noctis-icons.files.associations changed, updating to undefined
[INFO 12:57:11 AM] catppuccin-noctis-icons.hidesExplorerArrows changed, updating to false
[INFO 12:57:11 AM] catppuccin-noctis-icons.folders.associations changed, updating to undefined
[INFO 12:57:11 AM] catppuccin-noctis-icons.files.associations changed, updating to undefined
[INFO 12:57:17 AM] catppuccin-noctis-icons.hidesExplorerArrows changed, updating to false
[INFO 12:57:17 AM] catppuccin-noctis-icons.folders.associations changed, updating to undefined
[INFO 12:57:17 AM] catppuccin-noctis-icons.files.associations changed, updating to undefined
[INFO 12:57:34 AM] catppuccin-noctis-icons.hidesExplorerArrows changed, updating to false
[INFO 12:57:34 AM] catppuccin-noctis-icons.folders.associations changed, updating to undefined
[INFO 12:57:34 AM] catppuccin-noctis-icons.files.associations changed, updating to undefined
[INFO 1:00:27 AM] catppuccin-noctis-icons.hidesExplorerArrows changed, updating to false
[INFO 1:00:27 AM] catppuccin-noctis-icons.folders.associations changed, updating to undefined
[INFO 1:00:27 AM] catppuccin-noctis-icons.files.associations changed, updating to undefined
[INFO 1:03:00 AM] catppuccin-noctis-icons.hidesExplorerArrows changed, updating to false
[INFO 1:03:00 AM] catppuccin-noctis-icons.folders.associations changed, updating to undefined
[INFO 1:03:00 AM] catppuccin-noctis-icons.files.associations changed, updating to undefined
[INFO 1:03:16 AM] catppuccin-noctis-icons.hidesExplorerArrows changed, updating to false
[INFO 1:03:16 AM] catppuccin-noctis-icons.folders.associations changed, updating to undefined
[INFO 1:03:16 AM] catppuccin-noctis-icons.files.associations changed, updating to undefined
[INFO 1:03:31 AM] catppuccin-noctis-icons.hidesExplorerArrows changed, updating to false
[INFO 1:03:31 AM] catppuccin-noctis-icons.folders.associations changed, updating to undefined
[INFO 1:03:31 AM] catppuccin-noctis-icons.files.associations changed, updating to undefined
[INFO 1:04:02 AM] catppuccin-noctis-icons.hidesExplorerArrows changed, updating to false
[INFO 1:04:02 AM] catppuccin-noctis-icons.folders.associations changed, updating to undefined
[INFO 1:04:02 AM] catppuccin-noctis-icons.files.associations changed, updating to undefined
[INFO 1:04:33 AM] catppuccin-noctis-icons.hidesExplorerArrows changed, updating to false
[INFO 1:04:33 AM] catppuccin-noctis-icons.folders.associations changed, updating to undefined
[INFO 1:04:33 AM] catppuccin-noctis-icons.files.associations changed, updating to undefined
[INFO 1:05:39 AM] catppuccin-noctis-icons.hidesExplorerArrows changed, updating to false
[INFO 1:05:39 AM] catppuccin-noctis-icons.folders.associations changed, updating to undefined
[INFO 1:05:39 AM] catppuccin-noctis-icons.files.associations changed, updating to undefined
[INFO 1:06:55 AM] catppuccin-noctis-icons.hidesExplorerArrows changed, updating to false
[INFO 1:06:55 AM] catppuccin-noctis-icons.folders.associations changed, updating to undefined
[INFO 1:06:55 AM] catppuccin-noctis-icons.files.associations changed, updating to undefined
[INFO 1:07:11 AM] catppuccin-noctis-icons.hidesExplorerArrows changed, updating to false
[INFO 1:07:11 AM] catppuccin-noctis-icons.folders.associations changed, updating to undefined
[INFO 1:07:11 AM] catppuccin-noctis-icons.files.associations changed, updating to undefined
[INFO 1:07:27 AM] catppuccin-noctis-icons.hidesExplorerArrows changed, updating to false
[INFO 1:07:27 AM] catppuccin-noctis-icons.folders.associations changed, updating to undefined
[INFO 1:07:27 AM] catppuccin-noctis-icons.files.associations changed, updating to undefined
[INFO 1:07:37 AM] catppuccin-noctis-icons.hidesExplorerArrows changed, updating to false
[INFO 1:07:37 AM] catppuccin-noctis-icons.folders.associations changed, updating to undefined
[INFO 1:07:37 AM] catppuccin-noctis-icons.files.associations changed, updating to undefined
[INFO 1:07:54 AM] catppuccin-noctis-icons.hidesExplorerArrows changed, updating to false
[INFO 1:07:54 AM] catppuccin-noctis-icons.folders.associations changed, updating to undefined
[INFO 1:07:54 AM] catppuccin-noctis-icons.files.associations changed, updating to undefined
[INFO 1:08:09 AM] catppuccin-noctis-icons.hidesExplorerArrows changed, updating to false
[INFO 1:08:09 AM] catppuccin-noctis-icons.folders.associations changed, updating to undefined
[INFO 1:08:09 AM] catppuccin-noctis-icons.files.associations changed, updating to undefined
[INFO 1:08:32 AM] catppuccin-noctis-icons.hidesExplorerArrows changed, updating to false
[INFO 1:08:32 AM] catppuccin-noctis-icons.folders.associations changed, updating to undefined
[INFO 1:08:32 AM] catppuccin-noctis-icons.files.associations changed, updating to undefined
[INFO 1:08:45 AM] catppuccin-noctis-icons.hidesExplorerArrows changed, updating to false
[INFO 1:08:45 AM] catppuccin-noctis-icons.folders.associations changed, updating to undefined
[INFO 1:08:45 AM] catppuccin-noctis-icons.files.associations changed, updating to undefined
[INFO 1:09:11 AM] catppuccin-noctis-icons.hidesExplorerArrows changed, updating to false
[INFO 1:09:11 AM] catppuccin-noctis-icons.folders.associations changed, updating to undefined
[INFO 1:09:11 AM] catppuccin-noctis-icons.files.associations changed, updating to undefined
[INFO 1:09:59 AM] catppuccin-noctis-icons.hidesExplorerArrows changed, updating to false
[INFO 1:09:59 AM] catppuccin-noctis-icons.folders.associations changed, updating to undefined
[INFO 1:09:59 AM] catppuccin-noctis-icons.files.associations changed, updating to undefined
[INFO 1:10:59 AM] catppuccin-noctis-icons.hidesExplorerArrows changed, updating to false
[INFO 1:10:59 AM] catppuccin-noctis-icons.folders.associations changed, updating to undefined
[INFO 1:10:59 AM] catppuccin-noctis-icons.files.associations changed, updating to undefined
[INFO 1:11:07 AM] catppuccin-noctis-icons.hidesExplorerArrows changed, updating to false
[INFO 1:11:07 AM] catppuccin-noctis-icons.folders.associations changed, updating to undefined
[INFO 1:11:07 AM] catppuccin-noctis-icons.files.associations changed, updating to undefined
[INFO 1:11:13 AM] catppuccin-noctis-icons.hidesExplorerArrows changed, updating to false
[INFO 1:11:13 AM] catppuccin-noctis-icons.folders.associations changed, updating to undefined
[INFO 1:11:13 AM] catppuccin-noctis-icons.files.associations changed, updating to undefined
[INFO 1:11:33 AM] catppuccin-noctis-icons.hidesExplorerArrows changed, updating to false
[INFO 1:11:33 AM] catppuccin-noctis-icons.folders.associations changed, updating to undefined
[INFO 1:11:33 AM] catppuccin-noctis-icons.files.associations changed, updating to undefined
[INFO 1:12:14 AM] catppuccin-noctis-icons.hidesExplorerArrows changed, updating to false
[INFO 1:12:14 AM] catppuccin-noctis-icons.folders.associations changed, updating to undefined
[INFO 1:12:14 AM] catppuccin-noctis-icons.files.associations changed, updating to undefined
[INFO 1:12:27 AM] catppuccin-noctis-icons.hidesExplorerArrows changed, updating to false
[INFO 1:12:27 AM] catppuccin-noctis-icons.folders.associations changed, updating to undefined
[INFO 1:12:27 AM] catppuccin-noctis-icons.files.associations changed, updating to undefined
[INFO 1:12:33 AM] catppuccin-noctis-icons.hidesExplorerArrows changed, updating to false
[INFO 1:12:33 AM] catppuccin-noctis-icons.folders.associations changed, updating to undefined
[INFO 1:12:33 AM] catppuccin-noctis-icons.files.associations changed, updating to undefined
[INFO 1:12:38 AM] catppuccin-noctis-icons.hidesExplorerArrows changed, updating to false
[INFO 1:12:38 AM] catppuccin-noctis-icons.folders.associations changed, updating to undefined
[INFO 1:12:38 AM] catppuccin-noctis-icons.files.associations changed, updating to undefined
[INFO 1:12:53 AM] catppuccin-noctis-icons.hidesExplorerArrows changed, updating to false
[INFO 1:12:53 AM] catppuccin-noctis-icons.folders.associations changed, updating to undefined
[INFO 1:12:53 AM] catppuccin-noctis-icons.files.associations changed, updating to undefined
[INFO 1:13:21 AM] catppuccin-noctis-icons.hidesExplorerArrows changed, updating to false
[INFO 1:13:21 AM] catppuccin-noctis-icons.folders.associations changed, updating to undefined
[INFO 1:13:21 AM] catppuccin-noctis-icons.files.associations changed, updating to undefined
[INFO 1:13:27 AM] catppuccin-noctis-icons.hidesExplorerArrows changed, updating to false
[INFO 1:13:27 AM] catppuccin-noctis-icons.folders.associations changed, updating to undefined
[INFO 1:13:27 AM] catppuccin-noctis-icons.files.associations changed, updating to undefined
[INFO 1:13:48 AM] catppuccin-noctis-icons.hidesExplorerArrows changed, updating to false
[INFO 1:13:48 AM] catppuccin-noctis-icons.folders.associations changed, updating to undefined
[INFO 1:13:48 AM] catppuccin-noctis-icons.files.associations changed, updating to undefined
[INFO 1:13:51 AM] catppuccin-noctis-icons.hidesExplorerArrows changed, updating to false
[INFO 1:13:51 AM] catppuccin-noctis-icons.folders.associations changed, updating to undefined
[INFO 1:13:51 AM] catppuccin-noctis-icons.files.associations changed, updating to undefined
[INFO 1:14:19 AM] catppuccin-noctis-icons.hidesExplorerArrows changed, updating to false
[INFO 1:14:19 AM] catppuccin-noctis-icons.folders.associations changed, updating to undefined
[INFO 1:14:19 AM] catppuccin-noctis-icons.files.associations changed, updating to undefined
[INFO 1:15:00 AM] catppuccin-noctis-icons.hidesExplorerArrows changed, updating to false
[INFO 1:15:00 AM] catppuccin-noctis-icons.folders.associations changed, updating to undefined
[INFO 1:15:00 AM] catppuccin-noctis-icons.files.associations changed, updating to undefined
[INFO 1:19:55 AM] catppuccin-noctis-icons.hidesExplorerArrows changed, updating to false
[INFO 1:19:55 AM] catppuccin-noctis-icons.folders.associations changed, updating to undefined
[INFO 1:19:55 AM] catppuccin-noctis-icons.files.associations changed, updating to undefined
[INFO 1:19:56 AM] catppuccin-noctis-icons.hidesExplorerArrows changed, updating to false
[INFO 1:19:56 AM] catppuccin-noctis-icons.folders.associations changed, updating to undefined
[INFO 1:19:56 AM] catppuccin-noctis-icons.files.associations changed, updating to undefined
[INFO 1:19:57 AM] catppuccin-noctis-icons.hidesExplorerArrows changed, updating to false
[INFO 1:19:57 AM] catppuccin-noctis-icons.folders.associations changed, updating to undefined
[INFO 1:19:57 AM] catppuccin-noctis-icons.files.associations changed, updating to undefined
[INFO 1:20:38 AM] catppuccin-noctis-icons.hidesExplorerArrows changed, updating to false
[INFO 1:20:38 AM] catppuccin-noctis-icons.folders.associations changed, updating to undefined
[INFO 1:20:38 AM] catppuccin-noctis-icons.files.associations changed, updating to undefined
[INFO 1:21:01 AM] catppuccin-noctis-icons.hidesExplorerArrows changed, updating to false
[INFO 1:21:01 AM] catppuccin-noctis-icons.folders.associations changed, updating to undefined
[INFO 1:21:01 AM] catppuccin-noctis-icons.files.associations changed, updating to undefined
[INFO 1:21:31 AM] catppuccin-noctis-icons.hidesExplorerArrows changed, updating to false
[INFO 1:21:31 AM] catppuccin-noctis-icons.folders.associations changed, updating to undefined
[INFO 1:21:31 AM] catppuccin-noctis-icons.files.associations changed, updating to undefined
[INFO 1:21:44 AM] catppuccin-noctis-icons.hidesExplorerArrows changed, updating to false
[INFO 1:21:44 AM] catppuccin-noctis-icons.folders.associations changed, updating to undefined
[INFO 1:21:44 AM] catppuccin-noctis-icons.files.associations changed, updating to undefined
[INFO 1:21:48 AM] catppuccin-noctis-icons.hidesExplorerArrows changed, updating to false
[INFO 1:21:48 AM] catppuccin-noctis-icons.folders.associations changed, updating to undefined
[INFO 1:21:48 AM] catppuccin-noctis-icons.files.associations changed, updating to undefined
[INFO 1:22:51 AM] catppuccin-noctis-icons.hidesExplorerArrows changed, updating to false
[INFO 1:22:51 AM] catppuccin-noctis-icons.folders.associations changed, updating to undefined
[INFO 1:22:51 AM] catppuccin-noctis-icons.files.associations changed, updating to undefined
[INFO 1:22:58 AM] catppuccin-noctis-icons.hidesExplorerArrows changed, updating to false
[INFO 1:22:58 AM] catppuccin-noctis-icons.folders.associations changed, updating to undefined
[INFO 1:22:58 AM] catppuccin-noctis-icons.files.associations changed, updating to undefined
[INFO 1:23:14 AM] catppuccin-noctis-icons.hidesExplorerArrows changed, updating to false
[INFO 1:23:14 AM] catppuccin-noctis-icons.folders.associations changed, updating to undefined
[INFO 1:23:14 AM] catppuccin-noctis-icons.files.associations changed, updating to undefined
[INFO 1:23:44 AM] catppuccin-noctis-icons.hidesExplorerArrows changed, updating to false
[INFO 1:23:44 AM] catppuccin-noctis-icons.folders.associations changed, updating to undefined
[INFO 1:23:44 AM] catppuccin-noctis-icons.files.associations changed, updating to undefined
[INFO 1:23:46 AM] catppuccin-noctis-icons.hidesExplorerArrows changed, updating to false
[INFO 1:23:46 AM] catppuccin-noctis-icons.folders.associations changed, updating to undefined
[INFO 1:23:46 AM] catppuccin-noctis-icons.files.associations changed, updating to undefined
[INFO 1:23:53 AM] catppuccin-noctis-icons.hidesExplorerArrows changed, updating to false
[INFO 1:23:53 AM] catppuccin-noctis-icons.folders.associations changed, updating to undefined
[INFO 1:23:53 AM] catppuccin-noctis-icons.files.associations changed, updating to undefined
[INFO 1:24:07 AM] catppuccin-noctis-icons.hidesExplorerArrows changed, updating to false
[INFO 1:24:07 AM] catppuccin-noctis-icons.folders.associations changed, updating to undefined
[INFO 1:24:07 AM] catppuccin-noctis-icons.files.associations changed, updating to undefined
[INFO 1:24:13 AM] catppuccin-noctis-icons.hidesExplorerArrows changed, updating to false
[INFO 1:24:13 AM] catppuccin-noctis-icons.folders.associations changed, updating to undefined
[INFO 1:24:13 AM] catppuccin-noctis-icons.files.associations changed, updating to undefined
[INFO 1:24:16 AM] catppuccin-noctis-icons.hidesExplorerArrows changed, updating to false
[INFO 1:24:16 AM] catppuccin-noctis-icons.folders.associations changed, updating to undefined
[INFO 1:24:16 AM] catppuccin-noctis-icons.files.associations changed, updating to undefined
[INFO 1:25:38 AM] catppuccin-noctis-icons.hidesExplorerArrows changed, updating to false
[INFO 1:25:38 AM] catppuccin-noctis-icons.folders.associations changed, updating to undefined
[INFO 1:25:38 AM] catppuccin-noctis-icons.files.associations changed, updating to undefined
[INFO 1:27:53 AM] catppuccin-noctis-icons.hidesExplorerArrows changed, updating to false
[INFO 1:27:53 AM] catppuccin-noctis-icons.folders.associations changed, updating to undefined
[INFO 1:27:53 AM] catppuccin-noctis-icons.files.associations changed, updating to undefined
[INFO 1:27:54 AM] catppuccin-noctis-icons.hidesExplorerArrows changed, updating to false
[INFO 1:27:54 AM] catppuccin-noctis-icons.folders.associations changed, updating to undefined
[INFO 1:27:54 AM] catppuccin-noctis-icons.files.associations changed, updating to undefined
[INFO 1:29:00 AM] catppuccin-noctis-icons.hidesExplorerArrows changed, updating to false
[INFO 1:29:00 AM] catppuccin-noctis-icons.folders.associations changed, updating to undefined
[INFO 1:29:00 AM] catppuccin-noctis-icons.files.associations changed, updating to undefined
[INFO 1:29:02 AM] catppuccin-noctis-icons.hidesExplorerArrows changed, updating to false
[INFO 1:29:02 AM] catppuccin-noctis-icons.folders.associations changed, updating to undefined
[INFO 1:29:02 AM] catppuccin-noctis-icons.files.associations changed, updating to undefined
[INFO 1:30:13 AM] catppuccin-noctis-icons.hidesExplorerArrows changed, updating to false
[INFO 1:30:13 AM] catppuccin-noctis-icons.folders.associations changed, updating to undefined
[INFO 1:30:13 AM] catppuccin-noctis-icons.files.associations changed, updating to undefined
[INFO 1:30:16 AM] catppuccin-noctis-icons.hidesExplorerArrows changed, updating to false
[INFO 1:30:16 AM] catppuccin-noctis-icons.folders.associations changed, updating to undefined
[INFO 1:30:16 AM] catppuccin-noctis-icons.files.associations changed, updating to undefined
[INFO 1:33:06 AM] catppuccin-noctis-icons.hidesExplorerArrows changed, updating to false
[INFO 1:33:06 AM] catppuccin-noctis-icons.folders.associations changed, updating to undefined
[INFO 1:33:06 AM] catppuccin-noctis-icons.files.associations changed, updating to undefined
[INFO 1:33:08 AM] catppuccin-noctis-icons.hidesExplorerArrows changed, updating to false
[INFO 1:33:08 AM] catppuccin-noctis-icons.folders.associations changed, updating to undefined
[INFO 1:33:08 AM] catppuccin-noctis-icons.files.associations changed, updating to undefined
[INFO 1:33:21 AM] catppuccin-noctis-icons.hidesExplorerArrows changed, updating to false
[INFO 1:33:21 AM] catppuccin-noctis-icons.folders.associations changed, updating to undefined
[INFO 1:33:21 AM] catppuccin-noctis-icons.files.associations changed, updating to undefined
[INFO 1:33:27 AM] catppuccin-noctis-icons.hidesExplorerArrows changed, updating to false
[INFO 1:33:27 AM] catppuccin-noctis-icons.folders.associations changed, updating to undefined
[INFO 1:33:27 AM] catppuccin-noctis-icons.files.associations changed, updating to undefined
[INFO 1:33:33 AM] catppuccin-noctis-icons.hidesExplorerArrows changed, updating to false
[INFO 1:33:33 AM] catppuccin-noctis-icons.folders.associations changed, updating to undefined
[INFO 1:33:33 AM] catppuccin-noctis-icons.files.associations changed, updating to undefined
[INFO 1:33:40 AM] catppuccin-noctis-icons.hidesExplorerArrows changed, updating to false
[INFO 1:33:40 AM] catppuccin-noctis-icons.folders.associations changed, updating to undefined
[INFO 1:33:40 AM] catppuccin-noctis-icons.files.associations changed, updating to undefined
[INFO 1:34:16 AM] catppuccin-noctis-icons.hidesExplorerArrows changed, updating to false
[INFO 1:34:16 AM] catppuccin-noctis-icons.folders.associations changed, updating to undefined
[INFO 1:34:16 AM] catppuccin-noctis-icons.files.associations changed, updating to undefined
[INFO 1:37:28 AM] catppuccin-noctis-icons.hidesExplorerArrows changed, updating to false
[INFO 1:37:28 AM] catppuccin-noctis-icons.folders.associations changed, updating to undefined
[INFO 1:37:28 AM] catppuccin-noctis-icons.files.associations changed, updating to undefined
[INFO 1:37:35 AM] catppuccin-noctis-icons.hidesExplorerArrows changed, updating to false
[INFO 1:37:35 AM] catppuccin-noctis-icons.folders.associations changed, updating to undefined
[INFO 1:37:35 AM] catppuccin-noctis-icons.files.associations changed, updating to undefined
[INFO 1:37:40 AM] catppuccin-noctis-icons.hidesExplorerArrows changed, updating to false
[INFO 1:37:40 AM] catppuccin-noctis-icons.folders.associations changed, updating to undefined
[INFO 1:37:40 AM] catppuccin-noctis-icons.files.associations changed, updating to undefined
[INFO 1:38:24 AM] catppuccin-noctis-icons.hidesExplorerArrows changed, updating to false
[INFO 1:38:24 AM] catppuccin-noctis-icons.folders.associations changed, updating to undefined
[INFO 1:38:24 AM] catppuccin-noctis-icons.files.associations changed, updating to undefined
[INFO 1:38:26 AM] catppuccin-noctis-icons.hidesExplorerArrows changed, updating to false
[INFO 1:38:26 AM] catppuccin-noctis-icons.folders.associations changed, updating to undefined
[INFO 1:38:26 AM] catppuccin-noctis-icons.files.associations changed, updating to undefined
[INFO 1:38:41 AM] catppuccin-noctis-icons.hidesExplorerArrows changed, updating to false
[INFO 1:38:41 AM] catppuccin-noctis-icons.folders.associations changed, updating to undefined
[INFO 1:38:41 AM] catppuccin-noctis-icons.files.associations changed, updating to undefined
[INFO 1:39:05 AM] catppuccin-noctis-icons.hidesExplorerArrows changed, updating to false
[INFO 1:39:05 AM] catppuccin-noctis-icons.folders.associations changed, updating to undefined
[INFO 1:39:05 AM] catppuccin-noctis-icons.files.associations changed, updating to undefined
[INFO 1:39:13 AM] catppuccin-noctis-icons.hidesExplorerArrows changed, updating to false
[INFO 1:39:13 AM] catppuccin-noctis-icons.folders.associations changed, updating to undefined
[INFO 1:39:13 AM] catppuccin-noctis-icons.files.associations changed, updating to undefined
[INFO 1:39:19 AM] catppuccin-noctis-icons.hidesExplorerArrows changed, updating to false
[INFO 1:39:19 AM] catppuccin-noctis-icons.folders.associations changed, updating to undefined
[INFO 1:39:19 AM] catppuccin-noctis-icons.files.associations changed, updating to undefined
[INFO 1:39:49 AM] catppuccin-noctis-icons.hidesExplorerArrows changed, updating to false
[INFO 1:39:49 AM] catppuccin-noctis-icons.folders.associations changed, updating to undefined
[INFO 1:39:49 AM] catppuccin-noctis-icons.files.associations changed, updating to undefined
[INFO 1:41:53 AM] catppuccin-noctis-icons.hidesExplorerArrows changed, updating to false
[INFO 1:41:53 AM] catppuccin-noctis-icons.folders.associations changed, updating to undefined
[INFO 1:41:53 AM] catppuccin-noctis-icons.files.associations changed, updating to undefined
[INFO 1:45:23 AM] catppuccin-noctis-icons.hidesExplorerArrows changed, updating to false
[INFO 1:45:23 AM] catppuccin-noctis-icons.folders.associations changed, updating to undefined
[INFO 1:45:23 AM] catppuccin-noctis-icons.files.associations changed, updating to undefined
[INFO 1:45:36 AM] catppuccin-noctis-icons.hidesExplorerArrows changed, updating to false
[INFO 1:45:36 AM] catppuccin-noctis-icons.folders.associations changed, updating to undefined
[INFO 1:45:36 AM] catppuccin-noctis-icons.files.associations changed, updating to undefined
[INFO 1:45:40 AM] catppuccin-noctis-icons.hidesExplorerArrows changed, updating to false
[INFO 1:45:40 AM] catppuccin-noctis-icons.folders.associations changed, updating to undefined
[INFO 1:45:40 AM] catppuccin-noctis-icons.files.associations changed, updating to undefined
[INFO 1:46:17 AM] catppuccin-noctis-icons.hidesExplorerArrows changed, updating to false
[INFO 1:46:17 AM] catppuccin-noctis-icons.folders.associations changed, updating to undefined
[INFO 1:46:17 AM] catppuccin-noctis-icons.files.associations changed, updating to undefined
[INFO 1:46:19 AM] catppuccin-noctis-icons.hidesExplorerArrows changed, updating to false
[INFO 1:46:19 AM] catppuccin-noctis-icons.folders.associations changed, updating to undefined
[INFO 1:46:19 AM] catppuccin-noctis-icons.files.associations changed, updating to undefined
[INFO 1:48:00 AM] catppuccin-noctis-icons.hidesExplorerArrows changed, updating to false
[INFO 1:48:00 AM] catppuccin-noctis-icons.folders.associations changed, updating to undefined
[INFO 1:48:00 AM] catppuccin-noctis-icons.files.associations changed, updating to undefined
[INFO 1:48:16 AM] catppuccin-noctis-icons.hidesExplorerArrows changed, updating to false
[INFO 1:48:16 AM] catppuccin-noctis-icons.folders.associations changed, updating to undefined
[INFO 1:48:16 AM] catppuccin-noctis-icons.files.associations changed, updating to undefined
[INFO 1:48:22 AM] catppuccin-noctis-icons.hidesExplorerArrows changed, updating to false
[INFO 1:48:22 AM] catppuccin-noctis-icons.folders.associations changed, updating to undefined
[INFO 1:48:22 AM] catppuccin-noctis-icons.files.associations changed, updating to undefined
[INFO 1:48:31 AM] catppuccin-noctis-icons.hidesExplorerArrows changed, updating to false
[INFO 1:48:31 AM] catppuccin-noctis-icons.folders.associations changed, updating to undefined
[INFO 1:48:31 AM] catppuccin-noctis-icons.files.associations changed, updating to undefined
[INFO 1:48:32 AM] catppuccin-noctis-icons.hidesExplorerArrows changed, updating to false
[INFO 1:48:32 AM] catppuccin-noctis-icons.folders.associations changed, updating to undefined
[INFO 1:48:32 AM] catppuccin-noctis-icons.files.associations changed, updating to undefined
[INFO 1:49:02 AM] catppuccin-noctis-icons.hidesExplorerArrows changed, updating to false
[INFO 1:49:02 AM] catppuccin-noctis-icons.folders.associations changed, updating to undefined
[INFO 1:49:02 AM] catppuccin-noctis-icons.files.associations changed, updating to undefined
[INFO 1:49:14 AM] catppuccin-noctis-icons.hidesExplorerArrows changed, updating to false
[INFO 1:49:14 AM] catppuccin-noctis-icons.folders.associations changed, updating to undefined
[INFO 1:49:14 AM] catppuccin-noctis-icons.files.associations changed, updating to undefined
[INFO 1:49:23 AM] catppuccin-noctis-icons.hidesExplorerArrows changed, updating to false
[INFO 1:49:23 AM] catppuccin-noctis-icons.folders.associations changed, updating to undefined
[INFO 1:49:23 AM] catppuccin-noctis-icons.files.associations changed, updating to undefined
[INFO 1:49:24 AM] catppuccin-noctis-icons.hidesExplorerArrows changed, updating to false
[INFO 1:49:24 AM] catppuccin-noctis-icons.folders.associations changed, updating to undefined
[INFO 1:49:24 AM] catppuccin-noctis-icons.files.associations changed, updating to undefined
[INFO 1:50:32 AM] catppuccin-noctis-icons.hidesExplorerArrows changed, updating to false
[INFO 1:50:32 AM] catppuccin-noctis-icons.folders.associations changed, updating to undefined
[INFO 1:50:32 AM] catppuccin-noctis-icons.files.associations changed, updating to undefined
[INFO 1:58:53 AM] catppuccin-noctis-icons.hidesExplorerArrows changed, updating to false
[INFO 1:58:53 AM] catppuccin-noctis-icons.folders.associations changed, updating to undefined
[INFO 1:58:53 AM] catppuccin-noctis-icons.files.associations changed, updating to undefined
[INFO 1:58:53 AM] catppuccin-noctis-icons.hidesExplorerArrows changed, updating to false
[INFO 1:58:53 AM] catppuccin-noctis-icons.folders.associations changed, updating to undefined
[INFO 1:58:53 AM] catppuccin-noctis-icons.files.associations changed, updating to undefined
[INFO 1:58:55 AM] catppuccin-noctis-icons.hidesExplorerArrows changed, updating to false
[INFO 1:58:55 AM] catppuccin-noctis-icons.folders.associations changed, updating to undefined
[INFO 1:58:55 AM] catppuccin-noctis-icons.files.associations changed, updating to undefined
[INFO 1:59:00 AM] catppuccin-noctis-icons.hidesExplorerArrows changed, updating to false
[INFO 1:59:00 AM] catppuccin-noctis-icons.folders.associations changed, updating to undefined
[INFO 1:59:00 AM] catppuccin-noctis-icons.files.associations changed, updating to undefined
[INFO 1:59:10 AM] catppuccin-noctis-icons.hidesExplorerArrows changed, updating to false
[INFO 1:59:10 AM] catppuccin-noctis-icons.folders.associations changed, updating to undefined
[INFO 1:59:10 AM] catppuccin-noctis-icons.files.associations changed, updating to undefined
[INFO 2:01:12 AM] catppuccin-noctis-icons.hidesExplorerArrows changed, updating to false
[INFO 2:01:12 AM] catppuccin-noctis-icons.folders.associations changed, updating to undefined
[INFO 2:01:12 AM] catppuccin-noctis-icons.files.associations changed, updating to undefined
[INFO 2:01:25 AM] catppuccin-noctis-icons.hidesExplorerArrows changed, updating to false
[INFO 2:01:25 AM] catppuccin-noctis-icons.folders.associations changed, updating to undefined
[INFO 2:01:25 AM] catppuccin-noctis-icons.files.associations changed, updating to undefined
[INFO 2:01:57 AM] catppuccin-noctis-icons.hidesExplorerArrows changed, updating to false
[INFO 2:01:57 AM] catppuccin-noctis-icons.folders.associations changed, updating to undefined
[INFO 2:01:57 AM] catppuccin-noctis-icons.files.associations changed, updating to undefined
[INFO 2:02:44 AM] catppuccin-noctis-icons.hidesExplorerArrows changed, updating to false
[INFO 2:02:44 AM] catppuccin-noctis-icons.folders.associations changed, updating to undefined
[INFO 2:02:44 AM] catppuccin-noctis-icons.files.associations changed, updating to undefined
[INFO 2:03:22 AM] catppuccin-noctis-icons.hidesExplorerArrows changed, updating to false
[INFO 2:03:22 AM] catppuccin-noctis-icons.folders.associations changed, updating to undefined
[INFO 2:03:22 AM] catppuccin-noctis-icons.files.associations changed, updating to undefined
[INFO 2:04:24 AM] catppuccin-noctis-icons.hidesExplorerArrows changed, updating to false
[INFO 2:04:24 AM] catppuccin-noctis-icons.folders.associations changed, updating to undefined
[INFO 2:04:24 AM] catppuccin-noctis-icons.files.associations changed, updating to undefined
[INFO 2:04:42 AM] catppuccin-noctis-icons.hidesExplorerArrows changed, updating to false
[INFO 2:04:42 AM] catppuccin-noctis-icons.folders.associations changed, updating to undefined
[INFO 2:04:42 AM] catppuccin-noctis-icons.files.associations changed, updating to undefined
[INFO 2:05:00 AM] catppuccin-noctis-icons.hidesExplorerArrows changed, updating to false
[INFO 2:05:00 AM] catppuccin-noctis-icons.folders.associations changed, updating to undefined
[INFO 2:05:00 AM] catppuccin-noctis-icons.files.associations changed, updating to undefined
[INFO 2:05:32 AM] catppuccin-noctis-icons.hidesExplorerArrows changed, updating to false
[INFO 2:05:32 AM] catppuccin-noctis-icons.folders.associations changed, updating to undefined
[INFO 2:05:32 AM] catppuccin-noctis-icons.files.associations changed, updating to undefined
[INFO 2:08:36 AM] catppuccin-noctis-icons.hidesExplorerArrows changed, updating to false
[INFO 2:08:36 AM] catppuccin-noctis-icons.folders.associations changed, updating to undefined
[INFO 2:08:36 AM] catppuccin-noctis-icons.files.associations changed, updating to undefined
[INFO 2:08:41 AM] catppuccin-noctis-icons.hidesExplorerArrows changed, updating to false
[INFO 2:08:41 AM] catppuccin-noctis-icons.folders.associations changed, updating to undefined
[INFO 2:08:41 AM] catppuccin-noctis-icons.files.associations changed, updating to undefined
[INFO 2:08:46 AM] catppuccin-noctis-icons.hidesExplorerArrows changed, updating to false
[INFO 2:08:46 AM] catppuccin-noctis-icons.folders.associations changed, updating to undefined
[INFO 2:08:46 AM] catppuccin-noctis-icons.files.associations changed, updating to undefined
[INFO 2:10:22 AM] catppuccin-noctis-icons.hidesExplorerArrows changed, updating to false
[INFO 2:10:22 AM] catppuccin-noctis-icons.folders.associations changed, updating to undefined
[INFO 2:10:22 AM] catppuccin-noctis-icons.files.associations changed, updating to undefined
[INFO 2:10:30 AM] catppuccin-noctis-icons.hidesExplorerArrows changed, updating to false
[INFO 2:10:30 AM] catppuccin-noctis-icons.folders.associations changed, updating to undefined
[INFO 2:10:30 AM] catppuccin-noctis-icons.files.associations changed, updating to undefined
[INFO 2:10:32 AM] catppuccin-noctis-icons.hidesExplorerArrows changed, updating to false
[INFO 2:10:32 AM] catppuccin-noctis-icons.folders.associations changed, updating to undefined
[INFO 2:10:32 AM] catppuccin-noctis-icons.files.associations changed, updating to undefined
[INFO 2:11:36 AM] catppuccin-noctis-icons.hidesExplorerArrows changed, updating to false
[INFO 2:11:36 AM] catppuccin-noctis-icons.folders.associations changed, updating to undefined
[INFO 2:11:36 AM] catppuccin-noctis-icons.files.associations changed, updating to undefined
[INFO 2:11:38 AM] catppuccin-noctis-icons.hidesExplorerArrows changed, updating to false
[INFO 2:11:38 AM] catppuccin-noctis-icons.folders.associations changed, updating to undefined
[INFO 2:11:38 AM] catppuccin-noctis-icons.files.associations changed, updating to undefined
[INFO 2:18:39 AM] catppuccin-noctis-icons.hidesExplorerArrows changed, updating to false
[INFO 2:18:39 AM] catppuccin-noctis-icons.folders.associations changed, updating to undefined
[INFO 2:18:39 AM] catppuccin-noctis-icons.files.associations changed, updating to undefined
[INFO 2:19:03 AM] catppuccin-noctis-icons.hidesExplorerArrows changed, updating to false
[INFO 2:19:03 AM] catppuccin-noctis-icons.folders.associations changed, updating to undefined
[INFO 2:19:03 AM] catppuccin-noctis-icons.files.associations changed, updating to undefined
[INFO 2:19:04 AM] catppuccin-noctis-icons.hidesExplorerArrows changed, updating to false
[INFO 2:19:04 AM] catppuccin-noctis-icons.folders.associations changed, updating to undefined
[INFO 2:19:04 AM] catppuccin-noctis-icons.files.associations changed, updating to undefined
[INFO 2:19:21 AM] catppuccin-noctis-icons.hidesExplorerArrows changed, updating to false
[INFO 2:19:21 AM] catppuccin-noctis-icons.folders.associations changed, updating to undefined
[INFO 2:19:21 AM] catppuccin-noctis-icons.files.associations changed, updating to undefined
[INFO 2:19:26 AM] catppuccin-noctis-icons.hidesExplorerArrows changed, updating to false
[INFO 2:19:26 AM] catppuccin-noctis-icons.folders.associations changed, updating to undefined
[INFO 2:19:26 AM] catppuccin-noctis-icons.files.associations changed, updating to undefined
[INFO 2:19:39 AM] catppuccin-noctis-icons.hidesExplorerArrows changed, updating to false
[INFO 2:19:39 AM] catppuccin-noctis-icons.folders.associations changed, updating to undefined
[INFO 2:19:39 AM] catppuccin-noctis-icons.files.associations changed, updating to undefined
[INFO 2:19:46 AM] catppuccin-noctis-icons.hidesExplorerArrows changed, updating to false
[INFO 2:19:46 AM] catppuccin-noctis-icons.folders.associations changed, updating to undefined
[INFO 2:19:46 AM] catppuccin-noctis-icons.files.associations changed, updating to undefined
[INFO 2:20:22 AM] catppuccin-noctis-icons.hidesExplorerArrows changed, updating to false
[INFO 2:20:22 AM] catppuccin-noctis-icons.folders.associations changed, updating to undefined
[INFO 2:20:22 AM] catppuccin-noctis-icons.files.associations changed, updating to undefined
[INFO 2:20:34 AM] catppuccin-noctis-icons.hidesExplorerArrows changed, updating to false
[INFO 2:20:34 AM] catppuccin-noctis-icons.folders.associations changed, updating to undefined
[INFO 2:20:34 AM] catppuccin-noctis-icons.files.associations changed, updating to undefined
[INFO 2:20:59 AM] catppuccin-noctis-icons.hidesExplorerArrows changed, updating to false
[INFO 2:20:59 AM] catppuccin-noctis-icons.folders.associations changed, updating to undefined
[INFO 2:20:59 AM] catppuccin-noctis-icons.files.associations changed, updating to undefined
[INFO 2:24:01 AM] catppuccin-noctis-icons.hidesExplorerArrows changed, updating to false
[INFO 2:24:01 AM] catppuccin-noctis-icons.folders.associations changed, updating to undefined
[INFO 2:24:01 AM] catppuccin-noctis-icons.files.associations changed, updating to undefined
[INFO 2:24:32 AM] catppuccin-noctis-icons.hidesExplorerArrows changed, updating to false
[INFO 2:24:32 AM] catppuccin-noctis-icons.folders.associations changed, updating to undefined
[INFO 2:24:32 AM] catppuccin-noctis-icons.files.associations changed, updating to undefined
[INFO 2:24:55 AM] catppuccin-noctis-icons.hidesExplorerArrows changed, updating to false
[INFO 2:24:55 AM] catppuccin-noctis-icons.folders.associations changed, updating to undefined
[INFO 2:24:55 AM] catppuccin-noctis-icons.files.associations changed, updating to undefined
[INFO 2:25:50 AM] catppuccin-noctis-icons.hidesExplorerArrows changed, updating to false
[INFO 2:25:50 AM] catppuccin-noctis-icons.folders.associations changed, updating to undefined
[INFO 2:25:50 AM] catppuccin-noctis-icons.files.associations changed, updating to undefined
[INFO 2:25:53 AM] catppuccin-noctis-icons.hidesExplorerArrows changed, updating to false
[INFO 2:25:53 AM] catppuccin-noctis-icons.folders.associations changed, updating to undefined
[INFO 2:25:53 AM] catppuccin-noctis-icons.files.associations changed, updating to undefined
[INFO 2:26:02 AM] catppuccin-noctis-icons.hidesExplorerArrows changed, updating to false
[INFO 2:26:02 AM] catppuccin-noctis-icons.folders.associations changed, updating to undefined
[INFO 2:26:02 AM] catppuccin-noctis-icons.files.associations changed, updating to undefined
[INFO 2:26:20 AM] catppuccin-noctis-icons.hidesExplorerArrows changed, updating to false
[INFO 2:26:20 AM] catppuccin-noctis-icons.folders.associations changed, updating to undefined
[INFO 2:26:20 AM] catppuccin-noctis-icons.files.associations changed, updating to undefined
[INFO 2:26:49 AM] catppuccin-noctis-icons.hidesExplorerArrows changed, updating to false
[INFO 2:26:49 AM] catppuccin-noctis-icons.folders.associations changed, updating to undefined
[INFO 2:26:49 AM] catppuccin-noctis-icons.files.associations changed, updating to undefined
[INFO 2:27:04 AM] catppuccin-noctis-icons.hidesExplorerArrows changed, updating to false
[INFO 2:27:04 AM] catppuccin-noctis-icons.folders.associations changed, updating to undefined
[INFO 2:27:04 AM] catppuccin-noctis-icons.files.associations changed, updating to undefined
[INFO 2:27:17 AM] catppuccin-noctis-icons.hidesExplorerArrows changed, updating to false
[INFO 2:27:17 AM] catppuccin-noctis-icons.folders.associations changed, updating to undefined
[INFO 2:27:17 AM] catppuccin-noctis-icons.files.associations changed, updating to undefined
[INFO 2:27:51 AM] catppuccin-noctis-icons.hidesExplorerArrows changed, updating to false
[INFO 2:27:51 AM] catppuccin-noctis-icons.folders.associations changed, updating to undefined
[INFO 2:27:51 AM] catppuccin-noctis-icons.files.associations changed, updating to undefined
[INFO 2:28:51 AM] catppuccin-noctis-icons.hidesExplorerArrows changed, updating to false
[INFO 2:28:51 AM] catppuccin-noctis-icons.folders.associations changed, updating to undefined
[INFO 2:28:51 AM] catppuccin-noctis-icons.files.associations changed, updating to undefined
[INFO 2:29:02 AM] catppuccin-noctis-icons.hidesExplorerArrows changed, updating to false
[INFO 2:29:02 AM] catppuccin-noctis-icons.folders.associations changed, updating to undefined
[INFO 2:29:02 AM] catppuccin-noctis-icons.files.associations changed, updating to undefined
[INFO 2:29:36 AM] catppuccin-noctis-icons.hidesExplorerArrows changed, updating to false
[INFO 2:29:36 AM] catppuccin-noctis-icons.folders.associations changed, updating to undefined
[INFO 2:29:36 AM] catppuccin-noctis-icons.files.associations changed, updating to undefined
[INFO 2:29:50 AM] catppuccin-noctis-icons.hidesExplorerArrows changed, updating to false
[INFO 2:29:50 AM] catppuccin-noctis-icons.folders.associations changed, updating to undefined
[INFO 2:29:50 AM] catppuccin-noctis-icons.files.associations changed, updating to undefined
[INFO 2:30:14 AM] catppuccin-noctis-icons.hidesExplorerArrows changed, updating to false
[INFO 2:30:14 AM] catppuccin-noctis-icons.folders.associations changed, updating to undefined
[INFO 2:30:14 AM] catppuccin-noctis-icons.files.associations changed, updating to undefined
[INFO 2:30:25 AM] catppuccin-noctis-icons.hidesExplorerArrows changed, updating to false
[INFO 2:30:25 AM] catppuccin-noctis-icons.folders.associations changed, updating to undefined
[INFO 2:30:25 AM] catppuccin-noctis-icons.files.associations changed, updating to undefined
[INFO 2:31:07 AM] catppuccin-noctis-icons.hidesExplorerArrows changed, updating to false
[INFO 2:31:07 AM] catppuccin-noctis-icons.folders.associations changed, updating to undefined
[INFO 2:31:07 AM] catppuccin-noctis-icons.files.associations changed, updating to undefined
[INFO 2:31:26 AM] catppuccin-noctis-icons.hidesExplorerArrows changed, updating to false
[INFO 2:31:26 AM] catppuccin-noctis-icons.folders.associations changed, updating to undefined
[INFO 2:31:26 AM] catppuccin-noctis-icons.files.associations changed, updating to undefined
[INFO 2:31:27 AM] catppuccin-noctis-icons.hidesExplorerArrows changed, updating to false
[INFO 2:31:27 AM] catppuccin-noctis-icons.folders.associations changed, updating to undefined
[INFO 2:31:27 AM] catppuccin-noctis-icons.files.associations changed, updating to undefined
[INFO 2:31:28 AM] catppuccin-noctis-icons.hidesExplorerArrows changed, updating to false
[INFO 2:31:28 AM] catppuccin-noctis-icons.folders.associations changed, updating to undefined
[INFO 2:31:28 AM] catppuccin-noctis-icons.files.associations changed, updating to undefined
[INFO 2:31:31 AM] catppuccin-noctis-icons.hidesExplorerArrows changed, updating to false
[INFO 2:31:31 AM] catppuccin-noctis-icons.folders.associations changed, updating to undefined
[INFO 2:31:31 AM] catppuccin-noctis-icons.files.associations changed, updating to undefined
[INFO 2:32:03 AM] catppuccin-noctis-icons.hidesExplorerArrows changed, updating to false
[INFO 2:32:03 AM] catppuccin-noctis-icons.folders.associations changed, updating to undefined
[INFO 2:32:03 AM] catppuccin-noctis-icons.files.associations changed, updating to undefined
[INFO 2:33:47 AM] catppuccin-noctis-icons.hidesExplorerArrows changed, updating to false
[INFO 2:33:47 AM] catppuccin-noctis-icons.folders.associations changed, updating to undefined
[INFO 2:33:47 AM] catppuccin-noctis-icons.files.associations changed, updating to undefined
[INFO 2:33:47 AM] catppuccin-noctis-icons.hidesExplorerArrows changed, updating to false
[INFO 2:33:47 AM] catppuccin-noctis-icons.folders.associations changed, updating to undefined
[INFO 2:33:47 AM] catppuccin-noctis-icons.files.associations changed, updating to undefined
[INFO 2:38:47 AM] catppuccin-noctis-icons.hidesExplorerArrows changed, updating to false
[INFO 2:38:47 AM] catppuccin-noctis-icons.folders.associations changed, updating to undefined
[INFO 2:38:47 AM] catppuccin-noctis-icons.files.associations changed, updating to undefined
[INFO 2:39:12 AM] catppuccin-noctis-icons.hidesExplorerArrows changed, updating to false
[INFO 2:39:12 AM] catppuccin-noctis-icons.folders.associations changed, updating to undefined
[INFO 2:39:12 AM] catppuccin-noctis-icons.files.associations changed, updating to undefined
[INFO 2:39:16 AM] catppuccin-noctis-icons.hidesExplorerArrows changed, updating to false
[INFO 2:39:16 AM] catppuccin-noctis-icons.folders.associations changed, updating to undefined
[INFO 2:39:16 AM] catppuccin-noctis-icons.files.associations changed, updating to undefined
[INFO 2:39:24 AM] catppuccin-noctis-icons.hidesExplorerArrows changed, updating to false
[INFO 2:39:24 AM] catppuccin-noctis-icons.folders.associations changed, updating to undefined
[INFO 2:39:24 AM] catppuccin-noctis-icons.files.associations changed, updating to undefined
[INFO 2:40:18 AM] catppuccin-noctis-icons.hidesExplorerArrows changed, updating to false
[INFO 2:40:18 AM] catppuccin-noctis-icons.folders.associations changed, updating to undefined
[INFO 2:40:18 AM] catppuccin-noctis-icons.files.associations changed, updating to undefined
