2025-08-21 02:42:38.205 [info] Reading sessions from keychain...
2025-08-21 02:42:38.205 [info] Getting sessions for all scopes...
2025-08-21 02:42:38.205 [info] Got stored sessions!
2025-08-21 02:42:38.205 [info] Got 1 verified sessions.
2025-08-21 02:42:38.205 [info] Got 1 sessions for ...
2025-08-21 02:42:38.205 [info] Getting sessions for all scopes...
2025-08-21 02:42:38.205 [info] Got 1 sessions for ...
2025-08-21 02:42:38.205 [info] Getting sessions for all scopes...
2025-08-21 02:42:38.205 [info] Got 1 sessions for ...
2025-08-21 02:42:38.205 [info] Getting sessions for all scopes...
2025-08-21 02:42:38.205 [info] Got 1 sessions for ...
2025-08-21 02:42:38.205 [info] Getting sessions for all scopes...
2025-08-21 02:42:38.205 [info] Got 1 sessions for ...
2025-08-21 02:42:38.205 [info] Getting sessions for all scopes...
2025-08-21 02:42:38.205 [info] Got 1 sessions for ...
2025-08-21 02:42:38.205 [info] Getting sessions for all scopes...
2025-08-21 02:42:38.205 [info] Got 1 sessions for ...
2025-08-21 02:42:38.205 [info] Getting sessions for all scopes...
2025-08-21 02:42:38.205 [info] Got 1 sessions for ...
2025-08-21 02:42:38.205 [info] Getting sessions for all scopes...
2025-08-21 02:42:38.205 [info] Got 1 sessions for ...
2025-08-21 02:42:38.205 [info] Getting sessions for all scopes...
2025-08-21 02:42:38.205 [info] Got 1 sessions for ...
2025-08-21 02:42:38.205 [info] Getting sessions for all scopes...
2025-08-21 02:42:38.205 [info] Got 1 sessions for ...
2025-08-21 02:42:38.206 [info] Getting sessions for all scopes...
2025-08-21 02:42:38.206 [info] Got 1 sessions for ...
2025-08-21 02:42:38.206 [info] Getting sessions for all scopes...
2025-08-21 02:42:38.206 [info] Got 1 sessions for ...
2025-08-21 02:42:38.206 [info] Getting sessions for all scopes...
2025-08-21 02:42:38.206 [info] Got 1 sessions for ...
2025-08-21 02:42:39.242 [info] Getting sessions for user:email...
2025-08-21 02:42:39.242 [info] Got 1 sessions for user:email...
2025-08-21 02:42:39.253 [info] Getting sessions for all scopes...
2025-08-21 02:42:39.253 [info] Got 1 sessions for ...
2025-08-21 02:42:39.885 [info] Getting sessions for all scopes...
2025-08-21 02:42:39.885 [info] Got 1 sessions for ...
2025-08-21 02:42:39.886 [info] Getting sessions for all scopes...
2025-08-21 02:42:39.886 [info] Got 1 sessions for ...
2025-08-21 02:42:39.894 [info] Getting sessions for all scopes...
2025-08-21 02:42:39.894 [info] Got 1 sessions for ...
