2025-08-21 16:56:48.082 [info] Reading sessions from keychain...
2025-08-21 16:56:48.082 [info] Getting sessions for all scopes...
2025-08-21 16:56:48.082 [info] Got stored sessions!
2025-08-21 16:56:48.082 [info] Got 1 verified sessions.
2025-08-21 16:56:48.082 [info] Got 1 sessions for ...
2025-08-21 16:56:48.082 [info] Getting sessions for all scopes...
2025-08-21 16:56:48.082 [info] Got 1 sessions for ...
2025-08-21 16:56:48.082 [info] Getting sessions for all scopes...
2025-08-21 16:56:48.082 [info] Got 1 sessions for ...
2025-08-21 16:56:48.082 [info] Getting sessions for all scopes...
2025-08-21 16:56:48.082 [info] Got 1 sessions for ...
2025-08-21 16:56:48.082 [info] Getting sessions for all scopes...
2025-08-21 16:56:48.082 [info] Got 1 sessions for ...
2025-08-21 16:56:48.082 [info] Getting sessions for all scopes...
2025-08-21 16:56:48.082 [info] Got 1 sessions for ...
2025-08-21 16:56:48.082 [info] Getting sessions for all scopes...
2025-08-21 16:56:48.082 [info] Got 1 sessions for ...
2025-08-21 16:56:48.082 [info] Getting sessions for all scopes...
2025-08-21 16:56:48.082 [info] Got 1 sessions for ...
2025-08-21 16:56:48.082 [info] Getting sessions for all scopes...
2025-08-21 16:56:48.082 [info] Got 1 sessions for ...
2025-08-21 16:56:48.082 [info] Getting sessions for all scopes...
2025-08-21 16:56:48.082 [info] Got 1 sessions for ...
2025-08-21 16:56:48.082 [info] Getting sessions for all scopes...
2025-08-21 16:56:48.082 [info] Got 1 sessions for ...
2025-08-21 16:56:48.082 [info] Getting sessions for all scopes...
2025-08-21 16:56:48.082 [info] Got 1 sessions for ...
2025-08-21 16:56:48.082 [info] Getting sessions for all scopes...
2025-08-21 16:56:48.082 [info] Got 1 sessions for ...
2025-08-21 16:56:48.444 [info] Getting sessions for all scopes...
2025-08-21 16:56:48.444 [info] Got 1 sessions for ...
2025-08-21 16:56:48.465 [info] Getting sessions for user:email...
2025-08-21 16:56:48.465 [info] Got 1 sessions for user:email...
2025-08-21 16:56:48.693 [info] Getting sessions for all scopes...
2025-08-21 16:56:48.693 [info] Got 1 sessions for ...
2025-08-21 16:56:50.110 [info] Getting sessions for all scopes...
2025-08-21 16:56:50.110 [info] Got 1 sessions for ...
2025-08-21 16:56:50.111 [info] Getting sessions for all scopes...
2025-08-21 16:56:50.111 [info] Got 1 sessions for ...
2025-08-21 16:56:50.111 [info] Getting sessions for all scopes...
2025-08-21 16:56:50.111 [info] Got 1 sessions for ...
