2025-08-21 16:56:49.041 [info] [main] Log level: Info
2025-08-21 16:56:49.041 [info] [main] Validating found git in: "git"
2025-08-21 16:56:49.041 [info] [main] Using git "2.50.1" from "git"
2025-08-21 16:56:49.041 [info] [Model][doInitialScan] Initial repository scan started
2025-08-21 16:56:49.041 [info] > git rev-parse --show-toplevel [115ms]
2025-08-21 16:56:49.041 [info] fatal: not a git repository (or any of the parent directories): .git
2025-08-21 16:56:49.042 [info] > git rev-parse --show-toplevel [36ms]
2025-08-21 16:56:49.042 [info] fatal: not a git repository (or any of the parent directories): .git
2025-08-21 16:56:49.042 [info] [Model][doInitialScan] Initial repository scan completed - repositories (0), closed repositories (0), parent repositories (0), unsafe repositories (0)
2025-08-21 16:56:50.154 [info] > git rev-parse --show-toplevel [5ms]
2025-08-21 16:56:50.154 [info] fatal: not a git repository (or any of the parent directories): .git
2025-08-21 16:57:35.848 [info] > git rev-parse --show-toplevel [1ms]
2025-08-21 16:57:35.848 [info] fatal: not a git repository (or any of the parent directories): .git
2025-08-21 16:59:43.707 [info] > git rev-parse --show-toplevel [2ms]
2025-08-21 16:59:43.707 [info] fatal: not a git repository (or any of the parent directories): .git
2025-08-21 17:15:22.386 [info] > git rev-parse --show-toplevel [2ms]
2025-08-21 17:15:22.386 [info] fatal: not a git repository (or any of the parent directories): .git
2025-08-21 17:15:23.428 [info] > git rev-parse --show-toplevel [1ms]
2025-08-21 17:15:23.428 [info] fatal: not a git repository (or any of the parent directories): .git
2025-08-21 17:15:24.712 [info] > git rev-parse --show-toplevel [2ms]
2025-08-21 17:15:24.712 [info] fatal: not a git repository (or any of the parent directories): .git
