2025-08-21 16:56:46.645 [warning] Via 'product.json#extensionEnabledApiProposals' extension 'ms-vsliveshare.vsliveshare' wants API proposal 'notebookCellExecutionState' but that proposal DOES NOT EXIST. Likely, the proposal has been finalized (check 'vscode.d.ts') or was abandoned.
2025-08-21 16:56:46.656 [warning] Via 'product.json#extensionEnabledApiProposals' extension 'ms-python.gather' wants API proposal 'notebookCellExecutionState' but that proposal DOES NOT EXIST. Likely, the proposal has been finalized (check 'vscode.d.ts') or was abandoned.
2025-08-21 16:56:46.656 [warning] Via 'product.json#extensionEnabledApiProposals' extension 'ms-python.vscode-pylance' wants API proposal 'mcpConfigurationProvider' but that proposal DOES NOT EXIST. Likely, the proposal has been finalized (check 'vscode.d.ts') or was abandoned.
2025-08-21 16:56:47.011 [info] Started local extension host with pid 167312.
2025-08-21 16:56:47.418 [info] [ms-vscode.js-debug-nightly]: Command `extension.js-debug.prettyPrint` already registered by JavaScript Debugger (ms-vscode.js-debug)
2025-08-21 16:56:47.419 [info] [ms-vscode.js-debug-nightly]: Command `extension.js-debug.toggleSkippingFile` already registered by JavaScript Debugger (ms-vscode.js-debug)
2025-08-21 16:56:47.419 [info] [ms-vscode.js-debug-nightly]: Command `extension.js-debug.addCustomBreakpoints` already registered by JavaScript Debugger (ms-vscode.js-debug)
2025-08-21 16:56:47.419 [info] [ms-vscode.js-debug-nightly]: Command `extension.js-debug.removeAllCustomBreakpoints` already registered by JavaScript Debugger (ms-vscode.js-debug)
2025-08-21 16:56:47.419 [info] [ms-vscode.js-debug-nightly]: Command `extension.js-debug.addXHRBreakpoints` already registered by JavaScript Debugger (ms-vscode.js-debug)
2025-08-21 16:56:47.419 [info] [ms-vscode.js-debug-nightly]: Command `extension.js-debug.removeXHRBreakpoint` already registered by JavaScript Debugger (ms-vscode.js-debug)
2025-08-21 16:56:47.420 [info] [ms-vscode.js-debug-nightly]: Command `extension.js-debug.editXHRBreakpoints` already registered by JavaScript Debugger (ms-vscode.js-debug)
2025-08-21 16:56:47.420 [info] [ms-vscode.js-debug-nightly]: Command `extension.pwa-node-debug.attachNodeProcess` already registered by JavaScript Debugger (ms-vscode.js-debug)
2025-08-21 16:56:47.420 [info] [ms-vscode.js-debug-nightly]: Command `extension.js-debug.npmScript` already registered by JavaScript Debugger (ms-vscode.js-debug)
2025-08-21 16:56:47.420 [info] [ms-vscode.js-debug-nightly]: Command `extension.js-debug.createDebuggerTerminal` already registered by JavaScript Debugger (ms-vscode.js-debug)
2025-08-21 16:56:47.420 [info] [ms-vscode.js-debug-nightly]: Command `extension.js-debug.startProfile` already registered by JavaScript Debugger (ms-vscode.js-debug)
2025-08-21 16:56:47.420 [info] [ms-vscode.js-debug-nightly]: Command `extension.js-debug.stopProfile` already registered by JavaScript Debugger (ms-vscode.js-debug)
2025-08-21 16:56:47.420 [info] [ms-vscode.js-debug-nightly]: Command `extension.js-debug.revealPage` already registered by JavaScript Debugger (ms-vscode.js-debug)
2025-08-21 16:56:47.421 [info] [ms-vscode.js-debug-nightly]: Command `extension.js-debug.debugLink` already registered by JavaScript Debugger (ms-vscode.js-debug)
2025-08-21 16:56:47.421 [info] [ms-vscode.js-debug-nightly]: Command `extension.js-debug.createDiagnostics` already registered by JavaScript Debugger (ms-vscode.js-debug)
2025-08-21 16:56:47.421 [info] [ms-vscode.js-debug-nightly]: Command `extension.js-debug.getDiagnosticLogs` already registered by JavaScript Debugger (ms-vscode.js-debug)
2025-08-21 16:56:47.421 [info] [ms-vscode.js-debug-nightly]: Command `extension.node-debug.startWithStopOnEntry` already registered by JavaScript Debugger (ms-vscode.js-debug)
2025-08-21 16:56:47.421 [info] [ms-vscode.js-debug-nightly]: Command `extension.js-debug.openEdgeDevTools` already registered by JavaScript Debugger (ms-vscode.js-debug)
2025-08-21 16:56:47.421 [info] [ms-vscode.js-debug-nightly]: Command `extension.js-debug.callers.add` already registered by JavaScript Debugger (ms-vscode.js-debug)
2025-08-21 16:56:47.421 [info] [ms-vscode.js-debug-nightly]: Command `extension.js-debug.callers.remove` already registered by JavaScript Debugger (ms-vscode.js-debug)
2025-08-21 16:56:47.421 [info] [ms-vscode.js-debug-nightly]: Command `extension.js-debug.callers.removeAll` already registered by JavaScript Debugger (ms-vscode.js-debug)
2025-08-21 16:56:47.422 [info] [ms-vscode.js-debug-nightly]: Command `extension.js-debug.callers.goToCaller` already registered by JavaScript Debugger (ms-vscode.js-debug)
2025-08-21 16:56:47.422 [info] [ms-vscode.js-debug-nightly]: Command `extension.js-debug.callers.gotToTarget` already registered by JavaScript Debugger (ms-vscode.js-debug)
2025-08-21 16:56:47.422 [info] [ms-vscode.js-debug-nightly]: Command `extension.js-debug.enableSourceMapStepping` already registered by JavaScript Debugger (ms-vscode.js-debug)
2025-08-21 16:56:47.422 [info] [ms-vscode.js-debug-nightly]: Command `extension.js-debug.disableSourceMapStepping` already registered by JavaScript Debugger (ms-vscode.js-debug)
2025-08-21 16:56:47.422 [info] [ms-vscode.js-debug-nightly]: Command `extension.js-debug.network.viewRequest` already registered by JavaScript Debugger (ms-vscode.js-debug)
2025-08-21 16:56:47.422 [info] [ms-vscode.js-debug-nightly]: Command `extension.js-debug.network.clear` already registered by JavaScript Debugger (ms-vscode.js-debug)
2025-08-21 16:56:47.423 [info] [ms-vscode.js-debug-nightly]: Command `extension.js-debug.network.openBody` already registered by JavaScript Debugger (ms-vscode.js-debug)
2025-08-21 16:56:47.423 [info] [ms-vscode.js-debug-nightly]: Command `extension.js-debug.network.openBodyInHex` already registered by JavaScript Debugger (ms-vscode.js-debug)
2025-08-21 16:56:47.423 [info] [ms-vscode.js-debug-nightly]: Command `extension.js-debug.network.replayXHR` already registered by JavaScript Debugger (ms-vscode.js-debug)
2025-08-21 16:56:47.423 [info] [ms-vscode.js-debug-nightly]: Command `extension.js-debug.network.copyUri` already registered by JavaScript Debugger (ms-vscode.js-debug)
2025-08-21 16:56:47.442 [warning] [ms-vscode.js-debug-nightly]: Cannot register 'debug.javascript.codelens.npmScripts'. This property is already registered.
2025-08-21 16:56:47.442 [warning] [ms-vscode.js-debug-nightly]: Cannot register 'debug.javascript.terminalOptions'. This property is already registered.
2025-08-21 16:56:47.442 [warning] [ms-vscode.js-debug-nightly]: Cannot register 'debug.javascript.automaticallyTunnelRemoteServer'. This property is already registered.
2025-08-21 16:56:47.442 [warning] [ms-vscode.js-debug-nightly]: Cannot register 'debug.javascript.debugByLinkOptions'. This property is already registered.
2025-08-21 16:56:47.443 [warning] [ms-vscode.js-debug-nightly]: Cannot register 'debug.javascript.pickAndAttachOptions'. This property is already registered.
2025-08-21 16:56:47.443 [warning] [ms-vscode.js-debug-nightly]: Cannot register 'debug.javascript.autoAttachFilter'. This property is already registered.
2025-08-21 16:56:47.443 [warning] [ms-vscode.js-debug-nightly]: Cannot register 'debug.javascript.autoAttachSmartPattern'. This property is already registered.
2025-08-21 16:56:47.443 [warning] [ms-vscode.js-debug-nightly]: Cannot register 'debug.javascript.breakOnConditionalError'. This property is already registered.
2025-08-21 16:56:47.443 [warning] [ms-vscode.js-debug-nightly]: Cannot register 'debug.javascript.unmapMissingSources'. This property is already registered.
2025-08-21 16:56:47.443 [warning] [ms-vscode.js-debug-nightly]: Cannot register 'debug.javascript.defaultRuntimeExecutable'. This property is already registered.
2025-08-21 16:56:47.444 [warning] [ms-vscode.js-debug-nightly]: Cannot register 'debug.javascript.resourceRequestOptions'. This property is already registered.
2025-08-21 16:56:47.444 [warning] [ms-vscode.js-debug-nightly]: Cannot register 'debug.javascript.enableNetworkView'. This property is already registered.
2025-08-21 16:56:47.479 [error] [ms-vscode.js-debug-nightly]: Cannot register multiple views with same id `jsBrowserBreakpoints`
2025-08-21 16:56:47.479 [error] [ms-vscode.js-debug-nightly]: Cannot register multiple views with same id `jsExcludedCallers`
2025-08-21 16:56:47.479 [error] [ms-vscode.js-debug-nightly]: Cannot register multiple views with same id `jsDebugNetworkTree`
2025-08-21 16:56:48.055 [error] [sidthesloth.html5-boilerplate]: Unknown language in `contributes.html5-boilerplate.language`. Provided value: njk
2025-08-21 16:56:48.055 [error] [sidthesloth.html5-boilerplate]: Unknown language in `contributes.html5-boilerplate.language`. Provided value: django-html
2025-08-21 16:56:48.055 [error] [TaodongWu.ejs-snippets]: Unknown language in `contributes.ejs-snippets.language`. Provided value: ejs
2025-08-21 16:56:48.055 [error] [thekalinga.bootstrap4-vscode]: Unknown language in `contributes.bootstrap4-vscode.language`. Provided value: blade
2025-08-21 16:56:48.055 [error] [thekalinga.bootstrap4-vscode]: Unknown language in `contributes.bootstrap4-vscode.language`. Provided value: ejs
2025-08-21 16:56:48.056 [error] [thekalinga.bootstrap4-vscode]: Unknown language in `contributes.bootstrap4-vscode.language`. Provided value: latte
2025-08-21 16:56:48.056 [error] [thekalinga.bootstrap4-vscode]: Unknown language in `contributes.bootstrap4-vscode.language`. Provided value: tpl
2025-08-21 16:56:48.056 [error] [thekalinga.bootstrap4-vscode]: Unknown language in `contributes.bootstrap4-vscode.language`. Provided value: twig
2025-08-21 16:56:48.056 [error] [thekalinga.bootstrap4-vscode]: Unknown language in `contributes.bootstrap4-vscode.language`. Provided value: vue
2025-08-21 16:56:48.056 [error] [thekalinga.bootstrap4-vscode]: Unknown language in `contributes.bootstrap4-vscode.language`. Provided value: vue-html
2025-08-21 16:56:48.056 [error] [thekalinga.bootstrap4-vscode]: Unknown language in `contributes.bootstrap4-vscode.language`. Provided value: django-html
2025-08-21 16:56:48.057 [error] [thekalinga.bootstrap4-vscode]: Unknown language in `contributes.bootstrap4-vscode.language`. Provided value: jinja-html
2025-08-21 16:56:48.057 [error] [thekalinga.bootstrap4-vscode]: Unknown language in `contributes.bootstrap4-vscode.language`. Provided value: erb
2025-08-21 16:56:48.057 [error] [thekalinga.bootstrap4-vscode]: Unknown language in `contributes.bootstrap4-vscode.language`. Provided value: HTML (Eex)
2025-08-21 16:56:48.057 [error] [thekalinga.bootstrap4-vscode]: Unknown language in `contributes.bootstrap4-vscode.language`. Provided value: volt
2025-08-21 16:56:48.057 [error] [thekalinga.bootstrap4-vscode]: Unknown language in `contributes.bootstrap4-vscode.language`. Provided value: nunjucks
2025-08-21 16:56:48.057 [error] [xabikos.JavaScriptSnippets]: Unknown language in `contributes.JavaScriptSnippets.language`. Provided value: vue
2025-08-21 16:56:48.396 [error] [Extension Host] (node:167312) [DEP0040] DeprecationWarning: The `punycode` module is deprecated. Please use a userland alternative instead.
(Use `exe --trace-deprecation ...` to show where the warning was created)
2025-08-21 16:56:48.522 [info] Settings Sync: Account status changed from uninitialized to available
2025-08-21 16:56:50.296 [info] [perf] Render performance baseline is 23ms
2025-08-21 16:56:50.413 [info] Auto updating outdated extensions. brian-njogu.gitlantis
2025-08-21 16:56:52.894 [error] Cannot read properties of null (reading 'appendChild'): TypeError: Cannot read properties of null (reading 'appendChild')
    at new Npt (vscode-file://vscode-app/nix/store/fhf7jdl0rj62y287wgz55zmr4am58aa4-vscode-1.102.3/lib/vscode/resources/app/out/vs/workbench/workbench.desktop.main.js:2710:6182)
    at qxt.o (vscode-file://vscode-app/nix/store/fhf7jdl0rj62y287wgz55zmr4am58aa4-vscode-1.102.3/lib/vscode/resources/app/out/vs/workbench/workbench.desktop.main.js:1304:1589)
    at qxt.createInstance (vscode-file://vscode-app/nix/store/fhf7jdl0rj62y287wgz55zmr4am58aa4-vscode-1.102.3/lib/vscode/resources/app/out/vs/workbench/workbench.desktop.main.js:1304:1086)
    at kDe.ub (vscode-file://vscode-app/nix/store/fhf7jdl0rj62y287wgz55zmr4am58aa4-vscode-1.102.3/lib/vscode/resources/app/out/vs/workbench/workbench.desktop.main.js:2710:33628)
    at kDe.tb (vscode-file://vscode-app/nix/store/fhf7jdl0rj62y287wgz55zmr4am58aa4-vscode-1.102.3/lib/vscode/resources/app/out/vs/workbench/workbench.desktop.main.js:2710:33195)
    at kDe.fb (vscode-file://vscode-app/nix/store/fhf7jdl0rj62y287wgz55zmr4am58aa4-vscode-1.102.3/lib/vscode/resources/app/out/vs/workbench/workbench.desktop.main.js:2710:28882)
    at async kDe.requestCompletions (vscode-file://vscode-app/nix/store/fhf7jdl0rj62y287wgz55zmr4am58aa4-vscode-1.102.3/lib/vscode/resources/app/out/vs/workbench/workbench.desktop.main.js:2710:29322)
2025-08-21 16:56:55.645 [error] Cannot read properties of null (reading 'appendChild'): TypeError: Cannot read properties of null (reading 'appendChild')
    at new Npt (vscode-file://vscode-app/nix/store/fhf7jdl0rj62y287wgz55zmr4am58aa4-vscode-1.102.3/lib/vscode/resources/app/out/vs/workbench/workbench.desktop.main.js:2710:6182)
    at qxt.o (vscode-file://vscode-app/nix/store/fhf7jdl0rj62y287wgz55zmr4am58aa4-vscode-1.102.3/lib/vscode/resources/app/out/vs/workbench/workbench.desktop.main.js:1304:1589)
    at qxt.createInstance (vscode-file://vscode-app/nix/store/fhf7jdl0rj62y287wgz55zmr4am58aa4-vscode-1.102.3/lib/vscode/resources/app/out/vs/workbench/workbench.desktop.main.js:1304:1086)
    at kDe.ub (vscode-file://vscode-app/nix/store/fhf7jdl0rj62y287wgz55zmr4am58aa4-vscode-1.102.3/lib/vscode/resources/app/out/vs/workbench/workbench.desktop.main.js:2710:33628)
    at kDe.tb (vscode-file://vscode-app/nix/store/fhf7jdl0rj62y287wgz55zmr4am58aa4-vscode-1.102.3/lib/vscode/resources/app/out/vs/workbench/workbench.desktop.main.js:2710:33195)
    at kDe.fb (vscode-file://vscode-app/nix/store/fhf7jdl0rj62y287wgz55zmr4am58aa4-vscode-1.102.3/lib/vscode/resources/app/out/vs/workbench/workbench.desktop.main.js:2710:28882)
    at async kDe.requestCompletions (vscode-file://vscode-app/nix/store/fhf7jdl0rj62y287wgz55zmr4am58aa4-vscode-1.102.3/lib/vscode/resources/app/out/vs/workbench/workbench.desktop.main.js:2710:29322)
2025-08-21 16:57:00.074 [error] Cannot read properties of null (reading 'appendChild'): TypeError: Cannot read properties of null (reading 'appendChild')
    at new Npt (vscode-file://vscode-app/nix/store/fhf7jdl0rj62y287wgz55zmr4am58aa4-vscode-1.102.3/lib/vscode/resources/app/out/vs/workbench/workbench.desktop.main.js:2710:6182)
    at qxt.o (vscode-file://vscode-app/nix/store/fhf7jdl0rj62y287wgz55zmr4am58aa4-vscode-1.102.3/lib/vscode/resources/app/out/vs/workbench/workbench.desktop.main.js:1304:1589)
    at qxt.createInstance (vscode-file://vscode-app/nix/store/fhf7jdl0rj62y287wgz55zmr4am58aa4-vscode-1.102.3/lib/vscode/resources/app/out/vs/workbench/workbench.desktop.main.js:1304:1086)
    at kDe.ub (vscode-file://vscode-app/nix/store/fhf7jdl0rj62y287wgz55zmr4am58aa4-vscode-1.102.3/lib/vscode/resources/app/out/vs/workbench/workbench.desktop.main.js:2710:33628)
    at kDe.tb (vscode-file://vscode-app/nix/store/fhf7jdl0rj62y287wgz55zmr4am58aa4-vscode-1.102.3/lib/vscode/resources/app/out/vs/workbench/workbench.desktop.main.js:2710:33195)
    at kDe.fb (vscode-file://vscode-app/nix/store/fhf7jdl0rj62y287wgz55zmr4am58aa4-vscode-1.102.3/lib/vscode/resources/app/out/vs/workbench/workbench.desktop.main.js:2710:28882)
    at async kDe.requestCompletions (vscode-file://vscode-app/nix/store/fhf7jdl0rj62y287wgz55zmr4am58aa4-vscode-1.102.3/lib/vscode/resources/app/out/vs/workbench/workbench.desktop.main.js:2710:29322)
2025-08-21 16:57:16.471 [error] Cannot read properties of null (reading 'appendChild'): TypeError: Cannot read properties of null (reading 'appendChild')
    at new Npt (vscode-file://vscode-app/nix/store/fhf7jdl0rj62y287wgz55zmr4am58aa4-vscode-1.102.3/lib/vscode/resources/app/out/vs/workbench/workbench.desktop.main.js:2710:6182)
    at qxt.o (vscode-file://vscode-app/nix/store/fhf7jdl0rj62y287wgz55zmr4am58aa4-vscode-1.102.3/lib/vscode/resources/app/out/vs/workbench/workbench.desktop.main.js:1304:1589)
    at qxt.createInstance (vscode-file://vscode-app/nix/store/fhf7jdl0rj62y287wgz55zmr4am58aa4-vscode-1.102.3/lib/vscode/resources/app/out/vs/workbench/workbench.desktop.main.js:1304:1086)
    at kDe.ub (vscode-file://vscode-app/nix/store/fhf7jdl0rj62y287wgz55zmr4am58aa4-vscode-1.102.3/lib/vscode/resources/app/out/vs/workbench/workbench.desktop.main.js:2710:33628)
    at kDe.tb (vscode-file://vscode-app/nix/store/fhf7jdl0rj62y287wgz55zmr4am58aa4-vscode-1.102.3/lib/vscode/resources/app/out/vs/workbench/workbench.desktop.main.js:2710:33195)
    at kDe.fb (vscode-file://vscode-app/nix/store/fhf7jdl0rj62y287wgz55zmr4am58aa4-vscode-1.102.3/lib/vscode/resources/app/out/vs/workbench/workbench.desktop.main.js:2710:28882)
    at async kDe.requestCompletions (vscode-file://vscode-app/nix/store/fhf7jdl0rj62y287wgz55zmr4am58aa4-vscode-1.102.3/lib/vscode/resources/app/out/vs/workbench/workbench.desktop.main.js:2710:29322)
2025-08-21 16:57:17.850 [error] Cannot read properties of null (reading 'appendChild'): TypeError: Cannot read properties of null (reading 'appendChild')
    at new Npt (vscode-file://vscode-app/nix/store/fhf7jdl0rj62y287wgz55zmr4am58aa4-vscode-1.102.3/lib/vscode/resources/app/out/vs/workbench/workbench.desktop.main.js:2710:6182)
    at qxt.o (vscode-file://vscode-app/nix/store/fhf7jdl0rj62y287wgz55zmr4am58aa4-vscode-1.102.3/lib/vscode/resources/app/out/vs/workbench/workbench.desktop.main.js:1304:1589)
    at qxt.createInstance (vscode-file://vscode-app/nix/store/fhf7jdl0rj62y287wgz55zmr4am58aa4-vscode-1.102.3/lib/vscode/resources/app/out/vs/workbench/workbench.desktop.main.js:1304:1086)
    at kDe.ub (vscode-file://vscode-app/nix/store/fhf7jdl0rj62y287wgz55zmr4am58aa4-vscode-1.102.3/lib/vscode/resources/app/out/vs/workbench/workbench.desktop.main.js:2710:33628)
    at kDe.tb (vscode-file://vscode-app/nix/store/fhf7jdl0rj62y287wgz55zmr4am58aa4-vscode-1.102.3/lib/vscode/resources/app/out/vs/workbench/workbench.desktop.main.js:2710:33195)
    at kDe.fb (vscode-file://vscode-app/nix/store/fhf7jdl0rj62y287wgz55zmr4am58aa4-vscode-1.102.3/lib/vscode/resources/app/out/vs/workbench/workbench.desktop.main.js:2710:28882)
    at async kDe.requestCompletions (vscode-file://vscode-app/nix/store/fhf7jdl0rj62y287wgz55zmr4am58aa4-vscode-1.102.3/lib/vscode/resources/app/out/vs/workbench/workbench.desktop.main.js:2710:29322)
2025-08-21 16:57:18.913 [error] Cannot read properties of null (reading 'appendChild'): TypeError: Cannot read properties of null (reading 'appendChild')
    at new Npt (vscode-file://vscode-app/nix/store/fhf7jdl0rj62y287wgz55zmr4am58aa4-vscode-1.102.3/lib/vscode/resources/app/out/vs/workbench/workbench.desktop.main.js:2710:6182)
    at qxt.o (vscode-file://vscode-app/nix/store/fhf7jdl0rj62y287wgz55zmr4am58aa4-vscode-1.102.3/lib/vscode/resources/app/out/vs/workbench/workbench.desktop.main.js:1304:1589)
    at qxt.createInstance (vscode-file://vscode-app/nix/store/fhf7jdl0rj62y287wgz55zmr4am58aa4-vscode-1.102.3/lib/vscode/resources/app/out/vs/workbench/workbench.desktop.main.js:1304:1086)
    at kDe.ub (vscode-file://vscode-app/nix/store/fhf7jdl0rj62y287wgz55zmr4am58aa4-vscode-1.102.3/lib/vscode/resources/app/out/vs/workbench/workbench.desktop.main.js:2710:33628)
    at kDe.tb (vscode-file://vscode-app/nix/store/fhf7jdl0rj62y287wgz55zmr4am58aa4-vscode-1.102.3/lib/vscode/resources/app/out/vs/workbench/workbench.desktop.main.js:2710:33195)
    at kDe.fb (vscode-file://vscode-app/nix/store/fhf7jdl0rj62y287wgz55zmr4am58aa4-vscode-1.102.3/lib/vscode/resources/app/out/vs/workbench/workbench.desktop.main.js:2710:28882)
    at async kDe.requestCompletions (vscode-file://vscode-app/nix/store/fhf7jdl0rj62y287wgz55zmr4am58aa4-vscode-1.102.3/lib/vscode/resources/app/out/vs/workbench/workbench.desktop.main.js:2710:29322)
2025-08-21 16:57:20.948 [error] Cannot read properties of null (reading 'appendChild'): TypeError: Cannot read properties of null (reading 'appendChild')
    at new Npt (vscode-file://vscode-app/nix/store/fhf7jdl0rj62y287wgz55zmr4am58aa4-vscode-1.102.3/lib/vscode/resources/app/out/vs/workbench/workbench.desktop.main.js:2710:6182)
    at qxt.o (vscode-file://vscode-app/nix/store/fhf7jdl0rj62y287wgz55zmr4am58aa4-vscode-1.102.3/lib/vscode/resources/app/out/vs/workbench/workbench.desktop.main.js:1304:1589)
    at qxt.createInstance (vscode-file://vscode-app/nix/store/fhf7jdl0rj62y287wgz55zmr4am58aa4-vscode-1.102.3/lib/vscode/resources/app/out/vs/workbench/workbench.desktop.main.js:1304:1086)
    at kDe.ub (vscode-file://vscode-app/nix/store/fhf7jdl0rj62y287wgz55zmr4am58aa4-vscode-1.102.3/lib/vscode/resources/app/out/vs/workbench/workbench.desktop.main.js:2710:33628)
    at kDe.tb (vscode-file://vscode-app/nix/store/fhf7jdl0rj62y287wgz55zmr4am58aa4-vscode-1.102.3/lib/vscode/resources/app/out/vs/workbench/workbench.desktop.main.js:2710:33195)
    at kDe.fb (vscode-file://vscode-app/nix/store/fhf7jdl0rj62y287wgz55zmr4am58aa4-vscode-1.102.3/lib/vscode/resources/app/out/vs/workbench/workbench.desktop.main.js:2710:28882)
    at async kDe.requestCompletions (vscode-file://vscode-app/nix/store/fhf7jdl0rj62y287wgz55zmr4am58aa4-vscode-1.102.3/lib/vscode/resources/app/out/vs/workbench/workbench.desktop.main.js:2710:29322)
2025-08-21 16:57:22.968 [error] Cannot read properties of null (reading 'appendChild'): TypeError: Cannot read properties of null (reading 'appendChild')
    at new Npt (vscode-file://vscode-app/nix/store/fhf7jdl0rj62y287wgz55zmr4am58aa4-vscode-1.102.3/lib/vscode/resources/app/out/vs/workbench/workbench.desktop.main.js:2710:6182)
    at qxt.o (vscode-file://vscode-app/nix/store/fhf7jdl0rj62y287wgz55zmr4am58aa4-vscode-1.102.3/lib/vscode/resources/app/out/vs/workbench/workbench.desktop.main.js:1304:1589)
    at qxt.createInstance (vscode-file://vscode-app/nix/store/fhf7jdl0rj62y287wgz55zmr4am58aa4-vscode-1.102.3/lib/vscode/resources/app/out/vs/workbench/workbench.desktop.main.js:1304:1086)
    at kDe.ub (vscode-file://vscode-app/nix/store/fhf7jdl0rj62y287wgz55zmr4am58aa4-vscode-1.102.3/lib/vscode/resources/app/out/vs/workbench/workbench.desktop.main.js:2710:33628)
    at kDe.tb (vscode-file://vscode-app/nix/store/fhf7jdl0rj62y287wgz55zmr4am58aa4-vscode-1.102.3/lib/vscode/resources/app/out/vs/workbench/workbench.desktop.main.js:2710:33195)
    at kDe.fb (vscode-file://vscode-app/nix/store/fhf7jdl0rj62y287wgz55zmr4am58aa4-vscode-1.102.3/lib/vscode/resources/app/out/vs/workbench/workbench.desktop.main.js:2710:28882)
    at async kDe.requestCompletions (vscode-file://vscode-app/nix/store/fhf7jdl0rj62y287wgz55zmr4am58aa4-vscode-1.102.3/lib/vscode/resources/app/out/vs/workbench/workbench.desktop.main.js:2710:29322)
2025-08-21 16:57:28.894 [error] Cannot read properties of null (reading 'appendChild'): TypeError: Cannot read properties of null (reading 'appendChild')
    at new Npt (vscode-file://vscode-app/nix/store/fhf7jdl0rj62y287wgz55zmr4am58aa4-vscode-1.102.3/lib/vscode/resources/app/out/vs/workbench/workbench.desktop.main.js:2710:6182)
    at qxt.o (vscode-file://vscode-app/nix/store/fhf7jdl0rj62y287wgz55zmr4am58aa4-vscode-1.102.3/lib/vscode/resources/app/out/vs/workbench/workbench.desktop.main.js:1304:1589)
    at qxt.createInstance (vscode-file://vscode-app/nix/store/fhf7jdl0rj62y287wgz55zmr4am58aa4-vscode-1.102.3/lib/vscode/resources/app/out/vs/workbench/workbench.desktop.main.js:1304:1086)
    at kDe.ub (vscode-file://vscode-app/nix/store/fhf7jdl0rj62y287wgz55zmr4am58aa4-vscode-1.102.3/lib/vscode/resources/app/out/vs/workbench/workbench.desktop.main.js:2710:33628)
    at kDe.tb (vscode-file://vscode-app/nix/store/fhf7jdl0rj62y287wgz55zmr4am58aa4-vscode-1.102.3/lib/vscode/resources/app/out/vs/workbench/workbench.desktop.main.js:2710:33195)
    at kDe.fb (vscode-file://vscode-app/nix/store/fhf7jdl0rj62y287wgz55zmr4am58aa4-vscode-1.102.3/lib/vscode/resources/app/out/vs/workbench/workbench.desktop.main.js:2710:28882)
    at async kDe.requestCompletions (vscode-file://vscode-app/nix/store/fhf7jdl0rj62y287wgz55zmr4am58aa4-vscode-1.102.3/lib/vscode/resources/app/out/vs/workbench/workbench.desktop.main.js:2710:29322)
2025-08-21 16:57:30.384 [error] Cannot read properties of null (reading 'appendChild'): TypeError: Cannot read properties of null (reading 'appendChild')
    at new Npt (vscode-file://vscode-app/nix/store/fhf7jdl0rj62y287wgz55zmr4am58aa4-vscode-1.102.3/lib/vscode/resources/app/out/vs/workbench/workbench.desktop.main.js:2710:6182)
    at qxt.o (vscode-file://vscode-app/nix/store/fhf7jdl0rj62y287wgz55zmr4am58aa4-vscode-1.102.3/lib/vscode/resources/app/out/vs/workbench/workbench.desktop.main.js:1304:1589)
    at qxt.createInstance (vscode-file://vscode-app/nix/store/fhf7jdl0rj62y287wgz55zmr4am58aa4-vscode-1.102.3/lib/vscode/resources/app/out/vs/workbench/workbench.desktop.main.js:1304:1086)
    at kDe.ub (vscode-file://vscode-app/nix/store/fhf7jdl0rj62y287wgz55zmr4am58aa4-vscode-1.102.3/lib/vscode/resources/app/out/vs/workbench/workbench.desktop.main.js:2710:33628)
    at kDe.tb (vscode-file://vscode-app/nix/store/fhf7jdl0rj62y287wgz55zmr4am58aa4-vscode-1.102.3/lib/vscode/resources/app/out/vs/workbench/workbench.desktop.main.js:2710:33195)
    at kDe.fb (vscode-file://vscode-app/nix/store/fhf7jdl0rj62y287wgz55zmr4am58aa4-vscode-1.102.3/lib/vscode/resources/app/out/vs/workbench/workbench.desktop.main.js:2710:28882)
    at async kDe.requestCompletions (vscode-file://vscode-app/nix/store/fhf7jdl0rj62y287wgz55zmr4am58aa4-vscode-1.102.3/lib/vscode/resources/app/out/vs/workbench/workbench.desktop.main.js:2710:29322)
2025-08-21 16:57:31.978 [error] Cannot read properties of null (reading 'appendChild'): TypeError: Cannot read properties of null (reading 'appendChild')
    at new Npt (vscode-file://vscode-app/nix/store/fhf7jdl0rj62y287wgz55zmr4am58aa4-vscode-1.102.3/lib/vscode/resources/app/out/vs/workbench/workbench.desktop.main.js:2710:6182)
    at qxt.o (vscode-file://vscode-app/nix/store/fhf7jdl0rj62y287wgz55zmr4am58aa4-vscode-1.102.3/lib/vscode/resources/app/out/vs/workbench/workbench.desktop.main.js:1304:1589)
    at qxt.createInstance (vscode-file://vscode-app/nix/store/fhf7jdl0rj62y287wgz55zmr4am58aa4-vscode-1.102.3/lib/vscode/resources/app/out/vs/workbench/workbench.desktop.main.js:1304:1086)
    at kDe.ub (vscode-file://vscode-app/nix/store/fhf7jdl0rj62y287wgz55zmr4am58aa4-vscode-1.102.3/lib/vscode/resources/app/out/vs/workbench/workbench.desktop.main.js:2710:33628)
    at kDe.tb (vscode-file://vscode-app/nix/store/fhf7jdl0rj62y287wgz55zmr4am58aa4-vscode-1.102.3/lib/vscode/resources/app/out/vs/workbench/workbench.desktop.main.js:2710:33195)
    at kDe.fb (vscode-file://vscode-app/nix/store/fhf7jdl0rj62y287wgz55zmr4am58aa4-vscode-1.102.3/lib/vscode/resources/app/out/vs/workbench/workbench.desktop.main.js:2710:28882)
    at async kDe.requestCompletions (vscode-file://vscode-app/nix/store/fhf7jdl0rj62y287wgz55zmr4am58aa4-vscode-1.102.3/lib/vscode/resources/app/out/vs/workbench/workbench.desktop.main.js:2710:29322)
2025-08-21 16:57:33.280 [error] Cannot read properties of null (reading 'appendChild'): TypeError: Cannot read properties of null (reading 'appendChild')
    at new Npt (vscode-file://vscode-app/nix/store/fhf7jdl0rj62y287wgz55zmr4am58aa4-vscode-1.102.3/lib/vscode/resources/app/out/vs/workbench/workbench.desktop.main.js:2710:6182)
    at qxt.o (vscode-file://vscode-app/nix/store/fhf7jdl0rj62y287wgz55zmr4am58aa4-vscode-1.102.3/lib/vscode/resources/app/out/vs/workbench/workbench.desktop.main.js:1304:1589)
    at qxt.createInstance (vscode-file://vscode-app/nix/store/fhf7jdl0rj62y287wgz55zmr4am58aa4-vscode-1.102.3/lib/vscode/resources/app/out/vs/workbench/workbench.desktop.main.js:1304:1086)
    at kDe.ub (vscode-file://vscode-app/nix/store/fhf7jdl0rj62y287wgz55zmr4am58aa4-vscode-1.102.3/lib/vscode/resources/app/out/vs/workbench/workbench.desktop.main.js:2710:33628)
    at kDe.tb (vscode-file://vscode-app/nix/store/fhf7jdl0rj62y287wgz55zmr4am58aa4-vscode-1.102.3/lib/vscode/resources/app/out/vs/workbench/workbench.desktop.main.js:2710:33195)
    at kDe.fb (vscode-file://vscode-app/nix/store/fhf7jdl0rj62y287wgz55zmr4am58aa4-vscode-1.102.3/lib/vscode/resources/app/out/vs/workbench/workbench.desktop.main.js:2710:28882)
    at async kDe.requestCompletions (vscode-file://vscode-app/nix/store/fhf7jdl0rj62y287wgz55zmr4am58aa4-vscode-1.102.3/lib/vscode/resources/app/out/vs/workbench/workbench.desktop.main.js:2710:29322)
2025-08-21 16:57:34.382 [error] Cannot read properties of null (reading 'appendChild'): TypeError: Cannot read properties of null (reading 'appendChild')
    at new Npt (vscode-file://vscode-app/nix/store/fhf7jdl0rj62y287wgz55zmr4am58aa4-vscode-1.102.3/lib/vscode/resources/app/out/vs/workbench/workbench.desktop.main.js:2710:6182)
    at qxt.o (vscode-file://vscode-app/nix/store/fhf7jdl0rj62y287wgz55zmr4am58aa4-vscode-1.102.3/lib/vscode/resources/app/out/vs/workbench/workbench.desktop.main.js:1304:1589)
    at qxt.createInstance (vscode-file://vscode-app/nix/store/fhf7jdl0rj62y287wgz55zmr4am58aa4-vscode-1.102.3/lib/vscode/resources/app/out/vs/workbench/workbench.desktop.main.js:1304:1086)
    at kDe.ub (vscode-file://vscode-app/nix/store/fhf7jdl0rj62y287wgz55zmr4am58aa4-vscode-1.102.3/lib/vscode/resources/app/out/vs/workbench/workbench.desktop.main.js:2710:33628)
    at kDe.tb (vscode-file://vscode-app/nix/store/fhf7jdl0rj62y287wgz55zmr4am58aa4-vscode-1.102.3/lib/vscode/resources/app/out/vs/workbench/workbench.desktop.main.js:2710:33195)
    at kDe.fb (vscode-file://vscode-app/nix/store/fhf7jdl0rj62y287wgz55zmr4am58aa4-vscode-1.102.3/lib/vscode/resources/app/out/vs/workbench/workbench.desktop.main.js:2710:28882)
    at async kDe.requestCompletions (vscode-file://vscode-app/nix/store/fhf7jdl0rj62y287wgz55zmr4am58aa4-vscode-1.102.3/lib/vscode/resources/app/out/vs/workbench/workbench.desktop.main.js:2710:29322)
2025-08-21 16:57:42.260 [error] Error: Unable to read file '/home/ranger/.vscode/extensions/lolkush.quickstart-0.1.0/snippets/html.json' (Error: Unable to resolve nonexistent file '/home/ranger/.vscode/extensions/lolkush.quickstart-0.1.0/snippets/html.json')
    at Cyt.G (vscode-file://vscode-app/nix/store/fhf7jdl0rj62y287wgz55zmr4am58aa4-vscode-1.102.3/lib/vscode/resources/app/out/vs/workbench/workbench.desktop.main.js:3360:65776)
    at Cyt.F (vscode-file://vscode-app/nix/store/fhf7jdl0rj62y287wgz55zmr4am58aa4-vscode-1.102.3/lib/vscode/resources/app/out/vs/workbench/workbench.desktop.main.js:3360:65601)
    at async Cyt.D (vscode-file://vscode-app/nix/store/fhf7jdl0rj62y287wgz55zmr4am58aa4-vscode-1.102.3/lib/vscode/resources/app/out/vs/workbench/workbench.desktop.main.js:3360:64968)
    at async P0t.readExtensionResource (vscode-file://vscode-app/nix/store/fhf7jdl0rj62y287wgz55zmr4am58aa4-vscode-1.102.3/lib/vscode/resources/app/out/vs/workbench/workbench.desktop.main.js:3390:2243)
    at async Promise.all (index 17)
    at async G3e.getSnippets (vscode-file://vscode-app/nix/store/fhf7jdl0rj62y287wgz55zmr4am58aa4-vscode-1.102.3/lib/vscode/resources/app/out/vs/workbench/workbench.desktop.main.js:558:20155)
    at async xki (vscode-file://vscode-app/nix/store/fhf7jdl0rj62y287wgz55zmr4am58aa4-vscode-1.102.3/lib/vscode/resources/app/out/vs/workbench/workbench.desktop.main.js:2822:3955)
    at async ibt.provideCodeActions (vscode-file://vscode-app/nix/store/fhf7jdl0rj62y287wgz55zmr4am58aa4-vscode-1.102.3/lib/vscode/resources/app/out/vs/workbench/workbench.desktop.main.js:2822:4952)
    at async vscode-file://vscode-app/nix/store/fhf7jdl0rj62y287wgz55zmr4am58aa4-vscode-1.102.3/lib/vscode/resources/app/out/vs/workbench/workbench.desktop.main.js:412:78652
    at async Promise.all (index 1) file:///home/ranger/.vscode/extensions/lolkush.quickstart-0.1.0/snippets/html.json
2025-08-21 16:57:42.947 [error] Error: Unable to read file '/home/ranger/.vscode/extensions/lolkush.quickstart-0.1.0/snippets/html.json' (Error: Unable to resolve nonexistent file '/home/ranger/.vscode/extensions/lolkush.quickstart-0.1.0/snippets/html.json')
    at Cyt.G (vscode-file://vscode-app/nix/store/fhf7jdl0rj62y287wgz55zmr4am58aa4-vscode-1.102.3/lib/vscode/resources/app/out/vs/workbench/workbench.desktop.main.js:3360:65776)
    at Cyt.F (vscode-file://vscode-app/nix/store/fhf7jdl0rj62y287wgz55zmr4am58aa4-vscode-1.102.3/lib/vscode/resources/app/out/vs/workbench/workbench.desktop.main.js:3360:65601)
    at async Cyt.D (vscode-file://vscode-app/nix/store/fhf7jdl0rj62y287wgz55zmr4am58aa4-vscode-1.102.3/lib/vscode/resources/app/out/vs/workbench/workbench.desktop.main.js:3360:64968)
    at async P0t.readExtensionResource (vscode-file://vscode-app/nix/store/fhf7jdl0rj62y287wgz55zmr4am58aa4-vscode-1.102.3/lib/vscode/resources/app/out/vs/workbench/workbench.desktop.main.js:3390:2243)
    at async Promise.all (index 17)
    at async G3e.getSnippets (vscode-file://vscode-app/nix/store/fhf7jdl0rj62y287wgz55zmr4am58aa4-vscode-1.102.3/lib/vscode/resources/app/out/vs/workbench/workbench.desktop.main.js:558:20155)
    at async xki (vscode-file://vscode-app/nix/store/fhf7jdl0rj62y287wgz55zmr4am58aa4-vscode-1.102.3/lib/vscode/resources/app/out/vs/workbench/workbench.desktop.main.js:2822:3955)
    at async ibt.provideCodeActions (vscode-file://vscode-app/nix/store/fhf7jdl0rj62y287wgz55zmr4am58aa4-vscode-1.102.3/lib/vscode/resources/app/out/vs/workbench/workbench.desktop.main.js:2822:4952)
    at async vscode-file://vscode-app/nix/store/fhf7jdl0rj62y287wgz55zmr4am58aa4-vscode-1.102.3/lib/vscode/resources/app/out/vs/workbench/workbench.desktop.main.js:412:78652
    at async Promise.all (index 1) file:///home/ranger/.vscode/extensions/lolkush.quickstart-0.1.0/snippets/html.json
2025-08-21 16:57:43.281 [error] Error: Unable to read file '/home/ranger/.vscode/extensions/lolkush.quickstart-0.1.0/snippets/html.json' (Error: Unable to resolve nonexistent file '/home/ranger/.vscode/extensions/lolkush.quickstart-0.1.0/snippets/html.json')
    at Cyt.G (vscode-file://vscode-app/nix/store/fhf7jdl0rj62y287wgz55zmr4am58aa4-vscode-1.102.3/lib/vscode/resources/app/out/vs/workbench/workbench.desktop.main.js:3360:65776)
    at Cyt.F (vscode-file://vscode-app/nix/store/fhf7jdl0rj62y287wgz55zmr4am58aa4-vscode-1.102.3/lib/vscode/resources/app/out/vs/workbench/workbench.desktop.main.js:3360:65601)
    at async Cyt.D (vscode-file://vscode-app/nix/store/fhf7jdl0rj62y287wgz55zmr4am58aa4-vscode-1.102.3/lib/vscode/resources/app/out/vs/workbench/workbench.desktop.main.js:3360:64968)
    at async P0t.readExtensionResource (vscode-file://vscode-app/nix/store/fhf7jdl0rj62y287wgz55zmr4am58aa4-vscode-1.102.3/lib/vscode/resources/app/out/vs/workbench/workbench.desktop.main.js:3390:2243)
    at async Promise.all (index 17)
    at async G3e.getSnippets (vscode-file://vscode-app/nix/store/fhf7jdl0rj62y287wgz55zmr4am58aa4-vscode-1.102.3/lib/vscode/resources/app/out/vs/workbench/workbench.desktop.main.js:558:20155)
    at async xki (vscode-file://vscode-app/nix/store/fhf7jdl0rj62y287wgz55zmr4am58aa4-vscode-1.102.3/lib/vscode/resources/app/out/vs/workbench/workbench.desktop.main.js:2822:3955)
    at async ibt.provideCodeActions (vscode-file://vscode-app/nix/store/fhf7jdl0rj62y287wgz55zmr4am58aa4-vscode-1.102.3/lib/vscode/resources/app/out/vs/workbench/workbench.desktop.main.js:2822:4952)
    at async vscode-file://vscode-app/nix/store/fhf7jdl0rj62y287wgz55zmr4am58aa4-vscode-1.102.3/lib/vscode/resources/app/out/vs/workbench/workbench.desktop.main.js:412:78652
    at async Promise.all (index 1) file:///home/ranger/.vscode/extensions/lolkush.quickstart-0.1.0/snippets/html.json
2025-08-21 16:57:43.666 [error] Error: Unable to read file '/home/ranger/.vscode/extensions/lolkush.quickstart-0.1.0/snippets/html.json' (Error: Unable to resolve nonexistent file '/home/ranger/.vscode/extensions/lolkush.quickstart-0.1.0/snippets/html.json')
    at Cyt.G (vscode-file://vscode-app/nix/store/fhf7jdl0rj62y287wgz55zmr4am58aa4-vscode-1.102.3/lib/vscode/resources/app/out/vs/workbench/workbench.desktop.main.js:3360:65776)
    at Cyt.F (vscode-file://vscode-app/nix/store/fhf7jdl0rj62y287wgz55zmr4am58aa4-vscode-1.102.3/lib/vscode/resources/app/out/vs/workbench/workbench.desktop.main.js:3360:65601)
    at async Cyt.D (vscode-file://vscode-app/nix/store/fhf7jdl0rj62y287wgz55zmr4am58aa4-vscode-1.102.3/lib/vscode/resources/app/out/vs/workbench/workbench.desktop.main.js:3360:64968)
    at async P0t.readExtensionResource (vscode-file://vscode-app/nix/store/fhf7jdl0rj62y287wgz55zmr4am58aa4-vscode-1.102.3/lib/vscode/resources/app/out/vs/workbench/workbench.desktop.main.js:3390:2243)
    at async Promise.all (index 17)
    at async G3e.getSnippets (vscode-file://vscode-app/nix/store/fhf7jdl0rj62y287wgz55zmr4am58aa4-vscode-1.102.3/lib/vscode/resources/app/out/vs/workbench/workbench.desktop.main.js:558:20155)
    at async xki (vscode-file://vscode-app/nix/store/fhf7jdl0rj62y287wgz55zmr4am58aa4-vscode-1.102.3/lib/vscode/resources/app/out/vs/workbench/workbench.desktop.main.js:2822:3955)
    at async ibt.provideCodeActions (vscode-file://vscode-app/nix/store/fhf7jdl0rj62y287wgz55zmr4am58aa4-vscode-1.102.3/lib/vscode/resources/app/out/vs/workbench/workbench.desktop.main.js:2822:4952)
    at async vscode-file://vscode-app/nix/store/fhf7jdl0rj62y287wgz55zmr4am58aa4-vscode-1.102.3/lib/vscode/resources/app/out/vs/workbench/workbench.desktop.main.js:412:78652
    at async Promise.all (index 1) file:///home/ranger/.vscode/extensions/lolkush.quickstart-0.1.0/snippets/html.json
2025-08-21 16:57:43.960 [error] Error: Unable to read file '/home/ranger/.vscode/extensions/lolkush.quickstart-0.1.0/snippets/html.json' (Error: Unable to resolve nonexistent file '/home/ranger/.vscode/extensions/lolkush.quickstart-0.1.0/snippets/html.json')
    at Cyt.G (vscode-file://vscode-app/nix/store/fhf7jdl0rj62y287wgz55zmr4am58aa4-vscode-1.102.3/lib/vscode/resources/app/out/vs/workbench/workbench.desktop.main.js:3360:65776)
    at Cyt.F (vscode-file://vscode-app/nix/store/fhf7jdl0rj62y287wgz55zmr4am58aa4-vscode-1.102.3/lib/vscode/resources/app/out/vs/workbench/workbench.desktop.main.js:3360:65601)
    at async Cyt.D (vscode-file://vscode-app/nix/store/fhf7jdl0rj62y287wgz55zmr4am58aa4-vscode-1.102.3/lib/vscode/resources/app/out/vs/workbench/workbench.desktop.main.js:3360:64968)
    at async P0t.readExtensionResource (vscode-file://vscode-app/nix/store/fhf7jdl0rj62y287wgz55zmr4am58aa4-vscode-1.102.3/lib/vscode/resources/app/out/vs/workbench/workbench.desktop.main.js:3390:2243)
    at async Promise.all (index 17)
    at async G3e.getSnippets (vscode-file://vscode-app/nix/store/fhf7jdl0rj62y287wgz55zmr4am58aa4-vscode-1.102.3/lib/vscode/resources/app/out/vs/workbench/workbench.desktop.main.js:558:20155)
    at async xki (vscode-file://vscode-app/nix/store/fhf7jdl0rj62y287wgz55zmr4am58aa4-vscode-1.102.3/lib/vscode/resources/app/out/vs/workbench/workbench.desktop.main.js:2822:3955)
    at async ibt.provideCodeActions (vscode-file://vscode-app/nix/store/fhf7jdl0rj62y287wgz55zmr4am58aa4-vscode-1.102.3/lib/vscode/resources/app/out/vs/workbench/workbench.desktop.main.js:2822:4952)
    at async vscode-file://vscode-app/nix/store/fhf7jdl0rj62y287wgz55zmr4am58aa4-vscode-1.102.3/lib/vscode/resources/app/out/vs/workbench/workbench.desktop.main.js:412:78652
    at async Promise.all (index 1) file:///home/ranger/.vscode/extensions/lolkush.quickstart-0.1.0/snippets/html.json
2025-08-21 16:57:44.548 [error] Error: Unable to read file '/home/ranger/.vscode/extensions/lolkush.quickstart-0.1.0/snippets/html.json' (Error: Unable to resolve nonexistent file '/home/ranger/.vscode/extensions/lolkush.quickstart-0.1.0/snippets/html.json')
    at Cyt.G (vscode-file://vscode-app/nix/store/fhf7jdl0rj62y287wgz55zmr4am58aa4-vscode-1.102.3/lib/vscode/resources/app/out/vs/workbench/workbench.desktop.main.js:3360:65776)
    at Cyt.F (vscode-file://vscode-app/nix/store/fhf7jdl0rj62y287wgz55zmr4am58aa4-vscode-1.102.3/lib/vscode/resources/app/out/vs/workbench/workbench.desktop.main.js:3360:65601)
    at async Cyt.D (vscode-file://vscode-app/nix/store/fhf7jdl0rj62y287wgz55zmr4am58aa4-vscode-1.102.3/lib/vscode/resources/app/out/vs/workbench/workbench.desktop.main.js:3360:64968)
    at async P0t.readExtensionResource (vscode-file://vscode-app/nix/store/fhf7jdl0rj62y287wgz55zmr4am58aa4-vscode-1.102.3/lib/vscode/resources/app/out/vs/workbench/workbench.desktop.main.js:3390:2243)
    at async Promise.all (index 17)
    at async G3e.getSnippets (vscode-file://vscode-app/nix/store/fhf7jdl0rj62y287wgz55zmr4am58aa4-vscode-1.102.3/lib/vscode/resources/app/out/vs/workbench/workbench.desktop.main.js:558:20155)
    at async xki (vscode-file://vscode-app/nix/store/fhf7jdl0rj62y287wgz55zmr4am58aa4-vscode-1.102.3/lib/vscode/resources/app/out/vs/workbench/workbench.desktop.main.js:2822:3955)
    at async ibt.provideCodeActions (vscode-file://vscode-app/nix/store/fhf7jdl0rj62y287wgz55zmr4am58aa4-vscode-1.102.3/lib/vscode/resources/app/out/vs/workbench/workbench.desktop.main.js:2822:4952)
    at async vscode-file://vscode-app/nix/store/fhf7jdl0rj62y287wgz55zmr4am58aa4-vscode-1.102.3/lib/vscode/resources/app/out/vs/workbench/workbench.desktop.main.js:412:78652
    at async Promise.all (index 1) file:///home/ranger/.vscode/extensions/lolkush.quickstart-0.1.0/snippets/html.json
2025-08-21 16:57:44.949 [error] Error: Unable to read file '/home/ranger/.vscode/extensions/lolkush.quickstart-0.1.0/snippets/html.json' (Error: Unable to resolve nonexistent file '/home/ranger/.vscode/extensions/lolkush.quickstart-0.1.0/snippets/html.json')
    at Cyt.G (vscode-file://vscode-app/nix/store/fhf7jdl0rj62y287wgz55zmr4am58aa4-vscode-1.102.3/lib/vscode/resources/app/out/vs/workbench/workbench.desktop.main.js:3360:65776)
    at Cyt.F (vscode-file://vscode-app/nix/store/fhf7jdl0rj62y287wgz55zmr4am58aa4-vscode-1.102.3/lib/vscode/resources/app/out/vs/workbench/workbench.desktop.main.js:3360:65601)
    at async Cyt.D (vscode-file://vscode-app/nix/store/fhf7jdl0rj62y287wgz55zmr4am58aa4-vscode-1.102.3/lib/vscode/resources/app/out/vs/workbench/workbench.desktop.main.js:3360:64968)
    at async P0t.readExtensionResource (vscode-file://vscode-app/nix/store/fhf7jdl0rj62y287wgz55zmr4am58aa4-vscode-1.102.3/lib/vscode/resources/app/out/vs/workbench/workbench.desktop.main.js:3390:2243)
    at async Promise.all (index 17)
    at async G3e.getSnippets (vscode-file://vscode-app/nix/store/fhf7jdl0rj62y287wgz55zmr4am58aa4-vscode-1.102.3/lib/vscode/resources/app/out/vs/workbench/workbench.desktop.main.js:558:20155)
    at async xki (vscode-file://vscode-app/nix/store/fhf7jdl0rj62y287wgz55zmr4am58aa4-vscode-1.102.3/lib/vscode/resources/app/out/vs/workbench/workbench.desktop.main.js:2822:3955)
    at async ibt.provideCodeActions (vscode-file://vscode-app/nix/store/fhf7jdl0rj62y287wgz55zmr4am58aa4-vscode-1.102.3/lib/vscode/resources/app/out/vs/workbench/workbench.desktop.main.js:2822:4952)
    at async vscode-file://vscode-app/nix/store/fhf7jdl0rj62y287wgz55zmr4am58aa4-vscode-1.102.3/lib/vscode/resources/app/out/vs/workbench/workbench.desktop.main.js:412:78652
    at async Promise.all (index 1) file:///home/ranger/.vscode/extensions/lolkush.quickstart-0.1.0/snippets/html.json
2025-08-21 16:59:49.957 [error] Cannot read properties of null (reading '0'): TypeError: Cannot read properties of null (reading '0')
    at Object.provideHover (/home/ranger/.vscode/extensions/solnurkarim.html-to-css-autocompletion-1.1.2/extension.js:340:33)
    at hP.provideHover (file:///nix/store/fhf7jdl0rj62y287wgz55zmr4am58aa4-vscode-1.102.3/lib/vscode/resources/app/out/vs/workbench/api/node/extensionHostProcess.js:140:130814)
    at file:///nix/store/fhf7jdl0rj62y287wgz55zmr4am58aa4-vscode-1.102.3/lib/vscode/resources/app/out/vs/workbench/api/node/extensionHostProcess.js:140:158105
    at Qt.s (file:///nix/store/fhf7jdl0rj62y287wgz55zmr4am58aa4-vscode-1.102.3/lib/vscode/resources/app/out/vs/workbench/api/node/extensionHostProcess.js:140:155573)
    at Qt.$provideHover (file:///nix/store/fhf7jdl0rj62y287wgz55zmr4am58aa4-vscode-1.102.3/lib/vscode/resources/app/out/vs/workbench/api/node/extensionHostProcess.js:140:158093)
    at a4.S (file:///nix/store/fhf7jdl0rj62y287wgz55zmr4am58aa4-vscode-1.102.3/lib/vscode/resources/app/out/vs/workbench/api/node/extensionHostProcess.js:29:117864)
    at a4.Q (file:///nix/store/fhf7jdl0rj62y287wgz55zmr4am58aa4-vscode-1.102.3/lib/vscode/resources/app/out/vs/workbench/api/node/extensionHostProcess.js:29:117644)
    at a4.M (file:///nix/store/fhf7jdl0rj62y287wgz55zmr4am58aa4-vscode-1.102.3/lib/vscode/resources/app/out/vs/workbench/api/node/extensionHostProcess.js:29:116695)
    at a4.L (file:///nix/store/fhf7jdl0rj62y287wgz55zmr4am58aa4-vscode-1.102.3/lib/vscode/resources/app/out/vs/workbench/api/node/extensionHostProcess.js:29:115838)
    at Gh.value (file:///nix/store/fhf7jdl0rj62y287wgz55zmr4am58aa4-vscode-1.102.3/lib/vscode/resources/app/out/vs/workbench/api/node/extensionHostProcess.js:29:114635)
    at $.C (file:///nix/store/fhf7jdl0rj62y287wgz55zmr4am58aa4-vscode-1.102.3/lib/vscode/resources/app/out/vs/workbench/api/node/extensionHostProcess.js:27:2375)
    at $.fire (file:///nix/store/fhf7jdl0rj62y287wgz55zmr4am58aa4-vscode-1.102.3/lib/vscode/resources/app/out/vs/workbench/api/node/extensionHostProcess.js:27:2593)
    at ao.fire (file:///nix/store/fhf7jdl0rj62y287wgz55zmr4am58aa4-vscode-1.102.3/lib/vscode/resources/app/out/vs/workbench/api/node/extensionHostProcess.js:29:9459)
    at Gh.value (file:///nix/store/fhf7jdl0rj62y287wgz55zmr4am58aa4-vscode-1.102.3/lib/vscode/resources/app/out/vs/workbench/api/node/extensionHostProcess.js:356:8152)
    at $.C (file:///nix/store/fhf7jdl0rj62y287wgz55zmr4am58aa4-vscode-1.102.3/lib/vscode/resources/app/out/vs/workbench/api/node/extensionHostProcess.js:27:2375)
    at $.fire (file:///nix/store/fhf7jdl0rj62y287wgz55zmr4am58aa4-vscode-1.102.3/lib/vscode/resources/app/out/vs/workbench/api/node/extensionHostProcess.js:27:2593)
    at ao.fire (file:///nix/store/fhf7jdl0rj62y287wgz55zmr4am58aa4-vscode-1.102.3/lib/vscode/resources/app/out/vs/workbench/api/node/extensionHostProcess.js:29:9459)
    at MessagePortMain.<anonymous> (file:///nix/store/fhf7jdl0rj62y287wgz55zmr4am58aa4-vscode-1.102.3/lib/vscode/resources/app/out/vs/workbench/api/node/extensionHostProcess.js:356:6444)
    at MessagePortMain.emit (node:events:518:28)
    at Object.MessagePortMain._internalPort.emit (node:electron/js2c/utility_init:2:3073)
2025-08-21 17:01:30.130 [error] Cannot read properties of null (reading '0'): TypeError: Cannot read properties of null (reading '0')
    at Object.provideHover (/home/ranger/.vscode/extensions/solnurkarim.html-to-css-autocompletion-1.1.2/extension.js:340:33)
    at hP.provideHover (file:///nix/store/fhf7jdl0rj62y287wgz55zmr4am58aa4-vscode-1.102.3/lib/vscode/resources/app/out/vs/workbench/api/node/extensionHostProcess.js:140:130814)
    at file:///nix/store/fhf7jdl0rj62y287wgz55zmr4am58aa4-vscode-1.102.3/lib/vscode/resources/app/out/vs/workbench/api/node/extensionHostProcess.js:140:158105
    at Qt.s (file:///nix/store/fhf7jdl0rj62y287wgz55zmr4am58aa4-vscode-1.102.3/lib/vscode/resources/app/out/vs/workbench/api/node/extensionHostProcess.js:140:155573)
    at Qt.$provideHover (file:///nix/store/fhf7jdl0rj62y287wgz55zmr4am58aa4-vscode-1.102.3/lib/vscode/resources/app/out/vs/workbench/api/node/extensionHostProcess.js:140:158093)
    at a4.S (file:///nix/store/fhf7jdl0rj62y287wgz55zmr4am58aa4-vscode-1.102.3/lib/vscode/resources/app/out/vs/workbench/api/node/extensionHostProcess.js:29:117864)
    at a4.Q (file:///nix/store/fhf7jdl0rj62y287wgz55zmr4am58aa4-vscode-1.102.3/lib/vscode/resources/app/out/vs/workbench/api/node/extensionHostProcess.js:29:117644)
    at a4.M (file:///nix/store/fhf7jdl0rj62y287wgz55zmr4am58aa4-vscode-1.102.3/lib/vscode/resources/app/out/vs/workbench/api/node/extensionHostProcess.js:29:116695)
    at a4.L (file:///nix/store/fhf7jdl0rj62y287wgz55zmr4am58aa4-vscode-1.102.3/lib/vscode/resources/app/out/vs/workbench/api/node/extensionHostProcess.js:29:115838)
    at Gh.value (file:///nix/store/fhf7jdl0rj62y287wgz55zmr4am58aa4-vscode-1.102.3/lib/vscode/resources/app/out/vs/workbench/api/node/extensionHostProcess.js:29:114635)
    at $.C (file:///nix/store/fhf7jdl0rj62y287wgz55zmr4am58aa4-vscode-1.102.3/lib/vscode/resources/app/out/vs/workbench/api/node/extensionHostProcess.js:27:2375)
    at $.fire (file:///nix/store/fhf7jdl0rj62y287wgz55zmr4am58aa4-vscode-1.102.3/lib/vscode/resources/app/out/vs/workbench/api/node/extensionHostProcess.js:27:2593)
    at ao.fire (file:///nix/store/fhf7jdl0rj62y287wgz55zmr4am58aa4-vscode-1.102.3/lib/vscode/resources/app/out/vs/workbench/api/node/extensionHostProcess.js:29:9459)
    at Gh.value (file:///nix/store/fhf7jdl0rj62y287wgz55zmr4am58aa4-vscode-1.102.3/lib/vscode/resources/app/out/vs/workbench/api/node/extensionHostProcess.js:356:8152)
    at $.C (file:///nix/store/fhf7jdl0rj62y287wgz55zmr4am58aa4-vscode-1.102.3/lib/vscode/resources/app/out/vs/workbench/api/node/extensionHostProcess.js:27:2375)
    at $.fire (file:///nix/store/fhf7jdl0rj62y287wgz55zmr4am58aa4-vscode-1.102.3/lib/vscode/resources/app/out/vs/workbench/api/node/extensionHostProcess.js:27:2593)
    at ao.fire (file:///nix/store/fhf7jdl0rj62y287wgz55zmr4am58aa4-vscode-1.102.3/lib/vscode/resources/app/out/vs/workbench/api/node/extensionHostProcess.js:29:9459)
    at MessagePortMain.<anonymous> (file:///nix/store/fhf7jdl0rj62y287wgz55zmr4am58aa4-vscode-1.102.3/lib/vscode/resources/app/out/vs/workbench/api/node/extensionHostProcess.js:356:6444)
    at MessagePortMain.emit (node:events:518:28)
    at Object.MessagePortMain._internalPort.emit (node:electron/js2c/utility_init:2:3073)
2025-08-21 17:01:32.095 [error] Cannot read properties of null (reading '0'): TypeError: Cannot read properties of null (reading '0')
    at Object.provideHover (/home/ranger/.vscode/extensions/solnurkarim.html-to-css-autocompletion-1.1.2/extension.js:340:33)
    at hP.provideHover (file:///nix/store/fhf7jdl0rj62y287wgz55zmr4am58aa4-vscode-1.102.3/lib/vscode/resources/app/out/vs/workbench/api/node/extensionHostProcess.js:140:130814)
    at file:///nix/store/fhf7jdl0rj62y287wgz55zmr4am58aa4-vscode-1.102.3/lib/vscode/resources/app/out/vs/workbench/api/node/extensionHostProcess.js:140:158105
    at Qt.s (file:///nix/store/fhf7jdl0rj62y287wgz55zmr4am58aa4-vscode-1.102.3/lib/vscode/resources/app/out/vs/workbench/api/node/extensionHostProcess.js:140:155573)
    at Qt.$provideHover (file:///nix/store/fhf7jdl0rj62y287wgz55zmr4am58aa4-vscode-1.102.3/lib/vscode/resources/app/out/vs/workbench/api/node/extensionHostProcess.js:140:158093)
    at a4.S (file:///nix/store/fhf7jdl0rj62y287wgz55zmr4am58aa4-vscode-1.102.3/lib/vscode/resources/app/out/vs/workbench/api/node/extensionHostProcess.js:29:117864)
    at a4.Q (file:///nix/store/fhf7jdl0rj62y287wgz55zmr4am58aa4-vscode-1.102.3/lib/vscode/resources/app/out/vs/workbench/api/node/extensionHostProcess.js:29:117644)
    at a4.M (file:///nix/store/fhf7jdl0rj62y287wgz55zmr4am58aa4-vscode-1.102.3/lib/vscode/resources/app/out/vs/workbench/api/node/extensionHostProcess.js:29:116695)
    at a4.L (file:///nix/store/fhf7jdl0rj62y287wgz55zmr4am58aa4-vscode-1.102.3/lib/vscode/resources/app/out/vs/workbench/api/node/extensionHostProcess.js:29:115838)
    at Gh.value (file:///nix/store/fhf7jdl0rj62y287wgz55zmr4am58aa4-vscode-1.102.3/lib/vscode/resources/app/out/vs/workbench/api/node/extensionHostProcess.js:29:114635)
    at $.C (file:///nix/store/fhf7jdl0rj62y287wgz55zmr4am58aa4-vscode-1.102.3/lib/vscode/resources/app/out/vs/workbench/api/node/extensionHostProcess.js:27:2375)
    at $.fire (file:///nix/store/fhf7jdl0rj62y287wgz55zmr4am58aa4-vscode-1.102.3/lib/vscode/resources/app/out/vs/workbench/api/node/extensionHostProcess.js:27:2593)
    at ao.fire (file:///nix/store/fhf7jdl0rj62y287wgz55zmr4am58aa4-vscode-1.102.3/lib/vscode/resources/app/out/vs/workbench/api/node/extensionHostProcess.js:29:9459)
    at Gh.value (file:///nix/store/fhf7jdl0rj62y287wgz55zmr4am58aa4-vscode-1.102.3/lib/vscode/resources/app/out/vs/workbench/api/node/extensionHostProcess.js:356:8152)
    at $.C (file:///nix/store/fhf7jdl0rj62y287wgz55zmr4am58aa4-vscode-1.102.3/lib/vscode/resources/app/out/vs/workbench/api/node/extensionHostProcess.js:27:2375)
    at $.fire (file:///nix/store/fhf7jdl0rj62y287wgz55zmr4am58aa4-vscode-1.102.3/lib/vscode/resources/app/out/vs/workbench/api/node/extensionHostProcess.js:27:2593)
    at ao.fire (file:///nix/store/fhf7jdl0rj62y287wgz55zmr4am58aa4-vscode-1.102.3/lib/vscode/resources/app/out/vs/workbench/api/node/extensionHostProcess.js:29:9459)
    at MessagePortMain.<anonymous> (file:///nix/store/fhf7jdl0rj62y287wgz55zmr4am58aa4-vscode-1.102.3/lib/vscode/resources/app/out/vs/workbench/api/node/extensionHostProcess.js:356:6444)
    at MessagePortMain.emit (node:events:518:28)
    at Object.MessagePortMain._internalPort.emit (node:electron/js2c/utility_init:2:3073)
