[INFO 12:40:06 PM] alexdauenhauer.catppuccin-noctis-icons activated
[INFO 12:40:06 PM] catppuccin-noctis-icons.hidesExplorerArrows changed, updating to false
[INFO 12:40:06 PM] catppuccin-noctis-icons.folders.associations changed, updating to undefined
[INFO 12:40:06 PM] catppuccin-noctis-icons.files.associations changed, updating to undefined
[INFO 12:40:06 PM] catppuccin-noctis-icons.hidesExplorerArrows changed, updating to false
[INFO 12:40:06 PM] catppuccin-noctis-icons.folders.associations changed, updating to undefined
[INFO 12:40:06 PM] catppuccin-noctis-icons.files.associations changed, updating to undefined
[INFO 12:40:16 PM] catppuccin-noctis-icons.hidesExplorerArrows changed, updating to false
[INFO 12:40:16 PM] catppuccin-noctis-icons.folders.associations changed, updating to undefined
[INFO 12:40:16 PM] catppuccin-noctis-icons.files.associations changed, updating to undefined
[INFO 12:40:23 PM] catppuccin-noctis-icons.hidesExplorerArrows changed, updating to false
[INFO 12:40:23 PM] catppuccin-noctis-icons.folders.associations changed, updating to undefined
[INFO 12:40:23 PM] catppuccin-noctis-icons.files.associations changed, updating to undefined
[INFO 12:40:32 PM] catppuccin-noctis-icons.hidesExplorerArrows changed, updating to false
[INFO 12:40:32 PM] catppuccin-noctis-icons.folders.associations changed, updating to undefined
[INFO 12:40:32 PM] catppuccin-noctis-icons.files.associations changed, updating to undefined
[INFO 12:41:09 PM] catppuccin-noctis-icons.hidesExplorerArrows changed, updating to false
[INFO 12:41:09 PM] catppuccin-noctis-icons.folders.associations changed, updating to undefined
[INFO 12:41:09 PM] catppuccin-noctis-icons.files.associations changed, updating to undefined
[INFO 12:41:30 PM] catppuccin-noctis-icons.hidesExplorerArrows changed, updating to false
[INFO 12:41:30 PM] catppuccin-noctis-icons.folders.associations changed, updating to undefined
[INFO 12:41:30 PM] catppuccin-noctis-icons.files.associations changed, updating to undefined
[INFO 12:41:53 PM] catppuccin-noctis-icons.hidesExplorerArrows changed, updating to false
[INFO 12:41:53 PM] catppuccin-noctis-icons.folders.associations changed, updating to undefined
[INFO 12:41:53 PM] catppuccin-noctis-icons.files.associations changed, updating to undefined
[INFO 12:42:06 PM] catppuccin-noctis-icons.hidesExplorerArrows changed, updating to false
[INFO 12:42:06 PM] catppuccin-noctis-icons.folders.associations changed, updating to undefined
[INFO 12:42:06 PM] catppuccin-noctis-icons.files.associations changed, updating to undefined
[INFO 12:44:00 PM] catppuccin-noctis-icons.hidesExplorerArrows changed, updating to false
[INFO 12:44:00 PM] catppuccin-noctis-icons.folders.associations changed, updating to undefined
[INFO 12:44:00 PM] catppuccin-noctis-icons.files.associations changed, updating to undefined
[INFO 12:44:01 PM] catppuccin-noctis-icons.hidesExplorerArrows changed, updating to false
[INFO 12:44:01 PM] catppuccin-noctis-icons.folders.associations changed, updating to undefined
[INFO 12:44:01 PM] catppuccin-noctis-icons.files.associations changed, updating to undefined
[INFO 12:44:02 PM] catppuccin-noctis-icons.hidesExplorerArrows changed, updating to false
[INFO 12:44:02 PM] catppuccin-noctis-icons.folders.associations changed, updating to undefined
[INFO 12:44:02 PM] catppuccin-noctis-icons.files.associations changed, updating to undefined
[INFO 12:44:13 PM] catppuccin-noctis-icons.hidesExplorerArrows changed, updating to false
[INFO 12:44:13 PM] catppuccin-noctis-icons.folders.associations changed, updating to undefined
[INFO 12:44:13 PM] catppuccin-noctis-icons.files.associations changed, updating to undefined
[INFO 12:44:33 PM] catppuccin-noctis-icons.hidesExplorerArrows changed, updating to false
[INFO 12:44:33 PM] catppuccin-noctis-icons.folders.associations changed, updating to undefined
[INFO 12:44:33 PM] catppuccin-noctis-icons.files.associations changed, updating to undefined
[INFO 12:44:58 PM] catppuccin-noctis-icons.hidesExplorerArrows changed, updating to false
[INFO 12:44:58 PM] catppuccin-noctis-icons.folders.associations changed, updating to undefined
[INFO 12:44:58 PM] catppuccin-noctis-icons.files.associations changed, updating to undefined
[INFO 12:45:23 PM] catppuccin-noctis-icons.hidesExplorerArrows changed, updating to false
[INFO 12:45:23 PM] catppuccin-noctis-icons.folders.associations changed, updating to undefined
[INFO 12:45:23 PM] catppuccin-noctis-icons.files.associations changed, updating to undefined
[INFO 12:45:48 PM] catppuccin-noctis-icons.hidesExplorerArrows changed, updating to false
[INFO 12:45:48 PM] catppuccin-noctis-icons.folders.associations changed, updating to undefined
[INFO 12:45:48 PM] catppuccin-noctis-icons.files.associations changed, updating to undefined
[INFO 12:46:12 PM] catppuccin-noctis-icons.hidesExplorerArrows changed, updating to false
[INFO 12:46:12 PM] catppuccin-noctis-icons.folders.associations changed, updating to undefined
[INFO 12:46:12 PM] catppuccin-noctis-icons.files.associations changed, updating to undefined
[INFO 12:46:21 PM] catppuccin-noctis-icons.hidesExplorerArrows changed, updating to false
[INFO 12:46:21 PM] catppuccin-noctis-icons.folders.associations changed, updating to undefined
[INFO 12:46:21 PM] catppuccin-noctis-icons.files.associations changed, updating to undefined
[INFO 12:46:40 PM] catppuccin-noctis-icons.hidesExplorerArrows changed, updating to false
[INFO 12:46:40 PM] catppuccin-noctis-icons.folders.associations changed, updating to undefined
[INFO 12:46:40 PM] catppuccin-noctis-icons.files.associations changed, updating to undefined
[INFO 12:47:08 PM] catppuccin-noctis-icons.hidesExplorerArrows changed, updating to false
[INFO 12:47:08 PM] catppuccin-noctis-icons.folders.associations changed, updating to undefined
[INFO 12:47:08 PM] catppuccin-noctis-icons.files.associations changed, updating to undefined
[INFO 12:47:33 PM] catppuccin-noctis-icons.hidesExplorerArrows changed, updating to false
[INFO 12:47:33 PM] catppuccin-noctis-icons.folders.associations changed, updating to undefined
[INFO 12:47:33 PM] catppuccin-noctis-icons.files.associations changed, updating to undefined
[INFO 12:48:37 PM] catppuccin-noctis-icons.hidesExplorerArrows changed, updating to false
[INFO 12:48:37 PM] catppuccin-noctis-icons.folders.associations changed, updating to undefined
[INFO 12:48:37 PM] catppuccin-noctis-icons.files.associations changed, updating to undefined
[INFO 12:48:39 PM] catppuccin-noctis-icons.hidesExplorerArrows changed, updating to false
[INFO 12:48:39 PM] catppuccin-noctis-icons.folders.associations changed, updating to undefined
[INFO 12:48:39 PM] catppuccin-noctis-icons.files.associations changed, updating to undefined
[INFO 12:48:41 PM] catppuccin-noctis-icons.hidesExplorerArrows changed, updating to false
[INFO 12:48:41 PM] catppuccin-noctis-icons.folders.associations changed, updating to undefined
[INFO 12:48:41 PM] catppuccin-noctis-icons.files.associations changed, updating to undefined
[INFO 12:48:51 PM] catppuccin-noctis-icons.hidesExplorerArrows changed, updating to false
[INFO 12:48:51 PM] catppuccin-noctis-icons.folders.associations changed, updating to undefined
[INFO 12:48:51 PM] catppuccin-noctis-icons.files.associations changed, updating to undefined
[INFO 12:49:08 PM] catppuccin-noctis-icons.hidesExplorerArrows changed, updating to false
[INFO 12:49:08 PM] catppuccin-noctis-icons.folders.associations changed, updating to undefined
[INFO 12:49:08 PM] catppuccin-noctis-icons.files.associations changed, updating to undefined
[INFO 12:49:12 PM] catppuccin-noctis-icons.hidesExplorerArrows changed, updating to false
[INFO 12:49:12 PM] catppuccin-noctis-icons.folders.associations changed, updating to undefined
[INFO 12:49:12 PM] catppuccin-noctis-icons.files.associations changed, updating to undefined
[INFO 12:49:21 PM] catppuccin-noctis-icons.hidesExplorerArrows changed, updating to false
[INFO 12:49:21 PM] catppuccin-noctis-icons.folders.associations changed, updating to undefined
[INFO 12:49:21 PM] catppuccin-noctis-icons.files.associations changed, updating to undefined
[INFO 12:49:28 PM] catppuccin-noctis-icons.hidesExplorerArrows changed, updating to false
[INFO 12:49:28 PM] catppuccin-noctis-icons.folders.associations changed, updating to undefined
[INFO 12:49:28 PM] catppuccin-noctis-icons.files.associations changed, updating to undefined
[INFO 12:49:31 PM] catppuccin-noctis-icons.hidesExplorerArrows changed, updating to false
[INFO 12:49:31 PM] catppuccin-noctis-icons.folders.associations changed, updating to undefined
[INFO 12:49:31 PM] catppuccin-noctis-icons.files.associations changed, updating to undefined
[INFO 12:50:44 PM] catppuccin-noctis-icons.hidesExplorerArrows changed, updating to false
[INFO 12:50:44 PM] catppuccin-noctis-icons.folders.associations changed, updating to undefined
[INFO 12:50:44 PM] catppuccin-noctis-icons.files.associations changed, updating to undefined
[INFO 12:50:54 PM] catppuccin-noctis-icons.hidesExplorerArrows changed, updating to false
[INFO 12:50:54 PM] catppuccin-noctis-icons.folders.associations changed, updating to undefined
[INFO 12:50:54 PM] catppuccin-noctis-icons.files.associations changed, updating to undefined
[INFO 12:51:06 PM] catppuccin-noctis-icons.hidesExplorerArrows changed, updating to false
[INFO 12:51:06 PM] catppuccin-noctis-icons.folders.associations changed, updating to undefined
[INFO 12:51:06 PM] catppuccin-noctis-icons.files.associations changed, updating to undefined
[INFO 12:51:06 PM] catppuccin-noctis-icons.hidesExplorerArrows changed, updating to false
[INFO 12:51:06 PM] catppuccin-noctis-icons.folders.associations changed, updating to undefined
[INFO 12:51:06 PM] catppuccin-noctis-icons.files.associations changed, updating to undefined
[INFO 12:51:16 PM] catppuccin-noctis-icons.hidesExplorerArrows changed, updating to false
[INFO 12:51:16 PM] catppuccin-noctis-icons.folders.associations changed, updating to undefined
[INFO 12:51:16 PM] catppuccin-noctis-icons.files.associations changed, updating to undefined
[INFO 12:51:31 PM] catppuccin-noctis-icons.hidesExplorerArrows changed, updating to false
[INFO 12:51:31 PM] catppuccin-noctis-icons.folders.associations changed, updating to undefined
[INFO 12:51:31 PM] catppuccin-noctis-icons.files.associations changed, updating to undefined
[INFO 12:51:40 PM] catppuccin-noctis-icons.hidesExplorerArrows changed, updating to false
[INFO 12:51:40 PM] catppuccin-noctis-icons.folders.associations changed, updating to undefined
[INFO 12:51:40 PM] catppuccin-noctis-icons.files.associations changed, updating to undefined
[INFO 12:52:06 PM] catppuccin-noctis-icons.hidesExplorerArrows changed, updating to false
[INFO 12:52:06 PM] catppuccin-noctis-icons.folders.associations changed, updating to undefined
[INFO 12:52:06 PM] catppuccin-noctis-icons.files.associations changed, updating to undefined
[INFO 12:52:19 PM] catppuccin-noctis-icons.hidesExplorerArrows changed, updating to false
[INFO 12:52:19 PM] catppuccin-noctis-icons.folders.associations changed, updating to undefined
[INFO 12:52:19 PM] catppuccin-noctis-icons.files.associations changed, updating to undefined
[INFO 12:52:30 PM] catppuccin-noctis-icons.hidesExplorerArrows changed, updating to false
[INFO 12:52:30 PM] catppuccin-noctis-icons.folders.associations changed, updating to undefined
[INFO 12:52:30 PM] catppuccin-noctis-icons.files.associations changed, updating to undefined
[INFO 12:52:53 PM] catppuccin-noctis-icons.hidesExplorerArrows changed, updating to false
[INFO 12:52:53 PM] catppuccin-noctis-icons.folders.associations changed, updating to undefined
[INFO 12:52:53 PM] catppuccin-noctis-icons.files.associations changed, updating to undefined
[INFO 12:52:59 PM] catppuccin-noctis-icons.hidesExplorerArrows changed, updating to false
[INFO 12:52:59 PM] catppuccin-noctis-icons.folders.associations changed, updating to undefined
[INFO 12:52:59 PM] catppuccin-noctis-icons.files.associations changed, updating to undefined
[INFO 12:53:00 PM] catppuccin-noctis-icons.hidesExplorerArrows changed, updating to false
[INFO 12:53:00 PM] catppuccin-noctis-icons.folders.associations changed, updating to undefined
[INFO 12:53:00 PM] catppuccin-noctis-icons.files.associations changed, updating to undefined
[INFO 12:53:32 PM] catppuccin-noctis-icons.hidesExplorerArrows changed, updating to false
[INFO 12:53:32 PM] catppuccin-noctis-icons.folders.associations changed, updating to undefined
[INFO 12:53:32 PM] catppuccin-noctis-icons.files.associations changed, updating to undefined
[INFO 12:54:01 PM] catppuccin-noctis-icons.hidesExplorerArrows changed, updating to false
[INFO 12:54:01 PM] catppuccin-noctis-icons.folders.associations changed, updating to undefined
[INFO 12:54:01 PM] catppuccin-noctis-icons.files.associations changed, updating to undefined
[INFO 12:54:09 PM] catppuccin-noctis-icons.hidesExplorerArrows changed, updating to false
[INFO 12:54:09 PM] catppuccin-noctis-icons.folders.associations changed, updating to undefined
[INFO 12:54:09 PM] catppuccin-noctis-icons.files.associations changed, updating to undefined
[INFO 12:54:20 PM] catppuccin-noctis-icons.hidesExplorerArrows changed, updating to false
[INFO 12:54:20 PM] catppuccin-noctis-icons.folders.associations changed, updating to undefined
[INFO 12:54:20 PM] catppuccin-noctis-icons.files.associations changed, updating to undefined
[INFO 12:54:44 PM] catppuccin-noctis-icons.hidesExplorerArrows changed, updating to false
[INFO 12:54:44 PM] catppuccin-noctis-icons.folders.associations changed, updating to undefined
[INFO 12:54:44 PM] catppuccin-noctis-icons.files.associations changed, updating to undefined
[INFO 12:54:49 PM] catppuccin-noctis-icons.hidesExplorerArrows changed, updating to false
[INFO 12:54:49 PM] catppuccin-noctis-icons.folders.associations changed, updating to undefined
[INFO 12:54:49 PM] catppuccin-noctis-icons.files.associations changed, updating to undefined
[INFO 12:54:54 PM] catppuccin-noctis-icons.hidesExplorerArrows changed, updating to false
[INFO 12:54:54 PM] catppuccin-noctis-icons.folders.associations changed, updating to undefined
[INFO 12:54:54 PM] catppuccin-noctis-icons.files.associations changed, updating to undefined
[INFO 12:54:59 PM] catppuccin-noctis-icons.hidesExplorerArrows changed, updating to false
[INFO 12:54:59 PM] catppuccin-noctis-icons.folders.associations changed, updating to undefined
[INFO 12:54:59 PM] catppuccin-noctis-icons.files.associations changed, updating to undefined
[INFO 12:55:33 PM] catppuccin-noctis-icons.hidesExplorerArrows changed, updating to false
[INFO 12:55:33 PM] catppuccin-noctis-icons.folders.associations changed, updating to undefined
[INFO 12:55:33 PM] catppuccin-noctis-icons.files.associations changed, updating to undefined
[INFO 12:55:51 PM] catppuccin-noctis-icons.hidesExplorerArrows changed, updating to false
[INFO 12:55:51 PM] catppuccin-noctis-icons.folders.associations changed, updating to undefined
[INFO 12:55:51 PM] catppuccin-noctis-icons.files.associations changed, updating to undefined
[INFO 12:55:59 PM] catppuccin-noctis-icons.hidesExplorerArrows changed, updating to false
[INFO 12:55:59 PM] catppuccin-noctis-icons.folders.associations changed, updating to undefined
[INFO 12:55:59 PM] catppuccin-noctis-icons.files.associations changed, updating to undefined
[INFO 12:56:01 PM] catppuccin-noctis-icons.hidesExplorerArrows changed, updating to false
[INFO 12:56:01 PM] catppuccin-noctis-icons.folders.associations changed, updating to undefined
[INFO 12:56:01 PM] catppuccin-noctis-icons.files.associations changed, updating to undefined
[INFO 12:56:06 PM] catppuccin-noctis-icons.hidesExplorerArrows changed, updating to false
[INFO 12:56:06 PM] catppuccin-noctis-icons.folders.associations changed, updating to undefined
[INFO 12:56:06 PM] catppuccin-noctis-icons.files.associations changed, updating to undefined
[INFO 12:56:24 PM] catppuccin-noctis-icons.hidesExplorerArrows changed, updating to false
[INFO 12:56:24 PM] catppuccin-noctis-icons.folders.associations changed, updating to undefined
[INFO 12:56:24 PM] catppuccin-noctis-icons.files.associations changed, updating to undefined
[INFO 12:57:29 PM] catppuccin-noctis-icons.hidesExplorerArrows changed, updating to false
[INFO 12:57:29 PM] catppuccin-noctis-icons.folders.associations changed, updating to undefined
[INFO 12:57:29 PM] catppuccin-noctis-icons.files.associations changed, updating to undefined
[INFO 12:57:37 PM] catppuccin-noctis-icons.hidesExplorerArrows changed, updating to false
[INFO 12:57:37 PM] catppuccin-noctis-icons.folders.associations changed, updating to undefined
[INFO 12:57:37 PM] catppuccin-noctis-icons.files.associations changed, updating to undefined
[INFO 12:57:40 PM] catppuccin-noctis-icons.hidesExplorerArrows changed, updating to false
[INFO 12:57:40 PM] catppuccin-noctis-icons.folders.associations changed, updating to undefined
[INFO 12:57:40 PM] catppuccin-noctis-icons.files.associations changed, updating to undefined
[INFO 12:57:49 PM] catppuccin-noctis-icons.hidesExplorerArrows changed, updating to false
[INFO 12:57:49 PM] catppuccin-noctis-icons.folders.associations changed, updating to undefined
[INFO 12:57:49 PM] catppuccin-noctis-icons.files.associations changed, updating to undefined
[INFO 12:58:15 PM] catppuccin-noctis-icons.hidesExplorerArrows changed, updating to false
[INFO 12:58:15 PM] catppuccin-noctis-icons.folders.associations changed, updating to undefined
[INFO 12:58:15 PM] catppuccin-noctis-icons.files.associations changed, updating to undefined
[INFO 12:58:57 PM] catppuccin-noctis-icons.hidesExplorerArrows changed, updating to false
[INFO 12:58:57 PM] catppuccin-noctis-icons.folders.associations changed, updating to undefined
[INFO 12:58:57 PM] catppuccin-noctis-icons.files.associations changed, updating to undefined
[INFO 12:59:10 PM] catppuccin-noctis-icons.hidesExplorerArrows changed, updating to false
[INFO 12:59:10 PM] catppuccin-noctis-icons.folders.associations changed, updating to undefined
[INFO 12:59:10 PM] catppuccin-noctis-icons.files.associations changed, updating to undefined
[INFO 12:59:25 PM] catppuccin-noctis-icons.hidesExplorerArrows changed, updating to false
[INFO 12:59:25 PM] catppuccin-noctis-icons.folders.associations changed, updating to undefined
[INFO 12:59:25 PM] catppuccin-noctis-icons.files.associations changed, updating to undefined
[INFO 12:59:33 PM] catppuccin-noctis-icons.hidesExplorerArrows changed, updating to false
[INFO 12:59:33 PM] catppuccin-noctis-icons.folders.associations changed, updating to undefined
[INFO 12:59:33 PM] catppuccin-noctis-icons.files.associations changed, updating to undefined
[INFO 12:59:47 PM] catppuccin-noctis-icons.hidesExplorerArrows changed, updating to false
[INFO 12:59:47 PM] catppuccin-noctis-icons.folders.associations changed, updating to undefined
[INFO 12:59:47 PM] catppuccin-noctis-icons.files.associations changed, updating to undefined
[INFO 1:00:04 PM] catppuccin-noctis-icons.hidesExplorerArrows changed, updating to false
[INFO 1:00:04 PM] catppuccin-noctis-icons.folders.associations changed, updating to undefined
[INFO 1:00:04 PM] catppuccin-noctis-icons.files.associations changed, updating to undefined
[INFO 1:00:57 PM] catppuccin-noctis-icons.hidesExplorerArrows changed, updating to false
[INFO 1:00:57 PM] catppuccin-noctis-icons.folders.associations changed, updating to undefined
[INFO 1:00:57 PM] catppuccin-noctis-icons.files.associations changed, updating to undefined
[INFO 1:01:14 PM] catppuccin-noctis-icons.hidesExplorerArrows changed, updating to false
[INFO 1:01:14 PM] catppuccin-noctis-icons.folders.associations changed, updating to undefined
[INFO 1:01:14 PM] catppuccin-noctis-icons.files.associations changed, updating to undefined
[INFO 1:01:26 PM] catppuccin-noctis-icons.hidesExplorerArrows changed, updating to false
[INFO 1:01:26 PM] catppuccin-noctis-icons.folders.associations changed, updating to undefined
[INFO 1:01:26 PM] catppuccin-noctis-icons.files.associations changed, updating to undefined
[INFO 1:01:28 PM] catppuccin-noctis-icons.hidesExplorerArrows changed, updating to false
[INFO 1:01:28 PM] catppuccin-noctis-icons.folders.associations changed, updating to undefined
[INFO 1:01:28 PM] catppuccin-noctis-icons.files.associations changed, updating to undefined
[INFO 1:02:08 PM] catppuccin-noctis-icons.hidesExplorerArrows changed, updating to false
[INFO 1:02:08 PM] catppuccin-noctis-icons.folders.associations changed, updating to undefined
[INFO 1:02:08 PM] catppuccin-noctis-icons.files.associations changed, updating to undefined
[INFO 1:02:32 PM] catppuccin-noctis-icons.hidesExplorerArrows changed, updating to false
[INFO 1:02:32 PM] catppuccin-noctis-icons.folders.associations changed, updating to undefined
[INFO 1:02:32 PM] catppuccin-noctis-icons.files.associations changed, updating to undefined
[INFO 1:02:46 PM] catppuccin-noctis-icons.hidesExplorerArrows changed, updating to false
[INFO 1:02:46 PM] catppuccin-noctis-icons.folders.associations changed, updating to undefined
[INFO 1:02:46 PM] catppuccin-noctis-icons.files.associations changed, updating to undefined
[INFO 1:02:59 PM] catppuccin-noctis-icons.hidesExplorerArrows changed, updating to false
[INFO 1:02:59 PM] catppuccin-noctis-icons.folders.associations changed, updating to undefined
[INFO 1:02:59 PM] catppuccin-noctis-icons.files.associations changed, updating to undefined
[INFO 1:03:07 PM] catppuccin-noctis-icons.hidesExplorerArrows changed, updating to false
[INFO 1:03:07 PM] catppuccin-noctis-icons.folders.associations changed, updating to undefined
[INFO 1:03:07 PM] catppuccin-noctis-icons.files.associations changed, updating to undefined
[INFO 1:03:28 PM] catppuccin-noctis-icons.hidesExplorerArrows changed, updating to false
[INFO 1:03:28 PM] catppuccin-noctis-icons.folders.associations changed, updating to undefined
[INFO 1:03:28 PM] catppuccin-noctis-icons.files.associations changed, updating to undefined
[INFO 1:04:26 PM] catppuccin-noctis-icons.hidesExplorerArrows changed, updating to false
[INFO 1:04:26 PM] catppuccin-noctis-icons.folders.associations changed, updating to undefined
[INFO 1:04:26 PM] catppuccin-noctis-icons.files.associations changed, updating to undefined
[INFO 1:04:44 PM] catppuccin-noctis-icons.hidesExplorerArrows changed, updating to false
[INFO 1:04:44 PM] catppuccin-noctis-icons.folders.associations changed, updating to undefined
[INFO 1:04:44 PM] catppuccin-noctis-icons.files.associations changed, updating to undefined
[INFO 1:05:10 PM] catppuccin-noctis-icons.hidesExplorerArrows changed, updating to false
[INFO 1:05:10 PM] catppuccin-noctis-icons.folders.associations changed, updating to undefined
[INFO 1:05:10 PM] catppuccin-noctis-icons.files.associations changed, updating to undefined
[INFO 1:05:21 PM] catppuccin-noctis-icons.hidesExplorerArrows changed, updating to false
[INFO 1:05:21 PM] catppuccin-noctis-icons.folders.associations changed, updating to undefined
[INFO 1:05:21 PM] catppuccin-noctis-icons.files.associations changed, updating to undefined
[INFO 1:05:39 PM] catppuccin-noctis-icons.hidesExplorerArrows changed, updating to false
[INFO 1:05:39 PM] catppuccin-noctis-icons.folders.associations changed, updating to undefined
[INFO 1:05:39 PM] catppuccin-noctis-icons.files.associations changed, updating to undefined
[INFO 1:06:08 PM] catppuccin-noctis-icons.hidesExplorerArrows changed, updating to false
[INFO 1:06:08 PM] catppuccin-noctis-icons.folders.associations changed, updating to undefined
[INFO 1:06:08 PM] catppuccin-noctis-icons.files.associations changed, updating to undefined
[INFO 1:06:30 PM] catppuccin-noctis-icons.hidesExplorerArrows changed, updating to false
[INFO 1:06:30 PM] catppuccin-noctis-icons.folders.associations changed, updating to undefined
[INFO 1:06:30 PM] catppuccin-noctis-icons.files.associations changed, updating to undefined
[INFO 1:06:55 PM] catppuccin-noctis-icons.hidesExplorerArrows changed, updating to false
[INFO 1:06:55 PM] catppuccin-noctis-icons.folders.associations changed, updating to undefined
[INFO 1:06:55 PM] catppuccin-noctis-icons.files.associations changed, updating to undefined
[INFO 1:07:22 PM] catppuccin-noctis-icons.hidesExplorerArrows changed, updating to false
[INFO 1:07:22 PM] catppuccin-noctis-icons.folders.associations changed, updating to undefined
[INFO 1:07:22 PM] catppuccin-noctis-icons.files.associations changed, updating to undefined
[INFO 1:07:36 PM] catppuccin-noctis-icons.hidesExplorerArrows changed, updating to false
[INFO 1:07:36 PM] catppuccin-noctis-icons.folders.associations changed, updating to undefined
[INFO 1:07:36 PM] catppuccin-noctis-icons.files.associations changed, updating to undefined
[INFO 1:07:53 PM] catppuccin-noctis-icons.hidesExplorerArrows changed, updating to false
[INFO 1:07:53 PM] catppuccin-noctis-icons.folders.associations changed, updating to undefined
[INFO 1:07:53 PM] catppuccin-noctis-icons.files.associations changed, updating to undefined
[INFO 1:08:33 PM] catppuccin-noctis-icons.hidesExplorerArrows changed, updating to false
[INFO 1:08:33 PM] catppuccin-noctis-icons.folders.associations changed, updating to undefined
[INFO 1:08:33 PM] catppuccin-noctis-icons.files.associations changed, updating to undefined
[INFO 1:08:51 PM] catppuccin-noctis-icons.hidesExplorerArrows changed, updating to false
[INFO 1:08:51 PM] catppuccin-noctis-icons.folders.associations changed, updating to undefined
[INFO 1:08:51 PM] catppuccin-noctis-icons.files.associations changed, updating to undefined
[INFO 1:09:01 PM] catppuccin-noctis-icons.hidesExplorerArrows changed, updating to false
[INFO 1:09:01 PM] catppuccin-noctis-icons.folders.associations changed, updating to undefined
[INFO 1:09:01 PM] catppuccin-noctis-icons.files.associations changed, updating to undefined
[INFO 1:09:17 PM] catppuccin-noctis-icons.hidesExplorerArrows changed, updating to false
[INFO 1:09:17 PM] catppuccin-noctis-icons.folders.associations changed, updating to undefined
[INFO 1:09:17 PM] catppuccin-noctis-icons.files.associations changed, updating to undefined
[INFO 1:09:37 PM] catppuccin-noctis-icons.hidesExplorerArrows changed, updating to false
[INFO 1:09:37 PM] catppuccin-noctis-icons.folders.associations changed, updating to undefined
[INFO 1:09:37 PM] catppuccin-noctis-icons.files.associations changed, updating to undefined
[INFO 1:09:49 PM] catppuccin-noctis-icons.hidesExplorerArrows changed, updating to false
[INFO 1:09:49 PM] catppuccin-noctis-icons.folders.associations changed, updating to undefined
[INFO 1:09:49 PM] catppuccin-noctis-icons.files.associations changed, updating to undefined
[INFO 1:10:32 PM] catppuccin-noctis-icons.hidesExplorerArrows changed, updating to false
[INFO 1:10:32 PM] catppuccin-noctis-icons.folders.associations changed, updating to undefined
[INFO 1:10:32 PM] catppuccin-noctis-icons.files.associations changed, updating to undefined
[INFO 1:10:41 PM] catppuccin-noctis-icons.hidesExplorerArrows changed, updating to false
[INFO 1:10:41 PM] catppuccin-noctis-icons.folders.associations changed, updating to undefined
[INFO 1:10:41 PM] catppuccin-noctis-icons.files.associations changed, updating to undefined
[INFO 1:10:58 PM] catppuccin-noctis-icons.hidesExplorerArrows changed, updating to false
[INFO 1:10:58 PM] catppuccin-noctis-icons.folders.associations changed, updating to undefined
[INFO 1:10:58 PM] catppuccin-noctis-icons.files.associations changed, updating to undefined
[INFO 1:11:32 PM] catppuccin-noctis-icons.hidesExplorerArrows changed, updating to false
[INFO 1:11:32 PM] catppuccin-noctis-icons.folders.associations changed, updating to undefined
[INFO 1:11:32 PM] catppuccin-noctis-icons.files.associations changed, updating to undefined
[INFO 1:11:42 PM] catppuccin-noctis-icons.hidesExplorerArrows changed, updating to false
[INFO 1:11:42 PM] catppuccin-noctis-icons.folders.associations changed, updating to undefined
[INFO 1:11:42 PM] catppuccin-noctis-icons.files.associations changed, updating to undefined
[INFO 1:12:04 PM] catppuccin-noctis-icons.hidesExplorerArrows changed, updating to false
[INFO 1:12:04 PM] catppuccin-noctis-icons.folders.associations changed, updating to undefined
[INFO 1:12:04 PM] catppuccin-noctis-icons.files.associations changed, updating to undefined
[INFO 1:12:13 PM] catppuccin-noctis-icons.hidesExplorerArrows changed, updating to false
[INFO 1:12:13 PM] catppuccin-noctis-icons.folders.associations changed, updating to undefined
[INFO 1:12:13 PM] catppuccin-noctis-icons.files.associations changed, updating to undefined
[INFO 1:12:20 PM] catppuccin-noctis-icons.hidesExplorerArrows changed, updating to false
[INFO 1:12:20 PM] catppuccin-noctis-icons.folders.associations changed, updating to undefined
[INFO 1:12:20 PM] catppuccin-noctis-icons.files.associations changed, updating to undefined
[INFO 1:12:47 PM] catppuccin-noctis-icons.hidesExplorerArrows changed, updating to false
[INFO 1:12:47 PM] catppuccin-noctis-icons.folders.associations changed, updating to undefined
[INFO 1:12:47 PM] catppuccin-noctis-icons.files.associations changed, updating to undefined
[INFO 1:13:16 PM] catppuccin-noctis-icons.hidesExplorerArrows changed, updating to false
[INFO 1:13:16 PM] catppuccin-noctis-icons.folders.associations changed, updating to undefined
[INFO 1:13:16 PM] catppuccin-noctis-icons.files.associations changed, updating to undefined
[INFO 1:13:47 PM] catppuccin-noctis-icons.hidesExplorerArrows changed, updating to false
[INFO 1:13:47 PM] catppuccin-noctis-icons.folders.associations changed, updating to undefined
[INFO 1:13:47 PM] catppuccin-noctis-icons.files.associations changed, updating to undefined
[INFO 1:14:10 PM] catppuccin-noctis-icons.hidesExplorerArrows changed, updating to false
[INFO 1:14:10 PM] catppuccin-noctis-icons.folders.associations changed, updating to undefined
[INFO 1:14:10 PM] catppuccin-noctis-icons.files.associations changed, updating to undefined
[INFO 1:14:22 PM] catppuccin-noctis-icons.hidesExplorerArrows changed, updating to false
[INFO 1:14:22 PM] catppuccin-noctis-icons.folders.associations changed, updating to undefined
[INFO 1:14:22 PM] catppuccin-noctis-icons.files.associations changed, updating to undefined
[INFO 1:14:28 PM] catppuccin-noctis-icons.hidesExplorerArrows changed, updating to false
[INFO 1:14:28 PM] catppuccin-noctis-icons.folders.associations changed, updating to undefined
[INFO 1:14:28 PM] catppuccin-noctis-icons.files.associations changed, updating to undefined
[INFO 1:14:43 PM] catppuccin-noctis-icons.hidesExplorerArrows changed, updating to false
[INFO 1:14:43 PM] catppuccin-noctis-icons.folders.associations changed, updating to undefined
[INFO 1:14:43 PM] catppuccin-noctis-icons.files.associations changed, updating to undefined
[INFO 1:15:11 PM] catppuccin-noctis-icons.hidesExplorerArrows changed, updating to false
[INFO 1:15:11 PM] catppuccin-noctis-icons.folders.associations changed, updating to undefined
[INFO 1:15:11 PM] catppuccin-noctis-icons.files.associations changed, updating to undefined
[INFO 1:15:19 PM] catppuccin-noctis-icons.hidesExplorerArrows changed, updating to false
[INFO 1:15:19 PM] catppuccin-noctis-icons.folders.associations changed, updating to undefined
[INFO 1:15:19 PM] catppuccin-noctis-icons.files.associations changed, updating to undefined
[INFO 1:15:39 PM] catppuccin-noctis-icons.hidesExplorerArrows changed, updating to false
[INFO 1:15:39 PM] catppuccin-noctis-icons.folders.associations changed, updating to undefined
[INFO 1:15:39 PM] catppuccin-noctis-icons.files.associations changed, updating to undefined
[INFO 1:15:45 PM] catppuccin-noctis-icons.hidesExplorerArrows changed, updating to false
[INFO 1:15:45 PM] catppuccin-noctis-icons.folders.associations changed, updating to undefined
[INFO 1:15:45 PM] catppuccin-noctis-icons.files.associations changed, updating to undefined
[INFO 1:15:47 PM] catppuccin-noctis-icons.hidesExplorerArrows changed, updating to false
[INFO 1:15:47 PM] catppuccin-noctis-icons.folders.associations changed, updating to undefined
[INFO 1:15:47 PM] catppuccin-noctis-icons.files.associations changed, updating to undefined
[INFO 1:16:00 PM] catppuccin-noctis-icons.hidesExplorerArrows changed, updating to false
[INFO 1:16:00 PM] catppuccin-noctis-icons.folders.associations changed, updating to undefined
[INFO 1:16:00 PM] catppuccin-noctis-icons.files.associations changed, updating to undefined
[INFO 1:17:01 PM] catppuccin-noctis-icons.hidesExplorerArrows changed, updating to false
[INFO 1:17:01 PM] catppuccin-noctis-icons.folders.associations changed, updating to undefined
[INFO 1:17:01 PM] catppuccin-noctis-icons.files.associations changed, updating to undefined
[INFO 1:17:03 PM] catppuccin-noctis-icons.hidesExplorerArrows changed, updating to false
[INFO 1:17:03 PM] catppuccin-noctis-icons.folders.associations changed, updating to undefined
[INFO 1:17:03 PM] catppuccin-noctis-icons.files.associations changed, updating to undefined
[INFO 1:17:10 PM] catppuccin-noctis-icons.hidesExplorerArrows changed, updating to false
[INFO 1:17:10 PM] catppuccin-noctis-icons.folders.associations changed, updating to undefined
[INFO 1:17:10 PM] catppuccin-noctis-icons.files.associations changed, updating to undefined
[INFO 1:18:02 PM] catppuccin-noctis-icons.hidesExplorerArrows changed, updating to false
[INFO 1:18:02 PM] catppuccin-noctis-icons.folders.associations changed, updating to undefined
[INFO 1:18:02 PM] catppuccin-noctis-icons.files.associations changed, updating to undefined
[INFO 1:18:17 PM] catppuccin-noctis-icons.hidesExplorerArrows changed, updating to false
[INFO 1:18:17 PM] catppuccin-noctis-icons.folders.associations changed, updating to undefined
[INFO 1:18:17 PM] catppuccin-noctis-icons.files.associations changed, updating to undefined
[INFO 1:18:25 PM] catppuccin-noctis-icons.hidesExplorerArrows changed, updating to false
[INFO 1:18:25 PM] catppuccin-noctis-icons.folders.associations changed, updating to undefined
[INFO 1:18:25 PM] catppuccin-noctis-icons.files.associations changed, updating to undefined
[INFO 1:18:34 PM] catppuccin-noctis-icons.hidesExplorerArrows changed, updating to false
[INFO 1:18:34 PM] catppuccin-noctis-icons.folders.associations changed, updating to undefined
[INFO 1:18:34 PM] catppuccin-noctis-icons.files.associations changed, updating to undefined
[INFO 1:18:53 PM] catppuccin-noctis-icons.hidesExplorerArrows changed, updating to false
[INFO 1:18:53 PM] catppuccin-noctis-icons.folders.associations changed, updating to undefined
[INFO 1:18:53 PM] catppuccin-noctis-icons.files.associations changed, updating to undefined
[INFO 1:19:17 PM] catppuccin-noctis-icons.hidesExplorerArrows changed, updating to false
[INFO 1:19:17 PM] catppuccin-noctis-icons.folders.associations changed, updating to undefined
[INFO 1:19:17 PM] catppuccin-noctis-icons.files.associations changed, updating to undefined
[INFO 1:19:55 PM] catppuccin-noctis-icons.hidesExplorerArrows changed, updating to false
[INFO 1:19:55 PM] catppuccin-noctis-icons.folders.associations changed, updating to undefined
[INFO 1:19:55 PM] catppuccin-noctis-icons.files.associations changed, updating to undefined
[INFO 1:21:21 PM] catppuccin-noctis-icons.hidesExplorerArrows changed, updating to false
[INFO 1:21:21 PM] catppuccin-noctis-icons.folders.associations changed, updating to undefined
[INFO 1:21:21 PM] catppuccin-noctis-icons.files.associations changed, updating to undefined
[INFO 1:21:24 PM] catppuccin-noctis-icons.hidesExplorerArrows changed, updating to false
[INFO 1:21:24 PM] catppuccin-noctis-icons.folders.associations changed, updating to undefined
[INFO 1:21:24 PM] catppuccin-noctis-icons.files.associations changed, updating to undefined
[INFO 1:21:25 PM] catppuccin-noctis-icons.hidesExplorerArrows changed, updating to false
[INFO 1:21:25 PM] catppuccin-noctis-icons.folders.associations changed, updating to undefined
[INFO 1:21:25 PM] catppuccin-noctis-icons.files.associations changed, updating to undefined
[INFO 1:22:32 PM] catppuccin-noctis-icons.hidesExplorerArrows changed, updating to false
[INFO 1:22:32 PM] catppuccin-noctis-icons.folders.associations changed, updating to undefined
[INFO 1:22:32 PM] catppuccin-noctis-icons.files.associations changed, updating to undefined
[INFO 1:22:34 PM] catppuccin-noctis-icons.hidesExplorerArrows changed, updating to false
[INFO 1:22:34 PM] catppuccin-noctis-icons.folders.associations changed, updating to undefined
[INFO 1:22:34 PM] catppuccin-noctis-icons.files.associations changed, updating to undefined
[INFO 1:23:11 PM] catppuccin-noctis-icons.hidesExplorerArrows changed, updating to false
[INFO 1:23:11 PM] catppuccin-noctis-icons.folders.associations changed, updating to undefined
[INFO 1:23:11 PM] catppuccin-noctis-icons.files.associations changed, updating to undefined
[INFO 1:24:16 PM] catppuccin-noctis-icons.hidesExplorerArrows changed, updating to false
[INFO 1:24:16 PM] catppuccin-noctis-icons.folders.associations changed, updating to undefined
[INFO 1:24:16 PM] catppuccin-noctis-icons.files.associations changed, updating to undefined
[INFO 1:24:21 PM] catppuccin-noctis-icons.hidesExplorerArrows changed, updating to false
[INFO 1:24:21 PM] catppuccin-noctis-icons.folders.associations changed, updating to undefined
[INFO 1:24:21 PM] catppuccin-noctis-icons.files.associations changed, updating to undefined
[INFO 1:24:38 PM] catppuccin-noctis-icons.hidesExplorerArrows changed, updating to false
[INFO 1:24:38 PM] catppuccin-noctis-icons.folders.associations changed, updating to undefined
[INFO 1:24:38 PM] catppuccin-noctis-icons.files.associations changed, updating to undefined
[INFO 1:25:02 PM] catppuccin-noctis-icons.hidesExplorerArrows changed, updating to false
[INFO 1:25:02 PM] catppuccin-noctis-icons.folders.associations changed, updating to undefined
[INFO 1:25:02 PM] catppuccin-noctis-icons.files.associations changed, updating to undefined
[INFO 1:25:24 PM] catppuccin-noctis-icons.hidesExplorerArrows changed, updating to false
[INFO 1:25:24 PM] catppuccin-noctis-icons.folders.associations changed, updating to undefined
[INFO 1:25:24 PM] catppuccin-noctis-icons.files.associations changed, updating to undefined
[INFO 1:25:36 PM] catppuccin-noctis-icons.hidesExplorerArrows changed, updating to false
[INFO 1:25:36 PM] catppuccin-noctis-icons.folders.associations changed, updating to undefined
[INFO 1:25:36 PM] catppuccin-noctis-icons.files.associations changed, updating to undefined
[INFO 1:25:47 PM] catppuccin-noctis-icons.hidesExplorerArrows changed, updating to false
[INFO 1:25:47 PM] catppuccin-noctis-icons.folders.associations changed, updating to undefined
[INFO 1:25:47 PM] catppuccin-noctis-icons.files.associations changed, updating to undefined
[INFO 1:26:34 PM] catppuccin-noctis-icons.hidesExplorerArrows changed, updating to false
[INFO 1:26:34 PM] catppuccin-noctis-icons.folders.associations changed, updating to undefined
[INFO 1:26:34 PM] catppuccin-noctis-icons.files.associations changed, updating to undefined
[INFO 1:26:57 PM] catppuccin-noctis-icons.hidesExplorerArrows changed, updating to false
[INFO 1:26:57 PM] catppuccin-noctis-icons.folders.associations changed, updating to undefined
[INFO 1:26:57 PM] catppuccin-noctis-icons.files.associations changed, updating to undefined
[INFO 1:27:19 PM] catppuccin-noctis-icons.hidesExplorerArrows changed, updating to false
[INFO 1:27:19 PM] catppuccin-noctis-icons.folders.associations changed, updating to undefined
[INFO 1:27:19 PM] catppuccin-noctis-icons.files.associations changed, updating to undefined
[INFO 1:27:28 PM] catppuccin-noctis-icons.hidesExplorerArrows changed, updating to false
[INFO 1:27:28 PM] catppuccin-noctis-icons.folders.associations changed, updating to undefined
[INFO 1:27:28 PM] catppuccin-noctis-icons.files.associations changed, updating to undefined
[INFO 1:28:11 PM] catppuccin-noctis-icons.hidesExplorerArrows changed, updating to false
[INFO 1:28:11 PM] catppuccin-noctis-icons.folders.associations changed, updating to undefined
[INFO 1:28:11 PM] catppuccin-noctis-icons.files.associations changed, updating to undefined
[INFO 1:28:32 PM] catppuccin-noctis-icons.hidesExplorerArrows changed, updating to false
[INFO 1:28:32 PM] catppuccin-noctis-icons.folders.associations changed, updating to undefined
[INFO 1:28:32 PM] catppuccin-noctis-icons.files.associations changed, updating to undefined
[INFO 1:28:56 PM] catppuccin-noctis-icons.hidesExplorerArrows changed, updating to false
[INFO 1:28:56 PM] catppuccin-noctis-icons.folders.associations changed, updating to undefined
[INFO 1:28:56 PM] catppuccin-noctis-icons.files.associations changed, updating to undefined
[INFO 1:30:59 PM] catppuccin-noctis-icons.hidesExplorerArrows changed, updating to false
[INFO 1:30:59 PM] catppuccin-noctis-icons.folders.associations changed, updating to undefined
[INFO 1:30:59 PM] catppuccin-noctis-icons.files.associations changed, updating to undefined
[INFO 1:31:40 PM] catppuccin-noctis-icons.hidesExplorerArrows changed, updating to false
[INFO 1:31:40 PM] catppuccin-noctis-icons.folders.associations changed, updating to undefined
[INFO 1:31:40 PM] catppuccin-noctis-icons.files.associations changed, updating to undefined
[INFO 1:31:41 PM] catppuccin-noctis-icons.hidesExplorerArrows changed, updating to false
[INFO 1:31:41 PM] catppuccin-noctis-icons.folders.associations changed, updating to undefined
[INFO 1:31:41 PM] catppuccin-noctis-icons.files.associations changed, updating to undefined
[INFO 1:31:48 PM] catppuccin-noctis-icons.hidesExplorerArrows changed, updating to false
[INFO 1:31:48 PM] catppuccin-noctis-icons.folders.associations changed, updating to undefined
[INFO 1:31:48 PM] catppuccin-noctis-icons.files.associations changed, updating to undefined
[INFO 1:31:55 PM] catppuccin-noctis-icons.hidesExplorerArrows changed, updating to false
[INFO 1:31:55 PM] catppuccin-noctis-icons.folders.associations changed, updating to undefined
[INFO 1:31:55 PM] catppuccin-noctis-icons.files.associations changed, updating to undefined
[INFO 1:33:53 PM] catppuccin-noctis-icons.hidesExplorerArrows changed, updating to false
[INFO 1:33:53 PM] catppuccin-noctis-icons.folders.associations changed, updating to undefined
[INFO 1:33:53 PM] catppuccin-noctis-icons.files.associations changed, updating to undefined
[INFO 1:33:54 PM] catppuccin-noctis-icons.hidesExplorerArrows changed, updating to false
[INFO 1:33:54 PM] catppuccin-noctis-icons.folders.associations changed, updating to undefined
[INFO 1:33:54 PM] catppuccin-noctis-icons.files.associations changed, updating to undefined
[INFO 1:34:07 PM] catppuccin-noctis-icons.hidesExplorerArrows changed, updating to false
[INFO 1:34:07 PM] catppuccin-noctis-icons.folders.associations changed, updating to undefined
[INFO 1:34:07 PM] catppuccin-noctis-icons.files.associations changed, updating to undefined
[INFO 1:34:08 PM] catppuccin-noctis-icons.hidesExplorerArrows changed, updating to false
[INFO 1:34:08 PM] catppuccin-noctis-icons.folders.associations changed, updating to undefined
[INFO 1:34:08 PM] catppuccin-noctis-icons.files.associations changed, updating to undefined
[INFO 1:34:51 PM] catppuccin-noctis-icons.hidesExplorerArrows changed, updating to false
[INFO 1:34:51 PM] catppuccin-noctis-icons.folders.associations changed, updating to undefined
[INFO 1:34:51 PM] catppuccin-noctis-icons.files.associations changed, updating to undefined
[INFO 1:35:01 PM] catppuccin-noctis-icons.hidesExplorerArrows changed, updating to false
[INFO 1:35:01 PM] catppuccin-noctis-icons.folders.associations changed, updating to undefined
[INFO 1:35:01 PM] catppuccin-noctis-icons.files.associations changed, updating to undefined
[INFO 1:35:08 PM] catppuccin-noctis-icons.hidesExplorerArrows changed, updating to false
[INFO 1:35:08 PM] catppuccin-noctis-icons.folders.associations changed, updating to undefined
[INFO 1:35:08 PM] catppuccin-noctis-icons.files.associations changed, updating to undefined
[INFO 1:35:18 PM] catppuccin-noctis-icons.hidesExplorerArrows changed, updating to false
[INFO 1:35:18 PM] catppuccin-noctis-icons.folders.associations changed, updating to undefined
[INFO 1:35:18 PM] catppuccin-noctis-icons.files.associations changed, updating to undefined
[INFO 1:35:27 PM] catppuccin-noctis-icons.hidesExplorerArrows changed, updating to false
[INFO 1:35:27 PM] catppuccin-noctis-icons.folders.associations changed, updating to undefined
[INFO 1:35:27 PM] catppuccin-noctis-icons.files.associations changed, updating to undefined
[INFO 1:35:38 PM] catppuccin-noctis-icons.hidesExplorerArrows changed, updating to false
[INFO 1:35:38 PM] catppuccin-noctis-icons.folders.associations changed, updating to undefined
[INFO 1:35:38 PM] catppuccin-noctis-icons.files.associations changed, updating to undefined
[INFO 1:36:41 PM] catppuccin-noctis-icons.hidesExplorerArrows changed, updating to false
[INFO 1:36:41 PM] catppuccin-noctis-icons.folders.associations changed, updating to undefined
[INFO 1:36:41 PM] catppuccin-noctis-icons.files.associations changed, updating to undefined
[INFO 1:36:43 PM] catppuccin-noctis-icons.hidesExplorerArrows changed, updating to false
[INFO 1:36:43 PM] catppuccin-noctis-icons.folders.associations changed, updating to undefined
[INFO 1:36:43 PM] catppuccin-noctis-icons.files.associations changed, updating to undefined
[INFO 1:36:45 PM] catppuccin-noctis-icons.hidesExplorerArrows changed, updating to false
[INFO 1:36:45 PM] catppuccin-noctis-icons.folders.associations changed, updating to undefined
[INFO 1:36:45 PM] catppuccin-noctis-icons.files.associations changed, updating to undefined
[INFO 1:36:58 PM] catppuccin-noctis-icons.hidesExplorerArrows changed, updating to false
[INFO 1:36:58 PM] catppuccin-noctis-icons.folders.associations changed, updating to undefined
[INFO 1:36:58 PM] catppuccin-noctis-icons.files.associations changed, updating to undefined
[INFO 1:37:07 PM] catppuccin-noctis-icons.hidesExplorerArrows changed, updating to false
[INFO 1:37:07 PM] catppuccin-noctis-icons.folders.associations changed, updating to undefined
[INFO 1:37:07 PM] catppuccin-noctis-icons.files.associations changed, updating to undefined
[INFO 1:37:21 PM] catppuccin-noctis-icons.hidesExplorerArrows changed, updating to false
[INFO 1:37:21 PM] catppuccin-noctis-icons.folders.associations changed, updating to undefined
[INFO 1:37:21 PM] catppuccin-noctis-icons.files.associations changed, updating to undefined
[INFO 1:38:04 PM] catppuccin-noctis-icons.hidesExplorerArrows changed, updating to false
[INFO 1:38:04 PM] catppuccin-noctis-icons.folders.associations changed, updating to undefined
[INFO 1:38:04 PM] catppuccin-noctis-icons.files.associations changed, updating to undefined
[INFO 1:38:19 PM] catppuccin-noctis-icons.hidesExplorerArrows changed, updating to false
[INFO 1:38:19 PM] catppuccin-noctis-icons.folders.associations changed, updating to undefined
[INFO 1:38:19 PM] catppuccin-noctis-icons.files.associations changed, updating to undefined
[INFO 1:38:52 PM] catppuccin-noctis-icons.hidesExplorerArrows changed, updating to false
[INFO 1:38:52 PM] catppuccin-noctis-icons.folders.associations changed, updating to undefined
[INFO 1:38:52 PM] catppuccin-noctis-icons.files.associations changed, updating to undefined
[INFO 1:39:00 PM] catppuccin-noctis-icons.hidesExplorerArrows changed, updating to false
[INFO 1:39:00 PM] catppuccin-noctis-icons.folders.associations changed, updating to undefined
[INFO 1:39:00 PM] catppuccin-noctis-icons.files.associations changed, updating to undefined
[INFO 1:39:25 PM] catppuccin-noctis-icons.hidesExplorerArrows changed, updating to false
[INFO 1:39:25 PM] catppuccin-noctis-icons.folders.associations changed, updating to undefined
[INFO 1:39:25 PM] catppuccin-noctis-icons.files.associations changed, updating to undefined
[INFO 1:39:34 PM] catppuccin-noctis-icons.hidesExplorerArrows changed, updating to false
[INFO 1:39:34 PM] catppuccin-noctis-icons.folders.associations changed, updating to undefined
[INFO 1:39:34 PM] catppuccin-noctis-icons.files.associations changed, updating to undefined
[INFO 1:40:24 PM] catppuccin-noctis-icons.hidesExplorerArrows changed, updating to false
[INFO 1:40:24 PM] catppuccin-noctis-icons.folders.associations changed, updating to undefined
[INFO 1:40:24 PM] catppuccin-noctis-icons.files.associations changed, updating to undefined
[INFO 1:40:33 PM] catppuccin-noctis-icons.hidesExplorerArrows changed, updating to false
[INFO 1:40:33 PM] catppuccin-noctis-icons.folders.associations changed, updating to undefined
[INFO 1:40:33 PM] catppuccin-noctis-icons.files.associations changed, updating to undefined
[INFO 1:40:34 PM] catppuccin-noctis-icons.hidesExplorerArrows changed, updating to false
[INFO 1:40:34 PM] catppuccin-noctis-icons.folders.associations changed, updating to undefined
[INFO 1:40:34 PM] catppuccin-noctis-icons.files.associations changed, updating to undefined
[INFO 1:41:28 PM] catppuccin-noctis-icons.hidesExplorerArrows changed, updating to false
[INFO 1:41:28 PM] catppuccin-noctis-icons.folders.associations changed, updating to undefined
[INFO 1:41:28 PM] catppuccin-noctis-icons.files.associations changed, updating to undefined
[INFO 1:41:29 PM] catppuccin-noctis-icons.hidesExplorerArrows changed, updating to false
[INFO 1:41:29 PM] catppuccin-noctis-icons.folders.associations changed, updating to undefined
[INFO 1:41:29 PM] catppuccin-noctis-icons.files.associations changed, updating to undefined
[INFO 1:41:44 PM] catppuccin-noctis-icons.hidesExplorerArrows changed, updating to false
[INFO 1:41:44 PM] catppuccin-noctis-icons.folders.associations changed, updating to undefined
[INFO 1:41:44 PM] catppuccin-noctis-icons.files.associations changed, updating to undefined
[INFO 1:41:51 PM] catppuccin-noctis-icons.hidesExplorerArrows changed, updating to false
[INFO 1:41:51 PM] catppuccin-noctis-icons.folders.associations changed, updating to undefined
[INFO 1:41:51 PM] catppuccin-noctis-icons.files.associations changed, updating to undefined
[INFO 1:42:16 PM] catppuccin-noctis-icons.hidesExplorerArrows changed, updating to false
[INFO 1:42:16 PM] catppuccin-noctis-icons.folders.associations changed, updating to undefined
[INFO 1:42:16 PM] catppuccin-noctis-icons.files.associations changed, updating to undefined
[INFO 1:42:37 PM] catppuccin-noctis-icons.hidesExplorerArrows changed, updating to false
[INFO 1:42:37 PM] catppuccin-noctis-icons.folders.associations changed, updating to undefined
[INFO 1:42:37 PM] catppuccin-noctis-icons.files.associations changed, updating to undefined
[INFO 1:42:41 PM] catppuccin-noctis-icons.hidesExplorerArrows changed, updating to false
[INFO 1:42:41 PM] catppuccin-noctis-icons.folders.associations changed, updating to undefined
[INFO 1:42:41 PM] catppuccin-noctis-icons.files.associations changed, updating to undefined
[INFO 1:43:09 PM] catppuccin-noctis-icons.hidesExplorerArrows changed, updating to false
[INFO 1:43:09 PM] catppuccin-noctis-icons.folders.associations changed, updating to undefined
[INFO 1:43:09 PM] catppuccin-noctis-icons.files.associations changed, updating to undefined
[INFO 1:43:25 PM] catppuccin-noctis-icons.hidesExplorerArrows changed, updating to false
[INFO 1:43:25 PM] catppuccin-noctis-icons.folders.associations changed, updating to undefined
[INFO 1:43:25 PM] catppuccin-noctis-icons.files.associations changed, updating to undefined
[INFO 1:43:45 PM] catppuccin-noctis-icons.hidesExplorerArrows changed, updating to false
[INFO 1:43:45 PM] catppuccin-noctis-icons.folders.associations changed, updating to undefined
[INFO 1:43:45 PM] catppuccin-noctis-icons.files.associations changed, updating to undefined
[INFO 1:45:00 PM] catppuccin-noctis-icons.hidesExplorerArrows changed, updating to false
[INFO 1:45:00 PM] catppuccin-noctis-icons.folders.associations changed, updating to undefined
[INFO 1:45:00 PM] catppuccin-noctis-icons.files.associations changed, updating to undefined
[INFO 1:45:11 PM] catppuccin-noctis-icons.hidesExplorerArrows changed, updating to false
[INFO 1:45:11 PM] catppuccin-noctis-icons.folders.associations changed, updating to undefined
[INFO 1:45:11 PM] catppuccin-noctis-icons.files.associations changed, updating to undefined
[INFO 1:45:30 PM] catppuccin-noctis-icons.hidesExplorerArrows changed, updating to false
[INFO 1:45:30 PM] catppuccin-noctis-icons.folders.associations changed, updating to undefined
[INFO 1:45:30 PM] catppuccin-noctis-icons.files.associations changed, updating to undefined
[INFO 1:45:36 PM] catppuccin-noctis-icons.hidesExplorerArrows changed, updating to false
[INFO 1:45:36 PM] catppuccin-noctis-icons.folders.associations changed, updating to undefined
[INFO 1:45:36 PM] catppuccin-noctis-icons.files.associations changed, updating to undefined
[INFO 1:46:46 PM] catppuccin-noctis-icons.hidesExplorerArrows changed, updating to false
[INFO 1:46:46 PM] catppuccin-noctis-icons.folders.associations changed, updating to undefined
[INFO 1:46:46 PM] catppuccin-noctis-icons.files.associations changed, updating to undefined
[INFO 1:47:17 PM] catppuccin-noctis-icons.hidesExplorerArrows changed, updating to false
[INFO 1:47:17 PM] catppuccin-noctis-icons.folders.associations changed, updating to undefined
[INFO 1:47:17 PM] catppuccin-noctis-icons.files.associations changed, updating to undefined
[INFO 1:47:54 PM] catppuccin-noctis-icons.hidesExplorerArrows changed, updating to false
[INFO 1:47:54 PM] catppuccin-noctis-icons.folders.associations changed, updating to undefined
[INFO 1:47:54 PM] catppuccin-noctis-icons.files.associations changed, updating to undefined
[INFO 1:48:06 PM] catppuccin-noctis-icons.hidesExplorerArrows changed, updating to false
[INFO 1:48:06 PM] catppuccin-noctis-icons.folders.associations changed, updating to undefined
[INFO 1:48:06 PM] catppuccin-noctis-icons.files.associations changed, updating to undefined
[INFO 1:48:27 PM] catppuccin-noctis-icons.hidesExplorerArrows changed, updating to false
[INFO 1:48:27 PM] catppuccin-noctis-icons.folders.associations changed, updating to undefined
[INFO 1:48:27 PM] catppuccin-noctis-icons.files.associations changed, updating to undefined
[INFO 1:48:38 PM] catppuccin-noctis-icons.hidesExplorerArrows changed, updating to false
[INFO 1:48:38 PM] catppuccin-noctis-icons.folders.associations changed, updating to undefined
[INFO 1:48:38 PM] catppuccin-noctis-icons.files.associations changed, updating to undefined
[INFO 1:48:49 PM] catppuccin-noctis-icons.hidesExplorerArrows changed, updating to false
[INFO 1:48:49 PM] catppuccin-noctis-icons.folders.associations changed, updating to undefined
[INFO 1:48:49 PM] catppuccin-noctis-icons.files.associations changed, updating to undefined
[INFO 1:49:26 PM] catppuccin-noctis-icons.hidesExplorerArrows changed, updating to false
[INFO 1:49:26 PM] catppuccin-noctis-icons.folders.associations changed, updating to undefined
[INFO 1:49:26 PM] catppuccin-noctis-icons.files.associations changed, updating to undefined
[INFO 1:49:31 PM] catppuccin-noctis-icons.hidesExplorerArrows changed, updating to false
[INFO 1:49:31 PM] catppuccin-noctis-icons.folders.associations changed, updating to undefined
[INFO 1:49:31 PM] catppuccin-noctis-icons.files.associations changed, updating to undefined
