2025-08-21 17:18:01.149 [info] Reading sessions from keychain...
2025-08-21 17:18:01.149 [info] Getting sessions for all scopes...
2025-08-21 17:18:01.149 [info] Got stored sessions!
2025-08-21 17:18:01.149 [info] Got 1 verified sessions.
2025-08-21 17:18:01.149 [info] Got 1 sessions for ...
2025-08-21 17:18:01.149 [info] Getting sessions for all scopes...
2025-08-21 17:18:01.149 [info] Got 1 sessions for ...
2025-08-21 17:18:01.149 [info] Getting sessions for all scopes...
2025-08-21 17:18:01.149 [info] Got 1 sessions for ...
2025-08-21 17:18:01.149 [info] Getting sessions for all scopes...
2025-08-21 17:18:01.149 [info] Got 1 sessions for ...
2025-08-21 17:18:01.149 [info] Getting sessions for all scopes...
2025-08-21 17:18:01.149 [info] Got 1 sessions for ...
2025-08-21 17:18:01.149 [info] Getting sessions for all scopes...
2025-08-21 17:18:01.149 [info] Got 1 sessions for ...
2025-08-21 17:18:01.149 [info] Getting sessions for all scopes...
2025-08-21 17:18:01.149 [info] Got 1 sessions for ...
2025-08-21 17:18:01.149 [info] Getting sessions for all scopes...
2025-08-21 17:18:01.149 [info] Got 1 sessions for ...
2025-08-21 17:18:01.164 [info] Getting sessions for all scopes...
2025-08-21 17:18:01.164 [info] Got 1 sessions for ...
2025-08-21 17:18:01.170 [info] Getting sessions for all scopes...
2025-08-21 17:18:01.170 [info] Got 1 sessions for ...
2025-08-21 17:18:01.171 [info] Getting sessions for all scopes...
2025-08-21 17:18:01.171 [info] Got 1 sessions for ...
2025-08-21 17:18:01.171 [info] Getting sessions for all scopes...
2025-08-21 17:18:01.171 [info] Got 1 sessions for ...
2025-08-21 17:18:01.171 [info] Getting sessions for all scopes...
2025-08-21 17:18:01.171 [info] Got 1 sessions for ...
2025-08-21 17:18:01.171 [info] Getting sessions for all scopes...
2025-08-21 17:18:01.171 [info] Got 1 sessions for ...
2025-08-21 17:18:01.289 [info] Getting sessions for user:email...
2025-08-21 17:18:01.290 [info] Got 1 sessions for user:email...
2025-08-21 17:18:01.464 [info] Getting sessions for all scopes...
2025-08-21 17:18:01.464 [info] Got 1 sessions for ...
2025-08-21 17:18:02.690 [info] Getting sessions for all scopes...
2025-08-21 17:18:02.690 [info] Got 1 sessions for ...
2025-08-21 17:18:02.690 [info] Getting sessions for all scopes...
2025-08-21 17:18:02.690 [info] Got 1 sessions for ...
2025-08-21 17:18:02.692 [info] Getting sessions for all scopes...
2025-08-21 17:18:02.692 [info] Got 1 sessions for ...
