2025-08-21 16:56:47.672 [info] Extension host with pid 167312 started
2025-08-21 16:56:47.672 [info] Skipping acquiring lock for /home/ranger/.config/Code/User/workspaceStorage/266d1405787173356327349eb47cfac1.
2025-08-21 16:56:47.791 [info] ExtensionService#_doActivateExtension vscode.github-authentication, startup: false, activationEvent: 'onAuthenticationRequest:github'
2025-08-21 16:56:47.825 [info] ExtensionService#_doActivateExtension vscode.emmet, startup: false, activationEvent: 'onLanguage'
2025-08-21 16:56:47.846 [info] ExtensionService#_doActivateExtension vscode.css-language-features, startup: false, activationEvent: 'onLanguage:css'
2025-08-21 16:56:47.882 [info] ExtensionService#_doActivateExtension solnurkarim.html-to-css-autocompletion, startup: false, activationEvent: 'onLanguage:css'
2025-08-21 16:56:48.297 [info] ExtensionService#_doActivateExtension vscode.git-base, startup: true, activationEvent: '*', root cause: vscode.git
2025-08-21 16:56:48.301 [info] ExtensionService#_doActivateExtension Zignd.html-css-class-completion, startup: true, activationEvent: '*'
2025-08-21 16:56:48.501 [info] ExtensionService#_doActivateExtension vscode.git, startup: true, activationEvent: '*'
2025-08-21 16:56:48.555 [info] ExtensionService#_doActivateExtension vscode.github, startup: true, activationEvent: '*'
2025-08-21 16:56:48.556 [info] ExtensionService#_doActivateExtension pranaygp.vscode-css-peek, startup: true, activationEvent: 'workspaceContains:**/*.css,**/*.scss,**/*.sass,**/*.less'
2025-08-21 16:56:48.839 [info] ExtensionService#_doActivateExtension vscode.configuration-editing, startup: false, activationEvent: 'onLanguage:jsonc'
2025-08-21 16:56:48.847 [info] ExtensionService#_doActivateExtension vscode.json-language-features, startup: false, activationEvent: 'onLanguage:jsonc'
2025-08-21 16:56:48.894 [info] ExtensionService#_doActivateExtension vscode.typescript-language-features, startup: false, activationEvent: 'onLanguage:jsonc'
2025-08-21 16:56:49.043 [info] Eager extensions activated
2025-08-21 16:56:49.055 [info] ExtensionService#_doActivateExtension vscode.debug-auto-launch, startup: false, activationEvent: 'onStartupFinished'
2025-08-21 16:56:49.057 [info] ExtensionService#_doActivateExtension vscode.merge-conflict, startup: false, activationEvent: 'onStartupFinished'
2025-08-21 16:56:49.076 [info] ExtensionService#_doActivateExtension alexdauenhauer.catppuccin-noctis-icons, startup: false, activationEvent: 'onStartupFinished'
2025-08-21 16:56:49.080 [info] ExtensionService#_doActivateExtension bradlc.vscode-tailwindcss, startup: false, activationEvent: 'onStartupFinished'
2025-08-21 16:56:49.113 [info] ExtensionService#_doActivateExtension brian-njogu.gitlantis, startup: false, activationEvent: 'onStartupFinished'
2025-08-21 16:56:49.123 [info] ExtensionService#_doActivateExtension dsznajder.es7-react-js-snippets, startup: false, activationEvent: 'onStartupFinished'
2025-08-21 16:56:49.639 [info] ExtensionService#_doActivateExtension ecmel.vscode-html-css, startup: false, activationEvent: 'onStartupFinished'
2025-08-21 16:56:49.641 [info] ExtensionService#_doActivateExtension ms-dotnettools.vscode-dotnet-runtime, startup: false, activationEvent: 'onStartupFinished'
2025-08-21 16:56:49.944 [info] ExtensionService#_doActivateExtension ritwickdey.LiveServer, startup: false, activationEvent: 'onStartupFinished'
2025-08-21 16:56:52.623 [info] ExtensionService#_doActivateExtension vscode.terminal-suggest, startup: false, activationEvent: 'onTerminalCompletionsRequested'
2025-08-21 16:59:49.956 [error] [solnurkarim.html-to-css-autocompletion] provider FAILED
2025-08-21 16:59:49.957 [error] TypeError: Cannot read properties of null (reading '0')
    at Object.provideHover (/home/ranger/.vscode/extensions/solnurkarim.html-to-css-autocompletion-1.1.2/extension.js:340:33)
    at hP.provideHover (file:///nix/store/fhf7jdl0rj62y287wgz55zmr4am58aa4-vscode-1.102.3/lib/vscode/resources/app/out/vs/workbench/api/node/extensionHostProcess.js:140:130814)
    at file:///nix/store/fhf7jdl0rj62y287wgz55zmr4am58aa4-vscode-1.102.3/lib/vscode/resources/app/out/vs/workbench/api/node/extensionHostProcess.js:140:158105
    at Qt.s (file:///nix/store/fhf7jdl0rj62y287wgz55zmr4am58aa4-vscode-1.102.3/lib/vscode/resources/app/out/vs/workbench/api/node/extensionHostProcess.js:140:155573)
    at Qt.$provideHover (file:///nix/store/fhf7jdl0rj62y287wgz55zmr4am58aa4-vscode-1.102.3/lib/vscode/resources/app/out/vs/workbench/api/node/extensionHostProcess.js:140:158093)
    at a4.S (file:///nix/store/fhf7jdl0rj62y287wgz55zmr4am58aa4-vscode-1.102.3/lib/vscode/resources/app/out/vs/workbench/api/node/extensionHostProcess.js:29:117864)
    at a4.Q (file:///nix/store/fhf7jdl0rj62y287wgz55zmr4am58aa4-vscode-1.102.3/lib/vscode/resources/app/out/vs/workbench/api/node/extensionHostProcess.js:29:117644)
    at a4.M (file:///nix/store/fhf7jdl0rj62y287wgz55zmr4am58aa4-vscode-1.102.3/lib/vscode/resources/app/out/vs/workbench/api/node/extensionHostProcess.js:29:116695)
    at a4.L (file:///nix/store/fhf7jdl0rj62y287wgz55zmr4am58aa4-vscode-1.102.3/lib/vscode/resources/app/out/vs/workbench/api/node/extensionHostProcess.js:29:115838)
    at Gh.value (file:///nix/store/fhf7jdl0rj62y287wgz55zmr4am58aa4-vscode-1.102.3/lib/vscode/resources/app/out/vs/workbench/api/node/extensionHostProcess.js:29:114635)
    at $.C (file:///nix/store/fhf7jdl0rj62y287wgz55zmr4am58aa4-vscode-1.102.3/lib/vscode/resources/app/out/vs/workbench/api/node/extensionHostProcess.js:27:2375)
    at $.fire (file:///nix/store/fhf7jdl0rj62y287wgz55zmr4am58aa4-vscode-1.102.3/lib/vscode/resources/app/out/vs/workbench/api/node/extensionHostProcess.js:27:2593)
    at ao.fire (file:///nix/store/fhf7jdl0rj62y287wgz55zmr4am58aa4-vscode-1.102.3/lib/vscode/resources/app/out/vs/workbench/api/node/extensionHostProcess.js:29:9459)
    at Gh.value (file:///nix/store/fhf7jdl0rj62y287wgz55zmr4am58aa4-vscode-1.102.3/lib/vscode/resources/app/out/vs/workbench/api/node/extensionHostProcess.js:356:8152)
    at $.C (file:///nix/store/fhf7jdl0rj62y287wgz55zmr4am58aa4-vscode-1.102.3/lib/vscode/resources/app/out/vs/workbench/api/node/extensionHostProcess.js:27:2375)
    at $.fire (file:///nix/store/fhf7jdl0rj62y287wgz55zmr4am58aa4-vscode-1.102.3/lib/vscode/resources/app/out/vs/workbench/api/node/extensionHostProcess.js:27:2593)
    at ao.fire (file:///nix/store/fhf7jdl0rj62y287wgz55zmr4am58aa4-vscode-1.102.3/lib/vscode/resources/app/out/vs/workbench/api/node/extensionHostProcess.js:29:9459)
    at MessagePortMain.<anonymous> (file:///nix/store/fhf7jdl0rj62y287wgz55zmr4am58aa4-vscode-1.102.3/lib/vscode/resources/app/out/vs/workbench/api/node/extensionHostProcess.js:356:6444)
    at MessagePortMain.emit (node:events:518:28)
    at Object.MessagePortMain._internalPort.emit (node:electron/js2c/utility_init:2:3073)
2025-08-21 17:01:30.129 [error] [solnurkarim.html-to-css-autocompletion] provider FAILED
2025-08-21 17:01:30.129 [error] TypeError: Cannot read properties of null (reading '0')
    at Object.provideHover (/home/ranger/.vscode/extensions/solnurkarim.html-to-css-autocompletion-1.1.2/extension.js:340:33)
    at hP.provideHover (file:///nix/store/fhf7jdl0rj62y287wgz55zmr4am58aa4-vscode-1.102.3/lib/vscode/resources/app/out/vs/workbench/api/node/extensionHostProcess.js:140:130814)
    at file:///nix/store/fhf7jdl0rj62y287wgz55zmr4am58aa4-vscode-1.102.3/lib/vscode/resources/app/out/vs/workbench/api/node/extensionHostProcess.js:140:158105
    at Qt.s (file:///nix/store/fhf7jdl0rj62y287wgz55zmr4am58aa4-vscode-1.102.3/lib/vscode/resources/app/out/vs/workbench/api/node/extensionHostProcess.js:140:155573)
    at Qt.$provideHover (file:///nix/store/fhf7jdl0rj62y287wgz55zmr4am58aa4-vscode-1.102.3/lib/vscode/resources/app/out/vs/workbench/api/node/extensionHostProcess.js:140:158093)
    at a4.S (file:///nix/store/fhf7jdl0rj62y287wgz55zmr4am58aa4-vscode-1.102.3/lib/vscode/resources/app/out/vs/workbench/api/node/extensionHostProcess.js:29:117864)
    at a4.Q (file:///nix/store/fhf7jdl0rj62y287wgz55zmr4am58aa4-vscode-1.102.3/lib/vscode/resources/app/out/vs/workbench/api/node/extensionHostProcess.js:29:117644)
    at a4.M (file:///nix/store/fhf7jdl0rj62y287wgz55zmr4am58aa4-vscode-1.102.3/lib/vscode/resources/app/out/vs/workbench/api/node/extensionHostProcess.js:29:116695)
    at a4.L (file:///nix/store/fhf7jdl0rj62y287wgz55zmr4am58aa4-vscode-1.102.3/lib/vscode/resources/app/out/vs/workbench/api/node/extensionHostProcess.js:29:115838)
    at Gh.value (file:///nix/store/fhf7jdl0rj62y287wgz55zmr4am58aa4-vscode-1.102.3/lib/vscode/resources/app/out/vs/workbench/api/node/extensionHostProcess.js:29:114635)
    at $.C (file:///nix/store/fhf7jdl0rj62y287wgz55zmr4am58aa4-vscode-1.102.3/lib/vscode/resources/app/out/vs/workbench/api/node/extensionHostProcess.js:27:2375)
    at $.fire (file:///nix/store/fhf7jdl0rj62y287wgz55zmr4am58aa4-vscode-1.102.3/lib/vscode/resources/app/out/vs/workbench/api/node/extensionHostProcess.js:27:2593)
    at ao.fire (file:///nix/store/fhf7jdl0rj62y287wgz55zmr4am58aa4-vscode-1.102.3/lib/vscode/resources/app/out/vs/workbench/api/node/extensionHostProcess.js:29:9459)
    at Gh.value (file:///nix/store/fhf7jdl0rj62y287wgz55zmr4am58aa4-vscode-1.102.3/lib/vscode/resources/app/out/vs/workbench/api/node/extensionHostProcess.js:356:8152)
    at $.C (file:///nix/store/fhf7jdl0rj62y287wgz55zmr4am58aa4-vscode-1.102.3/lib/vscode/resources/app/out/vs/workbench/api/node/extensionHostProcess.js:27:2375)
    at $.fire (file:///nix/store/fhf7jdl0rj62y287wgz55zmr4am58aa4-vscode-1.102.3/lib/vscode/resources/app/out/vs/workbench/api/node/extensionHostProcess.js:27:2593)
    at ao.fire (file:///nix/store/fhf7jdl0rj62y287wgz55zmr4am58aa4-vscode-1.102.3/lib/vscode/resources/app/out/vs/workbench/api/node/extensionHostProcess.js:29:9459)
    at MessagePortMain.<anonymous> (file:///nix/store/fhf7jdl0rj62y287wgz55zmr4am58aa4-vscode-1.102.3/lib/vscode/resources/app/out/vs/workbench/api/node/extensionHostProcess.js:356:6444)
    at MessagePortMain.emit (node:events:518:28)
    at Object.MessagePortMain._internalPort.emit (node:electron/js2c/utility_init:2:3073)
2025-08-21 17:01:32.094 [error] [solnurkarim.html-to-css-autocompletion] provider FAILED
2025-08-21 17:01:32.094 [error] TypeError: Cannot read properties of null (reading '0')
    at Object.provideHover (/home/ranger/.vscode/extensions/solnurkarim.html-to-css-autocompletion-1.1.2/extension.js:340:33)
    at hP.provideHover (file:///nix/store/fhf7jdl0rj62y287wgz55zmr4am58aa4-vscode-1.102.3/lib/vscode/resources/app/out/vs/workbench/api/node/extensionHostProcess.js:140:130814)
    at file:///nix/store/fhf7jdl0rj62y287wgz55zmr4am58aa4-vscode-1.102.3/lib/vscode/resources/app/out/vs/workbench/api/node/extensionHostProcess.js:140:158105
    at Qt.s (file:///nix/store/fhf7jdl0rj62y287wgz55zmr4am58aa4-vscode-1.102.3/lib/vscode/resources/app/out/vs/workbench/api/node/extensionHostProcess.js:140:155573)
    at Qt.$provideHover (file:///nix/store/fhf7jdl0rj62y287wgz55zmr4am58aa4-vscode-1.102.3/lib/vscode/resources/app/out/vs/workbench/api/node/extensionHostProcess.js:140:158093)
    at a4.S (file:///nix/store/fhf7jdl0rj62y287wgz55zmr4am58aa4-vscode-1.102.3/lib/vscode/resources/app/out/vs/workbench/api/node/extensionHostProcess.js:29:117864)
    at a4.Q (file:///nix/store/fhf7jdl0rj62y287wgz55zmr4am58aa4-vscode-1.102.3/lib/vscode/resources/app/out/vs/workbench/api/node/extensionHostProcess.js:29:117644)
    at a4.M (file:///nix/store/fhf7jdl0rj62y287wgz55zmr4am58aa4-vscode-1.102.3/lib/vscode/resources/app/out/vs/workbench/api/node/extensionHostProcess.js:29:116695)
    at a4.L (file:///nix/store/fhf7jdl0rj62y287wgz55zmr4am58aa4-vscode-1.102.3/lib/vscode/resources/app/out/vs/workbench/api/node/extensionHostProcess.js:29:115838)
    at Gh.value (file:///nix/store/fhf7jdl0rj62y287wgz55zmr4am58aa4-vscode-1.102.3/lib/vscode/resources/app/out/vs/workbench/api/node/extensionHostProcess.js:29:114635)
    at $.C (file:///nix/store/fhf7jdl0rj62y287wgz55zmr4am58aa4-vscode-1.102.3/lib/vscode/resources/app/out/vs/workbench/api/node/extensionHostProcess.js:27:2375)
    at $.fire (file:///nix/store/fhf7jdl0rj62y287wgz55zmr4am58aa4-vscode-1.102.3/lib/vscode/resources/app/out/vs/workbench/api/node/extensionHostProcess.js:27:2593)
    at ao.fire (file:///nix/store/fhf7jdl0rj62y287wgz55zmr4am58aa4-vscode-1.102.3/lib/vscode/resources/app/out/vs/workbench/api/node/extensionHostProcess.js:29:9459)
    at Gh.value (file:///nix/store/fhf7jdl0rj62y287wgz55zmr4am58aa4-vscode-1.102.3/lib/vscode/resources/app/out/vs/workbench/api/node/extensionHostProcess.js:356:8152)
    at $.C (file:///nix/store/fhf7jdl0rj62y287wgz55zmr4am58aa4-vscode-1.102.3/lib/vscode/resources/app/out/vs/workbench/api/node/extensionHostProcess.js:27:2375)
    at $.fire (file:///nix/store/fhf7jdl0rj62y287wgz55zmr4am58aa4-vscode-1.102.3/lib/vscode/resources/app/out/vs/workbench/api/node/extensionHostProcess.js:27:2593)
    at ao.fire (file:///nix/store/fhf7jdl0rj62y287wgz55zmr4am58aa4-vscode-1.102.3/lib/vscode/resources/app/out/vs/workbench/api/node/extensionHostProcess.js:29:9459)
    at MessagePortMain.<anonymous> (file:///nix/store/fhf7jdl0rj62y287wgz55zmr4am58aa4-vscode-1.102.3/lib/vscode/resources/app/out/vs/workbench/api/node/extensionHostProcess.js:356:6444)
    at MessagePortMain.emit (node:events:518:28)
    at Object.MessagePortMain._internalPort.emit (node:electron/js2c/utility_init:2:3073)
2025-08-21 17:15:22.413 [info] ExtensionService#_doActivateExtension vscode.html-language-features, startup: false, activationEvent: 'onLanguage:html'
2025-08-21 17:15:22.472 [info] ExtensionService#_doActivateExtension leizongmin.node-module-intellisense, startup: false, activationEvent: 'onLanguage:html'
2025-08-21 17:17:12.333 [info] Extension host terminating: renderer closed the MessagePort
2025-08-21 17:17:12.362 [info] Extension host with pid 167312 exiting with code 0
