2025-08-21 13:33:08.271 [info] Reading sessions from keychain...
2025-08-21 13:33:08.271 [info] Getting sessions for all scopes...
2025-08-21 13:33:08.276 [info] Got stored sessions!
2025-08-21 13:33:08.276 [info] Got 1 verified sessions.
2025-08-21 13:33:08.276 [info] Got 1 sessions for ...
2025-08-21 13:33:08.277 [info] Getting sessions for all scopes...
2025-08-21 13:33:08.277 [info] Got 1 sessions for ...
2025-08-21 13:33:08.277 [info] Getting sessions for all scopes...
2025-08-21 13:33:08.277 [info] Got 1 sessions for ...
2025-08-21 13:33:08.277 [info] Getting sessions for all scopes...
2025-08-21 13:33:08.277 [info] Got 1 sessions for ...
2025-08-21 13:33:08.277 [info] Getting sessions for all scopes...
2025-08-21 13:33:08.277 [info] Got 1 sessions for ...
2025-08-21 13:33:08.277 [info] Getting sessions for all scopes...
2025-08-21 13:33:08.277 [info] Got 1 sessions for ...
2025-08-21 13:33:08.277 [info] Getting sessions for all scopes...
2025-08-21 13:33:08.277 [info] Got 1 sessions for ...
2025-08-21 13:33:08.278 [info] Getting sessions for all scopes...
2025-08-21 13:33:08.278 [info] Got 1 sessions for ...
2025-08-21 13:33:08.278 [info] Getting sessions for all scopes...
2025-08-21 13:33:08.278 [info] Got 1 sessions for ...
2025-08-21 13:33:08.278 [info] Getting sessions for all scopes...
2025-08-21 13:33:08.278 [info] Got 1 sessions for ...
2025-08-21 13:33:08.279 [info] Getting sessions for all scopes...
2025-08-21 13:33:08.279 [info] Got 1 sessions for ...
2025-08-21 13:33:08.279 [info] Getting sessions for all scopes...
2025-08-21 13:33:08.279 [info] Got 1 sessions for ...
2025-08-21 13:33:08.279 [info] Getting sessions for all scopes...
2025-08-21 13:33:08.279 [info] Got 1 sessions for ...
2025-08-21 13:33:08.307 [info] Getting sessions for all scopes...
2025-08-21 13:33:08.307 [info] Got 1 sessions for ...
2025-08-21 13:33:08.621 [info] Getting sessions for user:email...
2025-08-21 13:33:08.621 [info] Got 1 sessions for user:email...
2025-08-21 13:33:08.882 [info] Getting sessions for all scopes...
2025-08-21 13:33:08.882 [info] Got 1 sessions for ...
2025-08-21 13:33:10.075 [info] Getting sessions for all scopes...
2025-08-21 13:33:10.075 [info] Got 1 sessions for ...
2025-08-21 13:33:10.075 [info] Getting sessions for all scopes...
2025-08-21 13:33:10.075 [info] Got 1 sessions for ...
2025-08-21 13:33:10.076 [info] Getting sessions for all scopes...
2025-08-21 13:33:10.076 [info] Got 1 sessions for ...
2025-08-21 13:33:10.462 [info] Getting sessions for read:user,repo,user:email,workflow...
2025-08-21 13:33:10.462 [info] Got 0 sessions for read:user,repo,user:email,workflow...
