2025-08-21 13:49:44.591 [info] Reading sessions from keychain...
2025-08-21 13:49:44.591 [info] Getting sessions for all scopes...
2025-08-21 13:49:44.591 [info] Got stored sessions!
2025-08-21 13:49:44.591 [info] Got 1 verified sessions.
2025-08-21 13:49:44.591 [info] Got 1 sessions for ...
2025-08-21 13:49:44.591 [info] Getting sessions for all scopes...
2025-08-21 13:49:44.591 [info] Got 1 sessions for ...
2025-08-21 13:49:44.591 [info] Getting sessions for all scopes...
2025-08-21 13:49:44.591 [info] Got 1 sessions for ...
2025-08-21 13:49:44.591 [info] Getting sessions for all scopes...
2025-08-21 13:49:44.591 [info] Got 1 sessions for ...
2025-08-21 13:49:44.591 [info] Getting sessions for all scopes...
2025-08-21 13:49:44.591 [info] Got 1 sessions for ...
2025-08-21 13:49:44.591 [info] Getting sessions for all scopes...
2025-08-21 13:49:44.591 [info] Got 1 sessions for ...
2025-08-21 13:49:44.591 [info] Getting sessions for all scopes...
2025-08-21 13:49:44.591 [info] Got 1 sessions for ...
2025-08-21 13:49:44.591 [info] Getting sessions for all scopes...
2025-08-21 13:49:44.591 [info] Got 1 sessions for ...
2025-08-21 13:49:44.591 [info] Getting sessions for all scopes...
2025-08-21 13:49:44.591 [info] Got 1 sessions for ...
2025-08-21 13:49:44.682 [info] Getting sessions for all scopes...
2025-08-21 13:49:44.682 [info] Got 1 sessions for ...
2025-08-21 13:49:44.682 [info] Getting sessions for all scopes...
2025-08-21 13:49:44.682 [info] Got 1 sessions for ...
2025-08-21 13:49:44.682 [info] Getting sessions for all scopes...
2025-08-21 13:49:44.682 [info] Got 1 sessions for ...
2025-08-21 13:49:44.682 [info] Getting sessions for all scopes...
2025-08-21 13:49:44.682 [info] Got 1 sessions for ...
2025-08-21 13:49:44.682 [info] Getting sessions for all scopes...
2025-08-21 13:49:44.682 [info] Got 1 sessions for ...
2025-08-21 13:49:44.682 [info] Getting sessions for all scopes...
2025-08-21 13:49:44.682 [info] Got 1 sessions for ...
2025-08-21 13:49:44.689 [info] Getting sessions for user:email...
2025-08-21 13:49:44.689 [info] Got 1 sessions for user:email...
2025-08-21 13:49:44.874 [info] Getting sessions for all scopes...
2025-08-21 13:49:44.874 [info] Got 1 sessions for ...
2025-08-21 13:49:46.330 [info] Getting sessions for all scopes...
2025-08-21 13:49:46.331 [info] Got 1 sessions for ...
2025-08-21 13:49:46.331 [info] Getting sessions for all scopes...
2025-08-21 13:49:46.331 [info] Got 1 sessions for ...
2025-08-21 13:49:46.340 [info] Getting sessions for all scopes...
2025-08-21 13:49:46.340 [info] Got 1 sessions for ...
