2025-08-21 12:40:05.162 [info] Reading sessions from keychain...
2025-08-21 12:40:05.162 [info] Got stored sessions!
2025-08-21 12:40:05.162 [info] Got 1 verified sessions.
2025-08-21 12:40:05.162 [info] Getting sessions for all scopes...
2025-08-21 12:40:05.162 [info] Got 1 sessions for ...
2025-08-21 12:40:05.162 [info] Getting sessions for all scopes...
2025-08-21 12:40:05.162 [info] Got 1 sessions for ...
2025-08-21 12:40:05.162 [info] Getting sessions for all scopes...
2025-08-21 12:40:05.162 [info] Got 1 sessions for ...
2025-08-21 12:40:05.162 [info] Getting sessions for all scopes...
2025-08-21 12:40:05.162 [info] Got 1 sessions for ...
2025-08-21 12:40:05.162 [info] Getting sessions for all scopes...
2025-08-21 12:40:05.162 [info] Got 1 sessions for ...
2025-08-21 12:40:05.162 [info] Getting sessions for all scopes...
2025-08-21 12:40:05.162 [info] Got 1 sessions for ...
2025-08-21 12:40:05.162 [info] Getting sessions for all scopes...
2025-08-21 12:40:05.162 [info] Got 1 sessions for ...
2025-08-21 12:40:05.162 [info] Getting sessions for all scopes...
2025-08-21 12:40:05.162 [info] Got 1 sessions for ...
2025-08-21 12:40:05.162 [info] Getting sessions for all scopes...
2025-08-21 12:40:05.162 [info] Got 1 sessions for ...
2025-08-21 12:40:05.162 [info] Getting sessions for all scopes...
2025-08-21 12:40:05.162 [info] Got 1 sessions for ...
2025-08-21 12:40:05.162 [info] Getting sessions for all scopes...
2025-08-21 12:40:05.162 [info] Got 1 sessions for ...
2025-08-21 12:40:05.162 [info] Getting sessions for all scopes...
2025-08-21 12:40:05.162 [info] Got 1 sessions for ...
2025-08-21 12:40:05.162 [info] Getting sessions for all scopes...
2025-08-21 12:40:05.162 [info] Got 1 sessions for ...
2025-08-21 12:40:05.162 [info] Getting sessions for all scopes...
2025-08-21 12:40:05.162 [info] Got 1 sessions for ...
2025-08-21 12:40:05.162 [info] Getting sessions for all scopes...
2025-08-21 12:40:05.162 [info] Got 1 sessions for ...
2025-08-21 12:40:05.342 [info] Getting sessions for user:email...
2025-08-21 12:40:05.342 [info] Got 1 sessions for user:email...
2025-08-21 12:40:05.398 [info] Getting sessions for all scopes...
2025-08-21 12:40:05.398 [info] Got 1 sessions for ...
2025-08-21 12:40:06.777 [info] Getting sessions for all scopes...
2025-08-21 12:40:06.777 [info] Got 1 sessions for ...
2025-08-21 12:40:06.778 [info] Getting sessions for all scopes...
2025-08-21 12:40:06.778 [info] Got 1 sessions for ...
2025-08-21 12:40:06.781 [info] Getting sessions for all scopes...
2025-08-21 12:40:06.781 [info] Got 1 sessions for ...
