2025-08-21 00:32:20.561 [info] Reading sessions from keychain...
2025-08-21 00:32:20.561 [info] Getting sessions for all scopes...
2025-08-21 00:32:20.603 [info] Got stored sessions!
2025-08-21 00:32:20.604 [info] Got 1 verified sessions.
2025-08-21 00:32:20.604 [info] Got 1 sessions for ...
2025-08-21 00:32:20.604 [info] Getting sessions for all scopes...
2025-08-21 00:32:20.604 [info] Got 1 sessions for ...
2025-08-21 00:32:20.604 [info] Getting sessions for all scopes...
2025-08-21 00:32:20.604 [info] Got 1 sessions for ...
2025-08-21 00:32:20.604 [info] Getting sessions for all scopes...
2025-08-21 00:32:20.604 [info] Got 1 sessions for ...
2025-08-21 00:32:20.604 [info] Getting sessions for all scopes...
2025-08-21 00:32:20.604 [info] Got 1 sessions for ...
2025-08-21 00:32:20.604 [info] Getting sessions for all scopes...
2025-08-21 00:32:20.604 [info] Got 1 sessions for ...
2025-08-21 00:32:20.604 [info] Getting sessions for all scopes...
2025-08-21 00:32:20.604 [info] Got 1 sessions for ...
2025-08-21 00:32:20.604 [info] Getting sessions for all scopes...
2025-08-21 00:32:20.604 [info] Got 1 sessions for ...
2025-08-21 00:32:20.608 [info] Getting sessions for all scopes...
2025-08-21 00:32:20.608 [info] Got 1 sessions for ...
2025-08-21 00:32:20.610 [info] Getting sessions for all scopes...
2025-08-21 00:32:20.610 [info] Got 1 sessions for ...
2025-08-21 00:32:20.611 [info] Getting sessions for all scopes...
2025-08-21 00:32:20.611 [info] Got 1 sessions for ...
2025-08-21 00:32:20.611 [info] Getting sessions for all scopes...
2025-08-21 00:32:20.611 [info] Got 1 sessions for ...
2025-08-21 00:32:20.611 [info] Getting sessions for all scopes...
2025-08-21 00:32:20.611 [info] Got 1 sessions for ...
2025-08-21 00:32:20.611 [info] Getting sessions for all scopes...
2025-08-21 00:32:20.611 [info] Got 1 sessions for ...
2025-08-21 00:32:20.614 [info] Getting sessions for all scopes...
2025-08-21 00:32:20.614 [info] Got 1 sessions for ...
2025-08-21 00:32:21.113 [info] Getting sessions for user:email...
2025-08-21 00:32:21.113 [info] Got 1 sessions for user:email...
2025-08-21 00:32:21.115 [info] Getting sessions for all scopes...
2025-08-21 00:32:21.115 [info] Got 1 sessions for ...
2025-08-21 00:32:22.562 [info] Getting sessions for all scopes...
2025-08-21 00:32:22.562 [info] Got 1 sessions for ...
2025-08-21 00:32:22.562 [info] Getting sessions for all scopes...
2025-08-21 00:32:22.562 [info] Got 1 sessions for ...
2025-08-21 00:32:22.563 [info] Getting sessions for all scopes...
2025-08-21 00:32:22.563 [info] Got 1 sessions for ...
2025-08-21 00:32:22.817 [info] Getting sessions for read:user,repo,user:email,workflow...
2025-08-21 00:32:22.817 [info] Got 0 sessions for read:user,repo,user:email,workflow...
2025-08-21 00:38:09.404 [info] Getting sessions for read:user,repo,user:email,workflow...
2025-08-21 00:38:09.404 [info] Got 0 sessions for read:user,repo,user:email,workflow...
