2025-08-21 13:33:09.226 [info] [main] Log level: Info
2025-08-21 13:33:09.226 [info] [main] Validating found git in: "git"
2025-08-21 13:33:09.226 [info] [main] Using git "2.50.1" from "git"
2025-08-21 13:33:09.226 [info] [Model][doInitialScan] Initial repository scan started
2025-08-21 13:33:09.226 [info] > git rev-parse --show-toplevel [43ms]
2025-08-21 13:33:09.226 [info] > git rev-parse --git-dir --git-common-dir [20ms]
2025-08-21 13:33:09.226 [info] [Model][openRepository] Opened repository (path): /home/ranger/futbol
2025-08-21 13:33:09.226 [info] [Model][openRepository] Opened repository (real path): /home/ranger/futbol
2025-08-21 13:33:09.255 [info] > git rev-parse --show-toplevel [13ms]
2025-08-21 13:33:09.256 [info] [Model][doInitialScan] Initial repository scan completed - repositories (1), closed repositories (0), parent repositories (0), unsafe repositories (0)
2025-08-21 13:33:09.257 [info] > git config --get commit.template [23ms]
2025-08-21 13:33:10.095 [info] > git check-ignore -v -z --stdin [88ms]
2025-08-21 13:33:10.096 [info] > git for-each-ref --format=%(refname)%00%(upstream:short)%00%(objectname)%00%(upstream:track)%00%(upstream:remotename)%00%(upstream:remoteref) refs/heads/main refs/remotes/main [9ms]
2025-08-21 13:33:10.252 [info] > git show --textconv :about.html [47ms]
2025-08-21 13:33:10.253 [info] > git ls-files --stage -- about.html [36ms]
2025-08-21 13:33:10.293 [info] > git status -z -uall [12ms]
2025-08-21 13:33:10.293 [info] > git cat-file -s f56f57ce302e1d38162f111a82a038ef4cf38450 [32ms]
2025-08-21 13:33:10.296 [info] > git for-each-ref --sort -committerdate --format %(refname)%00%(objectname)%00%(*objectname) [4ms]
2025-08-21 13:33:10.428 [info] > git for-each-ref --format=%(refname)%00%(upstream:short)%00%(objectname)%00%(upstream:track)%00%(upstream:remotename)%00%(upstream:remoteref) refs/heads/main refs/remotes/main [116ms]
2025-08-21 13:33:10.452 [info] > git config --get --local branch.main.vscode-merge-base [15ms]
2025-08-21 13:33:10.452 [warning] [Git][config] git config failed: Failed to execute git
2025-08-21 13:33:10.461 [info] > git config --get commit.template [37ms]
2025-08-21 13:33:10.487 [info] > git reflog main --grep-reflog=branch: Created from *. [26ms]
2025-08-21 13:33:10.496 [info] > git for-each-ref --format=%(refname)%00%(upstream:short)%00%(objectname)%00%(upstream:track)%00%(upstream:remotename)%00%(upstream:remoteref) refs/heads/main refs/remotes/main [10ms]
2025-08-21 13:33:10.497 [info] > git symbolic-ref --short refs/remotes/origin/HEAD [2ms]
2025-08-21 13:33:10.497 [info] fatal: ref refs/remotes/origin/HEAD is not a symbolic ref
2025-08-21 13:33:10.497 [warning] [Repository][getDefaultBranch] Failed to get default branch details: Failed to execute git.
2025-08-21 13:33:10.523 [info] > git blame --root --incremental 0956124d7125618d71b645e4bcc79cde1c38e4ff -- about.html [5ms]
2025-08-21 13:33:10.524 [info] > git merge-base refs/heads/main refs/remotes/origin/main [17ms]
2025-08-21 13:33:10.557 [info] > git status -z -uall [16ms]
2025-08-21 13:33:10.557 [info] > git diff --name-status -z --diff-filter=ADMR 0956124d7125618d71b645e4bcc79cde1c38e4ff...refs/remotes/origin/main [26ms]
2025-08-21 13:33:10.559 [info] > git for-each-ref --sort -committerdate --format %(refname)%00%(objectname)%00%(*objectname) [11ms]
2025-08-21 13:33:12.360 [info] > git config --get commit.template [2ms]
2025-08-21 13:33:12.370 [info] > git for-each-ref --format=%(refname)%00%(upstream:short)%00%(objectname)%00%(upstream:track)%00%(upstream:remotename)%00%(upstream:remoteref) refs/heads/main refs/remotes/main [2ms]
2025-08-21 13:33:12.396 [info] > git status -z -uall [18ms]
2025-08-21 13:33:12.398 [info] > git for-each-ref --sort -committerdate --format %(refname)%00%(objectname)%00%(*objectname) [4ms]
2025-08-21 13:33:17.419 [info] > git config --get commit.template [11ms]
2025-08-21 13:33:17.420 [info] > git for-each-ref --format=%(refname)%00%(upstream:short)%00%(objectname)%00%(upstream:track)%00%(upstream:remotename)%00%(upstream:remoteref) refs/heads/main refs/remotes/main [2ms]
2025-08-21 13:33:17.439 [info] > git status -z -uall [10ms]
2025-08-21 13:33:17.440 [info] > git for-each-ref --sort -committerdate --format %(refname)%00%(objectname)%00%(*objectname) [2ms]
2025-08-21 13:33:17.763 [info] > git show --textconv :blog.html [9ms]
2025-08-21 13:33:17.764 [info] > git ls-files --stage -- blog.html [1ms]
2025-08-21 13:33:17.773 [info] > git cat-file -s dcb2d8d5108678ca86987f7ed5c5e425c13e0e31 [1ms]
2025-08-21 13:33:17.788 [info] > git blame --root --incremental 0956124d7125618d71b645e4bcc79cde1c38e4ff -- blog.html [2ms]
2025-08-21 13:33:31.640 [info] > git config --get commit.template [3ms]
2025-08-21 13:33:31.654 [info] > git for-each-ref --format=%(refname)%00%(upstream:short)%00%(objectname)%00%(upstream:track)%00%(upstream:remotename)%00%(upstream:remoteref) refs/heads/main refs/remotes/main [4ms]
2025-08-21 13:33:31.674 [info] > git status -z -uall [12ms]
2025-08-21 13:33:31.674 [info] > git for-each-ref --sort -committerdate --format %(refname)%00%(objectname)%00%(*objectname) [1ms]
