2025-08-21 13:49:43.437 [warning] Via 'product.json#extensionEnabledApiProposals' extension 'ms-vsliveshare.vsliveshare' wants API proposal 'notebookCellExecutionState' but that proposal DOES NOT EXIST. Likely, the proposal has been finalized (check 'vscode.d.ts') or was abandoned.
2025-08-21 13:49:43.448 [warning] Via 'product.json#extensionEnabledApiProposals' extension 'ms-python.gather' wants API proposal 'notebookCellExecutionState' but that proposal DOES NOT EXIST. Likely, the proposal has been finalized (check 'vscode.d.ts') or was abandoned.
2025-08-21 13:49:43.448 [warning] Via 'product.json#extensionEnabledApiProposals' extension 'ms-python.vscode-pylance' wants API proposal 'mcpConfigurationProvider' but that proposal DOES NOT EXIST. Likely, the proposal has been finalized (check 'vscode.d.ts') or was abandoned.
2025-08-21 13:49:43.664 [info] Started local extension host with pid 104687.
2025-08-21 13:49:44.123 [info] [ms-vscode.js-debug-nightly]: Command `extension.js-debug.prettyPrint` already registered by JavaScript Debugger (ms-vscode.js-debug)
2025-08-21 13:49:44.123 [info] [ms-vscode.js-debug-nightly]: Command `extension.js-debug.toggleSkippingFile` already registered by JavaScript Debugger (ms-vscode.js-debug)
2025-08-21 13:49:44.123 [info] [ms-vscode.js-debug-nightly]: Command `extension.js-debug.addCustomBreakpoints` already registered by JavaScript Debugger (ms-vscode.js-debug)
2025-08-21 13:49:44.123 [info] [ms-vscode.js-debug-nightly]: Command `extension.js-debug.removeAllCustomBreakpoints` already registered by JavaScript Debugger (ms-vscode.js-debug)
2025-08-21 13:49:44.123 [info] [ms-vscode.js-debug-nightly]: Command `extension.js-debug.addXHRBreakpoints` already registered by JavaScript Debugger (ms-vscode.js-debug)
2025-08-21 13:49:44.124 [info] [ms-vscode.js-debug-nightly]: Command `extension.js-debug.removeXHRBreakpoint` already registered by JavaScript Debugger (ms-vscode.js-debug)
2025-08-21 13:49:44.124 [info] [ms-vscode.js-debug-nightly]: Command `extension.js-debug.editXHRBreakpoints` already registered by JavaScript Debugger (ms-vscode.js-debug)
2025-08-21 13:49:44.124 [info] [ms-vscode.js-debug-nightly]: Command `extension.pwa-node-debug.attachNodeProcess` already registered by JavaScript Debugger (ms-vscode.js-debug)
2025-08-21 13:49:44.124 [info] [ms-vscode.js-debug-nightly]: Command `extension.js-debug.npmScript` already registered by JavaScript Debugger (ms-vscode.js-debug)
2025-08-21 13:49:44.124 [info] [ms-vscode.js-debug-nightly]: Command `extension.js-debug.createDebuggerTerminal` already registered by JavaScript Debugger (ms-vscode.js-debug)
2025-08-21 13:49:44.125 [info] [ms-vscode.js-debug-nightly]: Command `extension.js-debug.startProfile` already registered by JavaScript Debugger (ms-vscode.js-debug)
2025-08-21 13:49:44.125 [info] [ms-vscode.js-debug-nightly]: Command `extension.js-debug.stopProfile` already registered by JavaScript Debugger (ms-vscode.js-debug)
2025-08-21 13:49:44.125 [info] [ms-vscode.js-debug-nightly]: Command `extension.js-debug.revealPage` already registered by JavaScript Debugger (ms-vscode.js-debug)
2025-08-21 13:49:44.125 [info] [ms-vscode.js-debug-nightly]: Command `extension.js-debug.debugLink` already registered by JavaScript Debugger (ms-vscode.js-debug)
2025-08-21 13:49:44.125 [info] [ms-vscode.js-debug-nightly]: Command `extension.js-debug.createDiagnostics` already registered by JavaScript Debugger (ms-vscode.js-debug)
2025-08-21 13:49:44.125 [info] [ms-vscode.js-debug-nightly]: Command `extension.js-debug.getDiagnosticLogs` already registered by JavaScript Debugger (ms-vscode.js-debug)
2025-08-21 13:49:44.125 [info] [ms-vscode.js-debug-nightly]: Command `extension.node-debug.startWithStopOnEntry` already registered by JavaScript Debugger (ms-vscode.js-debug)
2025-08-21 13:49:44.125 [info] [ms-vscode.js-debug-nightly]: Command `extension.js-debug.openEdgeDevTools` already registered by JavaScript Debugger (ms-vscode.js-debug)
2025-08-21 13:49:44.126 [info] [ms-vscode.js-debug-nightly]: Command `extension.js-debug.callers.add` already registered by JavaScript Debugger (ms-vscode.js-debug)
2025-08-21 13:49:44.126 [info] [ms-vscode.js-debug-nightly]: Command `extension.js-debug.callers.remove` already registered by JavaScript Debugger (ms-vscode.js-debug)
2025-08-21 13:49:44.126 [info] [ms-vscode.js-debug-nightly]: Command `extension.js-debug.callers.removeAll` already registered by JavaScript Debugger (ms-vscode.js-debug)
2025-08-21 13:49:44.126 [info] [ms-vscode.js-debug-nightly]: Command `extension.js-debug.callers.goToCaller` already registered by JavaScript Debugger (ms-vscode.js-debug)
2025-08-21 13:49:44.126 [info] [ms-vscode.js-debug-nightly]: Command `extension.js-debug.callers.gotToTarget` already registered by JavaScript Debugger (ms-vscode.js-debug)
2025-08-21 13:49:44.126 [info] [ms-vscode.js-debug-nightly]: Command `extension.js-debug.enableSourceMapStepping` already registered by JavaScript Debugger (ms-vscode.js-debug)
2025-08-21 13:49:44.126 [info] [ms-vscode.js-debug-nightly]: Command `extension.js-debug.disableSourceMapStepping` already registered by JavaScript Debugger (ms-vscode.js-debug)
2025-08-21 13:49:44.126 [info] [ms-vscode.js-debug-nightly]: Command `extension.js-debug.network.viewRequest` already registered by JavaScript Debugger (ms-vscode.js-debug)
2025-08-21 13:49:44.127 [info] [ms-vscode.js-debug-nightly]: Command `extension.js-debug.network.clear` already registered by JavaScript Debugger (ms-vscode.js-debug)
2025-08-21 13:49:44.127 [info] [ms-vscode.js-debug-nightly]: Command `extension.js-debug.network.openBody` already registered by JavaScript Debugger (ms-vscode.js-debug)
2025-08-21 13:49:44.127 [info] [ms-vscode.js-debug-nightly]: Command `extension.js-debug.network.openBodyInHex` already registered by JavaScript Debugger (ms-vscode.js-debug)
2025-08-21 13:49:44.127 [info] [ms-vscode.js-debug-nightly]: Command `extension.js-debug.network.replayXHR` already registered by JavaScript Debugger (ms-vscode.js-debug)
2025-08-21 13:49:44.127 [info] [ms-vscode.js-debug-nightly]: Command `extension.js-debug.network.copyUri` already registered by JavaScript Debugger (ms-vscode.js-debug)
2025-08-21 13:49:44.144 [warning] [ms-vscode.js-debug-nightly]: Cannot register 'debug.javascript.codelens.npmScripts'. This property is already registered.
2025-08-21 13:49:44.144 [warning] [ms-vscode.js-debug-nightly]: Cannot register 'debug.javascript.terminalOptions'. This property is already registered.
2025-08-21 13:49:44.144 [warning] [ms-vscode.js-debug-nightly]: Cannot register 'debug.javascript.automaticallyTunnelRemoteServer'. This property is already registered.
2025-08-21 13:49:44.144 [warning] [ms-vscode.js-debug-nightly]: Cannot register 'debug.javascript.debugByLinkOptions'. This property is already registered.
2025-08-21 13:49:44.144 [warning] [ms-vscode.js-debug-nightly]: Cannot register 'debug.javascript.pickAndAttachOptions'. This property is already registered.
2025-08-21 13:49:44.145 [warning] [ms-vscode.js-debug-nightly]: Cannot register 'debug.javascript.autoAttachFilter'. This property is already registered.
2025-08-21 13:49:44.145 [warning] [ms-vscode.js-debug-nightly]: Cannot register 'debug.javascript.autoAttachSmartPattern'. This property is already registered.
2025-08-21 13:49:44.145 [warning] [ms-vscode.js-debug-nightly]: Cannot register 'debug.javascript.breakOnConditionalError'. This property is already registered.
2025-08-21 13:49:44.145 [warning] [ms-vscode.js-debug-nightly]: Cannot register 'debug.javascript.unmapMissingSources'. This property is already registered.
2025-08-21 13:49:44.145 [warning] [ms-vscode.js-debug-nightly]: Cannot register 'debug.javascript.defaultRuntimeExecutable'. This property is already registered.
2025-08-21 13:49:44.146 [warning] [ms-vscode.js-debug-nightly]: Cannot register 'debug.javascript.resourceRequestOptions'. This property is already registered.
2025-08-21 13:49:44.146 [warning] [ms-vscode.js-debug-nightly]: Cannot register 'debug.javascript.enableNetworkView'. This property is already registered.
2025-08-21 13:49:44.172 [error] [ms-vscode.js-debug-nightly]: Cannot register multiple views with same id `jsBrowserBreakpoints`
2025-08-21 13:49:44.172 [error] [ms-vscode.js-debug-nightly]: Cannot register multiple views with same id `jsExcludedCallers`
2025-08-21 13:49:44.172 [error] [ms-vscode.js-debug-nightly]: Cannot register multiple views with same id `jsDebugNetworkTree`
2025-08-21 13:49:44.563 [error] [sidthesloth.html5-boilerplate]: Unknown language in `contributes.html5-boilerplate.language`. Provided value: njk
2025-08-21 13:49:44.563 [error] [sidthesloth.html5-boilerplate]: Unknown language in `contributes.html5-boilerplate.language`. Provided value: django-html
2025-08-21 13:49:44.564 [error] [TaodongWu.ejs-snippets]: Unknown language in `contributes.ejs-snippets.language`. Provided value: ejs
2025-08-21 13:49:44.564 [error] [thekalinga.bootstrap4-vscode]: Unknown language in `contributes.bootstrap4-vscode.language`. Provided value: blade
2025-08-21 13:49:44.564 [error] [thekalinga.bootstrap4-vscode]: Unknown language in `contributes.bootstrap4-vscode.language`. Provided value: ejs
2025-08-21 13:49:44.564 [error] [thekalinga.bootstrap4-vscode]: Unknown language in `contributes.bootstrap4-vscode.language`. Provided value: latte
2025-08-21 13:49:44.564 [error] [thekalinga.bootstrap4-vscode]: Unknown language in `contributes.bootstrap4-vscode.language`. Provided value: tpl
2025-08-21 13:49:44.564 [error] [thekalinga.bootstrap4-vscode]: Unknown language in `contributes.bootstrap4-vscode.language`. Provided value: twig
2025-08-21 13:49:44.565 [error] [thekalinga.bootstrap4-vscode]: Unknown language in `contributes.bootstrap4-vscode.language`. Provided value: vue
2025-08-21 13:49:44.565 [error] [thekalinga.bootstrap4-vscode]: Unknown language in `contributes.bootstrap4-vscode.language`. Provided value: vue-html
2025-08-21 13:49:44.565 [error] [thekalinga.bootstrap4-vscode]: Unknown language in `contributes.bootstrap4-vscode.language`. Provided value: django-html
2025-08-21 13:49:44.565 [error] [thekalinga.bootstrap4-vscode]: Unknown language in `contributes.bootstrap4-vscode.language`. Provided value: jinja-html
2025-08-21 13:49:44.565 [error] [thekalinga.bootstrap4-vscode]: Unknown language in `contributes.bootstrap4-vscode.language`. Provided value: erb
2025-08-21 13:49:44.565 [error] [thekalinga.bootstrap4-vscode]: Unknown language in `contributes.bootstrap4-vscode.language`. Provided value: HTML (Eex)
2025-08-21 13:49:44.566 [error] [thekalinga.bootstrap4-vscode]: Unknown language in `contributes.bootstrap4-vscode.language`. Provided value: volt
2025-08-21 13:49:44.566 [error] [thekalinga.bootstrap4-vscode]: Unknown language in `contributes.bootstrap4-vscode.language`. Provided value: nunjucks
2025-08-21 13:49:44.566 [error] [xabikos.JavaScriptSnippets]: Unknown language in `contributes.JavaScriptSnippets.language`. Provided value: vue
2025-08-21 13:49:44.708 [error] [Extension Host] (node:104687) [DEP0040] DeprecationWarning: The `punycode` module is deprecated. Please use a userland alternative instead.
(Use `exe --trace-deprecation ...` to show where the warning was created)
2025-08-21 13:49:44.825 [info] Settings Sync: Account status changed from uninitialized to available
2025-08-21 13:49:46.499 [info] [perf] Render performance baseline is 17ms
