2025-08-21 00:49:31.411 [info] Reading sessions from keychain...
2025-08-21 00:49:31.411 [info] Got stored sessions!
2025-08-21 00:49:31.411 [info] Got 1 verified sessions.
2025-08-21 00:49:31.411 [info] Getting sessions for all scopes...
2025-08-21 00:49:31.411 [info] Got 1 sessions for ...
2025-08-21 00:49:31.411 [info] Getting sessions for all scopes...
2025-08-21 00:49:31.411 [info] Got 1 sessions for ...
2025-08-21 00:49:31.411 [info] Getting sessions for all scopes...
2025-08-21 00:49:31.411 [info] Got 1 sessions for ...
2025-08-21 00:49:31.411 [info] Getting sessions for all scopes...
2025-08-21 00:49:31.411 [info] Got 1 sessions for ...
2025-08-21 00:49:31.411 [info] Getting sessions for all scopes...
2025-08-21 00:49:31.411 [info] Got 1 sessions for ...
2025-08-21 00:49:31.411 [info] Getting sessions for all scopes...
2025-08-21 00:49:31.411 [info] Got 1 sessions for ...
2025-08-21 00:49:31.411 [info] Getting sessions for all scopes...
2025-08-21 00:49:31.411 [info] Got 1 sessions for ...
2025-08-21 00:49:31.411 [info] Getting sessions for all scopes...
2025-08-21 00:49:31.411 [info] Got 1 sessions for ...
2025-08-21 00:49:31.411 [info] Getting sessions for all scopes...
2025-08-21 00:49:31.411 [info] Got 1 sessions for ...
2025-08-21 00:49:31.411 [info] Getting sessions for all scopes...
2025-08-21 00:49:31.411 [info] Got 1 sessions for ...
2025-08-21 00:49:31.411 [info] Getting sessions for all scopes...
2025-08-21 00:49:31.411 [info] Got 1 sessions for ...
2025-08-21 00:49:31.411 [info] Getting sessions for all scopes...
2025-08-21 00:49:31.411 [info] Got 1 sessions for ...
2025-08-21 00:49:31.411 [info] Getting sessions for all scopes...
2025-08-21 00:49:31.411 [info] Got 1 sessions for ...
2025-08-21 00:49:31.411 [info] Getting sessions for all scopes...
2025-08-21 00:49:31.411 [info] Got 1 sessions for ...
2025-08-21 00:49:31.411 [info] Getting sessions for user:email...
2025-08-21 00:49:31.411 [info] Got 1 sessions for user:email...
2025-08-21 00:49:31.639 [info] Getting sessions for all scopes...
2025-08-21 00:49:31.639 [info] Got 1 sessions for ...
2025-08-21 00:49:33.017 [info] Getting sessions for all scopes...
2025-08-21 00:49:33.017 [info] Got 1 sessions for ...
2025-08-21 00:49:33.018 [info] Getting sessions for all scopes...
2025-08-21 00:49:33.018 [info] Got 1 sessions for ...
2025-08-21 00:49:33.028 [info] Getting sessions for all scopes...
2025-08-21 00:49:33.028 [info] Got 1 sessions for ...
