2025-08-21 00:32:21.588 [info] [main] Log level: Info
2025-08-21 00:32:21.588 [info] [main] Validating found git in: "git"
2025-08-21 00:32:21.588 [info] [main] Using git "2.50.1" from "git"
2025-08-21 00:32:21.588 [info] [Model][doInitialScan] Initial repository scan started
2025-08-21 00:32:21.588 [info] > git rev-parse --show-toplevel [21ms]
2025-08-21 00:32:21.588 [info] > git rev-parse --git-dir --git-common-dir [41ms]
2025-08-21 00:32:21.588 [info] [Model][openRepository] Opened repository (path): /home/ranger/futbol
2025-08-21 00:32:21.588 [info] [Model][openRepository] Opened repository (real path): /home/ranger/futbol
2025-08-21 00:32:21.591 [info] > git rev-parse --show-toplevel [29ms]
2025-08-21 00:32:21.592 [info] [Model][doInitialScan] Initial repository scan completed - repositories (1), closed repositories (0), parent repositories (0), unsafe repositories (0)
2025-08-21 00:32:21.593 [info] > git config --get commit.template [39ms]
2025-08-21 00:32:22.592 [info] > git check-ignore -v -z --stdin [135ms]
2025-08-21 00:32:22.593 [info] > git for-each-ref --format=%(refname)%00%(upstream:short)%00%(objectname)%00%(upstream:track)%00%(upstream:remotename)%00%(upstream:remoteref) refs/heads/main refs/remotes/main [160ms]
2025-08-21 00:32:22.662 [info] > git status -z -uall [15ms]
2025-08-21 00:32:22.662 [info] > git for-each-ref --sort -committerdate --format %(refname)%00%(objectname)%00%(*objectname) [4ms]
2025-08-21 00:32:22.730 [info] > git show --textconv :games.html [39ms]
2025-08-21 00:32:22.730 [info] > git ls-files --stage -- games.html [28ms]
2025-08-21 00:32:22.743 [info] > git for-each-ref --format=%(refname)%00%(upstream:short)%00%(objectname)%00%(upstream:track)%00%(upstream:remotename)%00%(upstream:remoteref) refs/heads/main refs/remotes/main [65ms]
2025-08-21 00:32:22.766 [info] > git cat-file -s e69de29bb2d1d6434b8b29ae775ad8c2e48c5391 [24ms]
2025-08-21 00:32:22.768 [info] > git config --get commit.template [42ms]
2025-08-21 00:32:22.797 [info] > git config --get --local branch.main.vscode-merge-base [42ms]
2025-08-21 00:32:22.798 [warning] [Git][config] git config failed: Failed to execute git
2025-08-21 00:32:22.828 [info] > git reflog main --grep-reflog=branch: Created from *. [17ms]
2025-08-21 00:32:22.842 [info] > git for-each-ref --format=%(refname)%00%(upstream:short)%00%(objectname)%00%(upstream:track)%00%(upstream:remotename)%00%(upstream:remoteref) refs/heads/main refs/remotes/main [14ms]
2025-08-21 00:32:22.857 [info] > git symbolic-ref --short refs/remotes/origin/HEAD [17ms]
2025-08-21 00:32:22.857 [info] fatal: ref refs/remotes/origin/HEAD is not a symbolic ref
2025-08-21 00:32:22.857 [warning] [Repository][getDefaultBranch] Failed to get default branch details: Failed to execute git.
2025-08-21 00:32:22.887 [info] > git merge-base refs/heads/main refs/remotes/origin/main [18ms]
2025-08-21 00:32:22.923 [info] > git status -z -uall [12ms]
2025-08-21 00:32:22.923 [info] > git blame --root --incremental 0879da9824105c53851e470c33e1d24a56a40d4e -- games.html [37ms]
2025-08-21 00:32:22.926 [info] > git for-each-ref --sort -committerdate --format %(refname)%00%(objectname)%00%(*objectname) [4ms]
2025-08-21 00:32:22.942 [info] > git diff --name-status -z --diff-filter=ADMR 0879da9824105c53851e470c33e1d24a56a40d4e...refs/remotes/origin/main [42ms]
2025-08-21 00:32:22.944 [info] > git merge-base refs/heads/main refs/remotes/origin/main [3ms]
2025-08-21 00:32:22.960 [info] > git diff --name-status -z --diff-filter=ADMR 0879da9824105c53851e470c33e1d24a56a40d4e...refs/remotes/origin/main [5ms]
2025-08-21 00:35:51.957 [info] > git show --textconv :index.html [11ms]
2025-08-21 00:35:51.958 [info] > git ls-files --stage -- index.html [2ms]
2025-08-21 00:35:51.966 [info] > git cat-file -s df8d2c09e1c9fe76f15ccc2e7853bc8c3674ace1 [2ms]
2025-08-21 00:35:51.982 [info] > git blame --root --incremental 0879da9824105c53851e470c33e1d24a56a40d4e -- index.html [1ms]
2025-08-21 00:36:05.299 [info] > git show --textconv :blog.html [12ms]
2025-08-21 00:36:05.299 [info] > git ls-files --stage -- blog.html [1ms]
2025-08-21 00:36:05.310 [info] > git cat-file -s e69de29bb2d1d6434b8b29ae775ad8c2e48c5391 [2ms]
2025-08-21 00:36:05.327 [info] > git blame --root --incremental 0879da9824105c53851e470c33e1d24a56a40d4e -- blog.html [2ms]
2025-08-21 00:36:07.529 [info] > git show --textconv :news.html [11ms]
2025-08-21 00:36:07.529 [info] > git ls-files --stage -- news.html [1ms]
2025-08-21 00:36:07.537 [info] > git cat-file -s e69de29bb2d1d6434b8b29ae775ad8c2e48c5391 [1ms]
2025-08-21 00:36:07.552 [info] > git blame --root --incremental 0879da9824105c53851e470c33e1d24a56a40d4e -- news.html [1ms]
2025-08-21 00:36:09.292 [info] > git show --textconv :games.html [10ms]
2025-08-21 00:36:09.293 [info] > git ls-files --stage -- games.html [1ms]
2025-08-21 00:36:09.302 [info] > git cat-file -s e69de29bb2d1d6434b8b29ae775ad8c2e48c5391 [2ms]
2025-08-21 00:36:10.196 [info] > git show --textconv :main.css [11ms]
2025-08-21 00:36:10.197 [info] > git ls-files --stage -- main.css [2ms]
2025-08-21 00:36:10.209 [info] > git cat-file -s 1d9f14fa762041f4baf9c9ba03ed81439f1c67fb [2ms]
2025-08-21 00:36:10.234 [info] > git blame --root --incremental 0879da9824105c53851e470c33e1d24a56a40d4e -- main.css [2ms]
2025-08-21 00:37:43.464 [info] > git show --textconv :blog.html [11ms]
2025-08-21 00:37:43.465 [info] > git ls-files --stage -- blog.html [1ms]
2025-08-21 00:37:43.475 [info] > git cat-file -s e69de29bb2d1d6434b8b29ae775ad8c2e48c5391 [1ms]
2025-08-21 00:38:09.316 [info] > git log --format=%H%n%aN%n%aE%n%at%n%ct%n%P%n%D%n%B -z --shortstat --diff-merges=first-parent -n50 --skip=0 --topo-order --decorate=full --stdin [39ms]
2025-08-21 00:38:09.881 [info] > git check-ignore -v -z --stdin [1ms]
2025-08-21 00:38:11.910 [info] > git show --textconv HEAD:main.css [12ms]
2025-08-21 00:38:11.911 [info] > git ls-tree -l HEAD -- main.css [2ms]
2025-08-21 00:39:31.938 [info] > git ls-tree -l HEAD -- main.css [2ms]
2025-08-21 00:39:36.803 [info] > git show --textconv :blog.html [11ms]
2025-08-21 00:39:36.804 [info] > git ls-files --stage -- blog.html [1ms]
2025-08-21 00:39:36.814 [info] > git cat-file -s e69de29bb2d1d6434b8b29ae775ad8c2e48c5391 [1ms]
2025-08-21 00:40:32.533 [info] > git show --textconv :news.html [9ms]
2025-08-21 00:40:32.534 [info] > git ls-files --stage -- news.html [1ms]
2025-08-21 00:40:32.545 [info] > git cat-file -s e69de29bb2d1d6434b8b29ae775ad8c2e48c5391 [1ms]
2025-08-21 00:40:34.382 [info] > git show --textconv :about.html [9ms]
2025-08-21 00:40:34.383 [info] > git ls-files --stage -- about.html [2ms]
2025-08-21 00:40:34.393 [info] > git cat-file -s e69de29bb2d1d6434b8b29ae775ad8c2e48c5391 [1ms]
2025-08-21 00:40:34.408 [info] > git blame --root --incremental 0879da9824105c53851e470c33e1d24a56a40d4e -- about.html [2ms]
2025-08-21 00:42:08.985 [info] > git show --textconv :about.html [8ms]
2025-08-21 00:42:08.986 [info] > git ls-files --stage -- about.html [2ms]
2025-08-21 00:42:08.995 [info] > git cat-file -s e69de29bb2d1d6434b8b29ae775ad8c2e48c5391 [1ms]
2025-08-21 00:42:42.827 [info] > git show --textconv :games.html [9ms]
2025-08-21 00:42:42.828 [info] > git ls-files --stage -- games.html [2ms]
2025-08-21 00:42:42.837 [info] > git cat-file -s e69de29bb2d1d6434b8b29ae775ad8c2e48c5391 [1ms]
2025-08-21 00:42:49.958 [info] > git show --textconv :about.html [10ms]
2025-08-21 00:42:49.958 [info] > git ls-files --stage -- about.html [1ms]
2025-08-21 00:42:49.967 [info] > git cat-file -s e69de29bb2d1d6434b8b29ae775ad8c2e48c5391 [1ms]
2025-08-21 00:43:15.555 [info] > git show --textconv :games.html [10ms]
2025-08-21 00:43:15.556 [info] > git ls-files --stage -- games.html [2ms]
2025-08-21 00:43:15.565 [info] > git cat-file -s e69de29bb2d1d6434b8b29ae775ad8c2e48c5391 [2ms]
2025-08-21 00:43:22.062 [info] > git show --textconv :main.css [10ms]
2025-08-21 00:43:22.063 [info] > git ls-files --stage -- main.css [1ms]
2025-08-21 00:43:22.075 [info] > git cat-file -s 1d9f14fa762041f4baf9c9ba03ed81439f1c67fb [2ms]
2025-08-21 00:46:37.522 [info] > git show --textconv :about.html [12ms]
2025-08-21 00:46:37.523 [info] > git ls-files --stage -- about.html [2ms]
2025-08-21 00:46:37.531 [info] > git cat-file -s e69de29bb2d1d6434b8b29ae775ad8c2e48c5391 [1ms]
