2025-08-21 17:18:48.419 [info] Reading sessions from keychain...
2025-08-21 17:18:48.419 [info] Getting sessions for all scopes...
2025-08-21 17:18:48.419 [info] Got stored sessions!
2025-08-21 17:18:48.419 [info] Got 1 verified sessions.
2025-08-21 17:18:48.419 [info] Got 1 sessions for ...
2025-08-21 17:18:48.419 [info] Getting sessions for all scopes...
2025-08-21 17:18:48.419 [info] Got 1 sessions for ...
2025-08-21 17:18:48.419 [info] Getting sessions for all scopes...
2025-08-21 17:18:48.419 [info] Got 1 sessions for ...
2025-08-21 17:18:48.419 [info] Getting sessions for all scopes...
2025-08-21 17:18:48.419 [info] Got 1 sessions for ...
2025-08-21 17:18:48.419 [info] Getting sessions for all scopes...
2025-08-21 17:18:48.419 [info] Got 1 sessions for ...
2025-08-21 17:18:48.419 [info] Getting sessions for all scopes...
2025-08-21 17:18:48.419 [info] Got 1 sessions for ...
2025-08-21 17:18:48.419 [info] Getting sessions for all scopes...
2025-08-21 17:18:48.419 [info] Got 1 sessions for ...
2025-08-21 17:18:48.419 [info] Getting sessions for all scopes...
2025-08-21 17:18:48.419 [info] Got 1 sessions for ...
2025-08-21 17:18:48.419 [info] Getting sessions for all scopes...
2025-08-21 17:18:48.419 [info] Got 1 sessions for ...
2025-08-21 17:18:48.419 [info] Getting sessions for all scopes...
2025-08-21 17:18:48.419 [info] Got 1 sessions for ...
2025-08-21 17:18:48.419 [info] Getting sessions for all scopes...
2025-08-21 17:18:48.419 [info] Got 1 sessions for ...
2025-08-21 17:18:48.419 [info] Getting sessions for all scopes...
2025-08-21 17:18:48.419 [info] Got 1 sessions for ...
2025-08-21 17:18:48.419 [info] Getting sessions for all scopes...
2025-08-21 17:18:48.419 [info] Got 1 sessions for ...
2025-08-21 17:18:48.419 [info] Getting sessions for all scopes...
2025-08-21 17:18:48.419 [info] Got 1 sessions for ...
2025-08-21 17:18:48.419 [info] Getting sessions for all scopes...
2025-08-21 17:18:48.419 [info] Got 1 sessions for ...
2025-08-21 17:18:48.695 [info] Getting sessions for user:email...
2025-08-21 17:18:48.695 [info] Got 1 sessions for user:email...
2025-08-21 17:18:48.774 [info] Getting sessions for all scopes...
2025-08-21 17:18:48.774 [info] Got 1 sessions for ...
2025-08-21 17:18:50.113 [info] Getting sessions for all scopes...
2025-08-21 17:18:50.113 [info] Got 1 sessions for ...
2025-08-21 17:18:50.113 [info] Getting sessions for all scopes...
2025-08-21 17:18:50.113 [info] Got 1 sessions for ...
2025-08-21 17:18:50.118 [info] Getting sessions for all scopes...
2025-08-21 17:18:50.118 [info] Got 1 sessions for ...
